
UsersController
  GET #edit
    ログインユーザーの場合
[32m      レスポンスが成功すること[0m
[32m      @userが正しく設定されていること[0m

Bookモデルのテスト
  バリデーションのテスト
    titleカラム
[31m      空欄でないこと (FAILED - 1)[0m
    bodyカラム
[31m      空欄でないこと (FAILED - 2)[0m
[31m      200文字以下であること: 200文字は〇 (FAILED - 3)[0m
[31m      200文字以下であること: 201文字は× (FAILED - 4)[0m
  アソシエーションのテスト
    Userモデルとの関係
[32m      N:1となっている[0m

Userモデルのテスト
  バリデーションのテスト
    nameカラム
[32m      空欄でないこと[0m
[31m      2文字以上であること: 1文字は× (FAILED - 5)[0m
[32m      2文字以上であること: 2文字は〇[0m
[32m      20文字以下であること: 20文字は〇[0m
[31m      20文字以下であること: 21文字は× (FAILED - 6)[0m
[31m      一意性があること (FAILED - 7)[0m
    introductionカラム
[32m      50文字以下であること: 50文字は〇[0m
[31m      50文字以下であること: 51文字は× (FAILED - 8)[0m
  アソシエーションのテスト
    Bookモデルとの関係
[32m      1:Nとなっている[0m

[STEP1] ユーザログイン前のテスト
  トップ画面のテスト
    表示内容の確認
[32m      URLが正しい[0m
[32m      Log inリンクが表示される: 青色のボタンの表示が「Log in」である[0m
[32m      Log inリンクの内容が正しい[0m
[32m      Sign upリンクが表示される: 緑色のボタンの表示が「Sign up」である[0m
[32m      Sign upリンクの内容が正しい[0m
  アバウト画面のテスト
    表示内容の確認
[32m      URLが正しい[0m
  ヘッダーのテスト: ログインしていない場合
    表示内容の確認
[32m      Bookersリンクが表示される: 左上から1番目のリンクが「Bookers」である[0m
[32m      Homeリンクが表示される: 左上から2番目のリンクが「Home」である[0m
[32m      Aboutリンクが表示される: 左上から3番目のリンクが「About」である[0m
[32m      Sign upリンクが表示される: 左上から4番目のリンクが「Sign up」である[0m
[32m      Log inリンクが表示される: 左上から5番目のリンクが「Log in」である[0m
    リンクの内容を確認
[32m      Bookersを押すと、トップ画面に遷移する[0m
[32m      Homeを押すと、トップ画面に遷移する[0m
[32m      Aboutを押すと、アバウト画面に遷移する[0m
[32m      Sign upを押すと、新規登録画面に遷移する[0m
[32m      Log inを押すと、ログイン画面に遷移する[0m
  ユーザ新規登録のテスト
    表示内容の確認
[32m      URLが正しい[0m
[32m      「Sign up」と表示される[0m
[32m      nameフォームが表示される[0m
[32m      emailフォームが表示される[0m
[32m      passwordフォームが表示される[0m
[32m      password_confirmationフォームが表示される[0m
[32m      Sign upボタンが表示される[0m
    新規登録成功のテスト
[31m      正しく新規登録される (FAILED - 9)[0m
[31m      新規登録後のリダイレクト先が、新規登録できたユーザの詳細画面になっている (FAILED - 10)[0m
  ユーザログイン
    表示内容の確認
[32m      URLが正しい[0m
[32m      「Log in」と表示される[0m
[32m      nameフォームが表示される[0m
[32m      passwordフォームが表示される[0m
[32m      Log inボタンが表示される[0m
[32m      emailフォームは表示されない[0m
    ログイン成功のテスト
[32m      ログイン後のリダイレクト先が、ログインしたユーザの詳細画面になっている[0m
    ログイン失敗のテスト
[32m      ログインに失敗し、ログイン画面にリダイレクトされる[0m
  ヘッダーのテスト: ログインしている場合
    ヘッダーの表示を確認
[32m      Bookersリンクが表示される: 左上から1番目のリンクが「Bookers」である[0m
[32m      Homeリンクが表示される: 左上から2番目のリンクが「Home」である[0m
[32m      Usersリンクが表示される: 左上から3番目のリンクが「Users」である[0m
[32m      Booksリンクが表示される: 左上から4番目のリンクが「Books」である[0m
[32m      Log outリンクが表示される: 左上から5番目のリンクが「Log out」である[0m
  ユーザログアウトのテスト
    ログアウト機能のテスト
[32m      正しくログアウトできている: ログアウト後のリダイレクト先においてAbout画面へのリンクが存在する[0m
[32m      ログアウト後のリダイレクト先が、トップになっている[0m

[STEP2] ユーザログイン後のテスト
  ヘッダーのテスト: ログインしている場合
    リンクの内容を確認: ※logoutは『ユーザログアウトのテスト』でテスト済みになります。
[31m      Homeを押すと、自分のユーザ詳細画面に遷移する (FAILED - 11)[0m
[31m      Usersを押すと、ユーザ一覧画面に遷移する (FAILED - 12)[0m
[31m      Booksを押すと、投稿一覧画面に遷移する (FAILED - 13)[0m
  投稿一覧画面のテスト
    表示内容の確認
[31m      URLが正しい (FAILED - 14)[0m
[31m      自分と他人の画像のリンク先が正しい (FAILED - 15)[0m
[31m      自分の投稿と他人の投稿のタイトルのリンク先がそれぞれ正しい (FAILED - 16)[0m
[31m      自分の投稿と他人の投稿のオピニオンが表示される (FAILED - 17)[0m
    サイドバーの確認
[31m      自分の名前と紹介文が表示される (FAILED - 18)[0m
[31m      自分のユーザ編集画面へのリンクが存在する (FAILED - 19)[0m
[31m      「New book」と表示される (FAILED - 20)[0m
[31m      titleフォームが表示される (FAILED - 21)[0m
[31m      titleフォームに値が入っていない (FAILED - 22)[0m
[31m      bodyフォームが表示される (FAILED - 23)[0m
[31m      bodyフォームに値が入っていない (FAILED - 24)[0m
[31m      Create Bookボタンが表示される (FAILED - 25)[0m
    投稿成功のテスト
[31m      自分の新しい投稿が正しく保存される (FAILED - 26)[0m
[31m      リダイレクト先が、保存できた投稿の詳細画面になっている (FAILED - 27)[0m
  自分の投稿詳細画面のテスト
    表示内容の確認
[31m      URLが正しい (FAILED - 28)[0m
[31m      「Book detail」と表示される (FAILED - 29)[0m
[31m      ユーザ画像・名前のリンク先が正しい (FAILED - 30)[0m
[31m      投稿のtitleが表示される (FAILED - 31)[0m
[31m      投稿のbodyが表示される (FAILED - 32)[0m
[31m      投稿の編集リンクが表示される (FAILED - 33)[0m
[31m      投稿の削除リンクが表示される (FAILED - 34)[0m
    サイドバーの確認
[31m      自分の名前と紹介文が表示される (FAILED - 35)[0m
[31m      自分のユーザ編集画面へのリンクが存在する (FAILED - 36)[0m
[31m      「New book」と表示される (FAILED - 37)[0m
[31m      titleフォームが表示される (FAILED - 38)[0m
[31m      titleフォームに値が入っていない (FAILED - 39)[0m
[31m      bodyフォームが表示される (FAILED - 40)[0m
[31m      bodyフォームに値が入っていない (FAILED - 41)[0m
[31m      Create Bookボタンが表示される (FAILED - 42)[0m
    投稿成功のテスト
[31m      自分の新しい投稿が正しく保存される (FAILED - 43)[0m
    編集リンクのテスト
[31m      編集画面に遷移する (FAILED - 44)[0m
    削除リンクのテスト
[31m      application.html.erbにjavascript_pack_tagを含んでいる (FAILED - 45)[0m
[31m      正しく削除される (FAILED - 46)[0m
[31m      リダイレクト先が、投稿一覧画面になっている (FAILED - 47)[0m
  自分の投稿編集画面のテスト
    表示の確認
[31m      URLが正しい (FAILED - 48)[0m
[31m      「Editing Book」と表示される (FAILED - 49)[0m
[31m      title編集フォームが表示される (FAILED - 50)[0m
[31m      body編集フォームが表示される (FAILED - 51)[0m
[31m      Update Bookボタンが表示される (FAILED - 52)[0m
[31m      Showリンクが表示される (FAILED - 53)[0m
[31m      Backリンクが表示される (FAILED - 54)[0m
    編集成功のテスト
[31m      titleが正しく更新される (FAILED - 55)[0m
[31m      bodyが正しく更新される (FAILED - 56)[0m
[31m      リダイレクト先が、更新した投稿の詳細画面になっている (FAILED - 57)[0m
  ユーザ一覧画面のテスト
    表示内容の確認
[31m      URLが正しい (FAILED - 58)[0m
[31m      自分と他人の画像が表示される: fallbackの画像がサイドバーの1つ＋一覧(2人)の2つの計3つ存在する (FAILED - 59)[0m
[31m      自分と他人の名前がそれぞれ表示される (FAILED - 60)[0m
[31m      自分と他人のshowリンクがそれぞれ表示される (FAILED - 61)[0m
    サイドバーの確認
[31m      自分の名前と紹介文が表示される (FAILED - 62)[0m
[31m      自分のユーザ編集画面へのリンクが存在する (FAILED - 63)[0m
[31m      「New book」と表示される (FAILED - 64)[0m
[31m      titleフォームが表示される (FAILED - 65)[0m
[31m      titleフォームに値が入っていない (FAILED - 66)[0m
[31m      bodyフォームが表示される (FAILED - 67)[0m
[31m      bodyフォームに値が入っていない (FAILED - 68)[0m
[31m      Create Bookボタンが表示される (FAILED - 69)[0m
  自分のユーザ詳細画面のテスト
    表示の確認
[31m      URLが正しい (FAILED - 70)[0m
[31m      投稿一覧のユーザ画像のリンク先が正しい (FAILED - 71)[0m
[31m      投稿一覧に自分の投稿のtitleが表示され、リンクが正しい (FAILED - 72)[0m
[31m      投稿一覧に自分の投稿のbodyが表示される (FAILED - 73)[0m
[31m      他人の投稿は表示されない (FAILED - 74)[0m
    サイドバーの確認
[31m      自分の名前と紹介文が表示される (FAILED - 75)[0m
[31m      自分のユーザ編集画面へのリンクが存在する (FAILED - 76)[0m
[31m      「New book」と表示される (FAILED - 77)[0m
[31m      titleフォームが表示される (FAILED - 78)[0m
[31m      titleフォームに値が入っていない (FAILED - 79)[0m
[31m      bodyフォームが表示される (FAILED - 80)[0m
[31m      bodyフォームに値が入っていない (FAILED - 81)[0m
[31m      Create Bookボタンが表示される (FAILED - 82)[0m
  自分のユーザ情報編集画面のテスト
    表示の確認
[31m      URLが正しい (FAILED - 83)[0m
[31m      名前編集フォームに自分の名前が表示される (FAILED - 84)[0m
[31m      画像編集フォームが表示される (FAILED - 85)[0m
[31m      自己紹介編集フォームに自分の自己紹介文が表示される (FAILED - 86)[0m
[31m      Update Userボタンが表示される (FAILED - 87)[0m
    更新成功のテスト
[31m      nameが正しく更新される (FAILED - 88)[0m
[31m      introductionが正しく更新される (FAILED - 89)[0m
[31m      リダイレクト先が、自分のユーザ詳細画面になっている (FAILED - 90)[0m

[STEP3] 仕上げのテスト
  サクセスメッセージのテスト
[31m    ユーザ新規登録成功時 (FAILED - 91)[0m
[31m    ユーザログイン成功時 (FAILED - 92)[0m
[31m    ユーザログアウト成功時 (FAILED - 93)[0m
[31m    ユーザのプロフィール情報更新成功時 (FAILED - 94)[0m
[31m    投稿データの新規投稿成功時: 投稿一覧画面から行います。 (FAILED - 95)[0m
[31m    投稿データの更新成功時 (FAILED - 96)[0m
  処理失敗時のテスト
    ユーザ新規登録失敗: nameを1文字にする
[31m      新規登録されない (FAILED - 97)[0m
[31m      新規登録画面を表示しており、フォームの内容が正しい (FAILED - 98)[0m
[31m      バリデーションエラーが表示される (FAILED - 99)[0m
    ユーザのプロフィール情報編集失敗: nameを1文字にする
[31m      更新されない (FAILED - 100)[0m
[31m      ユーザ編集画面を表示しており、フォームの内容が正しい (FAILED - 101)[0m
[31m      バリデーションエラーが表示される (FAILED - 102)[0m
    投稿データの新規投稿失敗: 投稿一覧画面から行い、titleを空にする
[31m      投稿が保存されない (FAILED - 103)[0m
[31m      投稿一覧画面を表示している (FAILED - 104)[0m
[31m      新規投稿フォームの内容が正しい (FAILED - 105)[0m
[31m      バリデーションエラーが表示される (FAILED - 106)[0m
    投稿データの更新失敗: titleを空にする
[31m      投稿が更新されない (FAILED - 107)[0m
[31m      投稿編集画面を表示しており、フォームの内容が正しい (FAILED - 108)[0m
[31m      エラーメッセージが表示される (FAILED - 109)[0m
  ログインしていない場合のアクセス制限のテスト: アクセスできず、ログイン画面に遷移する
[31m    ユーザ一覧画面 (FAILED - 110)[0m
[31m    ユーザ詳細画面 (FAILED - 111)[0m
[31m    ユーザ情報編集画面 (FAILED - 112)[0m
[31m    投稿一覧画面 (FAILED - 113)[0m
[31m    投稿詳細画面 (FAILED - 114)[0m
[31m    投稿編集画面 (FAILED - 115)[0m
  他人の画面のテスト
    他人の投稿詳細画面のテスト
      表示内容の確認
[31m        URLが正しい (FAILED - 116)[0m
[31m        「Book detail」と表示される (FAILED - 117)[0m
[31m        ユーザ画像・名前のリンク先が正しい (FAILED - 118)[0m
[31m        投稿のtitleが表示される (FAILED - 119)[0m
[31m        投稿のopinionが表示される (FAILED - 120)[0m
[31m        投稿の編集リンクが表示されない (FAILED - 121)[0m
[31m        投稿の削除リンクが表示されない (FAILED - 122)[0m
      サイドバーの確認
[31m        他人の名前と紹介文が表示される (FAILED - 123)[0m
[31m        他人のユーザ編集画面へのリンクが存在する (FAILED - 124)[0m
[31m        自分の名前と紹介文は表示されない (FAILED - 125)[0m
[31m        自分のユーザ編集画面へのリンクは存在しない (FAILED - 126)[0m
    他人の投稿編集画面
[31m      遷移できず、投稿一覧画面にリダイレクトされる (FAILED - 127)[0m
    他人のユーザ詳細画面のテスト
      表示の確認
[31m        URLが正しい (FAILED - 128)[0m
[31m        投稿一覧のユーザ画像のリンク先が正しい (FAILED - 129)[0m
[31m        投稿一覧に他人の投稿のtitleが表示され、リンクが正しい (FAILED - 130)[0m
[31m        投稿一覧に他人の投稿のopinionが表示される (FAILED - 131)[0m
[31m        自分の投稿は表示されない (FAILED - 132)[0m
      サイドバーの確認
[31m        他人の名前と紹介文が表示される (FAILED - 133)[0m
[31m        他人のユーザ編集画面へのリンクが存在する (FAILED - 134)[0m
[31m        自分の名前と紹介文は表示されない (FAILED - 135)[0m
[31m        自分のユーザ編集画面へのリンクは存在しない (FAILED - 136)[0m
    他人のユーザ情報編集画面
[31m      遷移できず、自分のユーザ詳細画面にリダイレクトされる (FAILED - 137)[0m
  グリッドシステムのテスト: container, row, col-md-〇を正しく使えている
[31m    ユーザ一覧画面 (FAILED - 138)[0m
[31m    ユーザ詳細画面 (FAILED - 139)[0m
[31m    投稿一覧画面 (FAILED - 140)[0m
[31m    投稿詳細画面 (FAILED - 141)[0m
  アイコンのテスト
    トップ画面
[31m      本のアイコンが表示される (FAILED - 142)[0m
    アバウト画面
[31m      本のアイコンが表示される (FAILED - 143)[0m
    ヘッダー: ログインしていない場合
[31m      Homeリンクのアイコンが表示される (FAILED - 144)[0m
[31m      Aboutリンクのアイコンが表示される (FAILED - 145)[0m
[31m      Sign upリンクのアイコンが表示される (FAILED - 146)[0m
[31m      Log inリンクのアイコンが表示される (FAILED - 147)[0m
    ヘッダー: ログインしている場合
[31m      Homeリンクのアイコンが表示される (FAILED - 148)[0m
[31m      Usersリンクのアイコンが表示される (FAILED - 149)[0m
[31m      Booksリンクのアイコンが表示される (FAILED - 150)[0m
[31m      Log outリンクのアイコンが表示される (FAILED - 151)[0m
    サイドバー
[31m      ユーザ一覧画面でレンチアイコンが表示される (FAILED - 152)[0m
[31m      ユーザ詳細画面でレンチアイコンが表示される (FAILED - 153)[0m
[31m      投稿一覧画面でレンチアイコンが表示される (FAILED - 154)[0m
[31m      投稿詳細画面でレンチアイコンが表示される (FAILED - 155)[0m

Failures:

  1) Bookモデルのテスト バリデーションのテスト titleカラム 空欄でないこと
     [31mFailure/Error: subject { book.valid? }[0m
     [31m[0m
     [31mNoMethodError:[0m
     [31m  undefined method `name' for #<Book id: nil, title: "", body: "5wmmsyjtfokak6p9rjl4", user_id: 1, created_at: nil, updated_at: nil>[0m
     [36m# ./spec/models/book_spec.rb:5:in `block (3 levels) in <main>'[0m
     [36m# ./spec/models/book_spec.rb:13:in `block (4 levels) in <main>'[0m

  2) Bookモデルのテスト バリデーションのテスト bodyカラム 空欄でないこと
     [31mFailure/Error: subject { book.valid? }[0m
     [31m[0m
     [31mNoMethodError:[0m
     [31m  undefined method `name' for #<Book id: nil, title: "5xfuh", body: "", user_id: 1, created_at: nil, updated_at: nil>[0m
     [36m# ./spec/models/book_spec.rb:5:in `block (3 levels) in <main>'[0m
     [36m# ./spec/models/book_spec.rb:20:in `block (4 levels) in <main>'[0m

  3) Bookモデルのテスト バリデーションのテスト bodyカラム 200文字以下であること: 200文字は〇
     [31mFailure/Error: subject { book.valid? }[0m
     [31m[0m
     [31mNoMethodError:[0m
     [31m  undefined method `name' for #<Book id: nil, title: "xug3a", body: "uwb3v9705oxuwr16ciihwwcbwp43q81q7plmy8buyq5d51tux1...", user_id: 1, created_at: nil, updated_at: nil>[0m
     [36m# ./spec/models/book_spec.rb:5:in `block (3 levels) in <main>'[0m
     [36m# ./spec/models/book_spec.rb:24:in `block (4 levels) in <main>'[0m

  4) Bookモデルのテスト バリデーションのテスト bodyカラム 200文字以下であること: 201文字は×
     [31mFailure/Error: subject { book.valid? }[0m
     [31m[0m
     [31mNoMethodError:[0m
     [31m  undefined method `name' for #<Book id: nil, title: "g6du4", body: "w4112rksnphgtg7928vovk6yaog6rh8ucncypite4bt2elkcfx...", user_id: 1, created_at: nil, updated_at: nil>[0m
     [36m# ./spec/models/book_spec.rb:5:in `block (3 levels) in <main>'[0m
     [36m# ./spec/models/book_spec.rb:28:in `block (4 levels) in <main>'[0m

  5) Userモデルのテスト バリデーションのテスト nameカラム 2文字以上であること: 1文字は×
     [31mFailure/Error: is_expected.to eq false[0m
     [31m[0m
     [31m  expected: false[0m
     [31m       got: true[0m
     [31m[0m
     [31m  (compared using ==)[0m
     [31m[0m
     [31m  Diff:[0m[0m
     [31m  [0m[34m@@ -1 +1 @@[0m
     [31m  [0m[31m-false[0m
     [31m  [0m[32m+true[0m
     [31m  [0m[0m
     [36m# ./spec/models/user_spec.rb:17:in `block (4 levels) in <main>'[0m

  6) Userモデルのテスト バリデーションのテスト nameカラム 20文字以下であること: 21文字は×
     [31mFailure/Error: is_expected.to eq false[0m
     [31m[0m
     [31m  expected: false[0m
     [31m       got: true[0m
     [31m[0m
     [31m  (compared using ==)[0m
     [31m[0m
     [31m  Diff:[0m[0m
     [31m  [0m[34m@@ -1 +1 @@[0m
     [31m  [0m[31m-false[0m
     [31m  [0m[32m+true[0m
     [31m  [0m[0m
     [36m# ./spec/models/user_spec.rb:29:in `block (4 levels) in <main>'[0m

  7) Userモデルのテスト バリデーションのテスト nameカラム 一意性があること
     [31mFailure/Error: is_expected.to eq false[0m
     [31m[0m
     [31m  expected: false[0m
     [31m       got: true[0m
     [31m[0m
     [31m  (compared using ==)[0m
     [31m[0m
     [31m  Diff:[0m[0m
     [31m  [0m[34m@@ -1 +1 @@[0m
     [31m  [0m[31m-false[0m
     [31m  [0m[32m+true[0m
     [31m  [0m[0m
     [36m# ./spec/models/user_spec.rb:33:in `block (4 levels) in <main>'[0m

  8) Userモデルのテスト バリデーションのテスト introductionカラム 50文字以下であること: 51文字は×
     [31mFailure/Error: is_expected.to eq false[0m
     [31m[0m
     [31m  expected: false[0m
     [31m       got: true[0m
     [31m[0m
     [31m  (compared using ==)[0m
     [31m[0m
     [31m  Diff:[0m[0m
     [31m  [0m[34m@@ -1 +1 @@[0m
     [31m  [0m[31m-false[0m
     [31m  [0m[32m+true[0m
     [31m  [0m[0m
     [36m# ./spec/models/user_spec.rb:44:in `block (4 levels) in <main>'[0m

  9) [STEP1] ユーザログイン前のテスト ユーザ新規登録のテスト 新規登録成功のテスト 正しく新規登録される
     [31mFailure/Error: expect { click_button 'Sign up' }.to change(User.all, :count).by(1)[0m
     [31m  expected `User::ActiveRecord_Relation#count` to have changed by 1, but was changed by 0[0m
     [36m# ./spec/system/01_before_login_spec.rb:148:in `block (4 levels) in <main>'[0m

  10) [STEP1] ユーザログイン前のテスト ユーザ新規登録のテスト 新規登録成功のテスト 新規登録後のリダイレクト先が、新規登録できたユーザの詳細画面になっている
      [31mFailure/Error: expect(current_path).to eq '/users/' + User.last.id.to_s[0m
      [31m[0m
      [31mNoMethodError:[0m
      [31m  undefined method `id' for nil:NilClass[0m
      [31m[0m
      [31m          expect(current_path).to eq '/users/' + User.last.id.to_s[0m
      [31m                                                          ^^^[0m
      [36m# ./spec/system/01_before_login_spec.rb:152:in `block (4 levels) in <main>'[0m

  11) [STEP2] ユーザログイン後のテスト ヘッダーのテスト: ログインしている場合 リンクの内容を確認: ※logoutは『ユーザログアウトのテスト』でテスト済みになります。 Homeを押すと、自分のユーザ詳細画面に遷移する
      [31mFailure/Error: let!(:book) { create(:book, user: user) }[0m
      [31m[0m
      [31mNoMethodError:[0m
      [31m  undefined method `name' for #<Book id: nil, title: "2m4tc", body: "v04izz0lm1uh8uvl3maq", user_id: 1, created_at: nil, updated_at: nil>[0m
      [36m# /home/ec2-user/.rvm/gems/ruby-3.1.2/gems/factory_bot-6.4.6/lib/factory_bot/evaluation.rb:15:in `create'[0m
      [36m# /home/ec2-user/.rvm/gems/ruby-3.1.2/gems/factory_bot-6.4.6/lib/factory_bot/strategy/create.rb:12:in `block in result'[0m
      [36m# /home/ec2-user/.rvm/gems/ruby-3.1.2/gems/factory_bot-6.4.6/lib/factory_bot/strategy/create.rb:9:in `result'[0m
      [36m# /home/ec2-user/.rvm/gems/ruby-3.1.2/gems/factory_bot-6.4.6/lib/factory_bot/factory.rb:43:in `run'[0m
      [36m# /home/ec2-user/.rvm/gems/ruby-3.1.2/gems/factory_bot-6.4.6/lib/factory_bot/factory_runner.rb:29:in `block in run'[0m
      [36m# /home/ec2-user/.rvm/gems/ruby-3.1.2/gems/factory_bot-6.4.6/lib/factory_bot/factory_runner.rb:28:in `run'[0m
      [36m# /home/ec2-user/.rvm/gems/ruby-3.1.2/gems/factory_bot-6.4.6/lib/factory_bot/strategy_syntax_method_registrar.rb:28:in `block in define_singular_strategy_method'[0m
      [36m# ./spec/system/02_after_login_spec.rb:6:in `block (2 levels) in <main>'[0m

  12) [STEP2] ユーザログイン後のテスト ヘッダーのテスト: ログインしている場合 リンクの内容を確認: ※logoutは『ユーザログアウトのテスト』でテスト済みになります。 Usersを押すと、ユーザ一覧画面に遷移する
      [31mFailure/Error: let!(:book) { create(:book, user: user) }[0m
      [31m[0m
      [31mNoMethodError:[0m
      [31m  undefined method `name' for #<Book id: nil, title: "ica7d", body: "oaz0dep8d27lct9ylyyn", user_id: 1, created_at: nil, updated_at: nil>[0m
      [36m# /home/ec2-user/.rvm/gems/ruby-3.1.2/gems/factory_bot-6.4.6/lib/factory_bot/evaluation.rb:15:in `create'[0m
      [36m# /home/ec2-user/.rvm/gems/ruby-3.1.2/gems/factory_bot-6.4.6/lib/factory_bot/strategy/create.rb:12:in `block in result'[0m
      [36m# /home/ec2-user/.rvm/gems/ruby-3.1.2/gems/factory_bot-6.4.6/lib/factory_bot/strategy/create.rb:9:in `result'[0m
      [36m# /home/ec2-user/.rvm/gems/ruby-3.1.2/gems/factory_bot-6.4.6/lib/factory_bot/factory.rb:43:in `run'[0m
      [36m# /home/ec2-user/.rvm/gems/ruby-3.1.2/gems/factory_bot-6.4.6/lib/factory_bot/factory_runner.rb:29:in `block in run'[0m
      [36m# /home/ec2-user/.rvm/gems/ruby-3.1.2/gems/factory_bot-6.4.6/lib/factory_bot/factory_runner.rb:28:in `run'[0m
      [36m# /home/ec2-user/.rvm/gems/ruby-3.1.2/gems/factory_bot-6.4.6/lib/factory_bot/strategy_syntax_method_registrar.rb:28:in `block in define_singular_strategy_method'[0m
      [36m# ./spec/system/02_after_login_spec.rb:6:in `block (2 levels) in <main>'[0m

  13) [STEP2] ユーザログイン後のテスト ヘッダーのテスト: ログインしている場合 リンクの内容を確認: ※logoutは『ユーザログアウトのテスト』でテスト済みになります。 Booksを押すと、投稿一覧画面に遷移する
      [31mFailure/Error: let!(:book) { create(:book, user: user) }[0m
      [31m[0m
      [31mNoMethodError:[0m
      [31m  undefined method `name' for #<Book id: nil, title: "9qqi6", body: "orciv5nofw40ck5wq5r5", user_id: 1, created_at: nil, updated_at: nil>[0m
      [36m# /home/ec2-user/.rvm/gems/ruby-3.1.2/gems/factory_bot-6.4.6/lib/factory_bot/evaluation.rb:15:in `create'[0m
      [36m# /home/ec2-user/.rvm/gems/ruby-3.1.2/gems/factory_bot-6.4.6/lib/factory_bot/strategy/create.rb:12:in `block in result'[0m
      [36m# /home/ec2-user/.rvm/gems/ruby-3.1.2/gems/factory_bot-6.4.6/lib/factory_bot/strategy/create.rb:9:in `result'[0m
      [36m# /home/ec2-user/.rvm/gems/ruby-3.1.2/gems/factory_bot-6.4.6/lib/factory_bot/factory.rb:43:in `run'[0m
      [36m# /home/ec2-user/.rvm/gems/ruby-3.1.2/gems/factory_bot-6.4.6/lib/factory_bot/factory_runner.rb:29:in `block in run'[0m
      [36m# /home/ec2-user/.rvm/gems/ruby-3.1.2/gems/factory_bot-6.4.6/lib/factory_bot/factory_runner.rb:28:in `run'[0m
      [36m# /home/ec2-user/.rvm/gems/ruby-3.1.2/gems/factory_bot-6.4.6/lib/factory_bot/strategy_syntax_method_registrar.rb:28:in `block in define_singular_strategy_method'[0m
      [36m# ./spec/system/02_after_login_spec.rb:6:in `block (2 levels) in <main>'[0m

  14) [STEP2] ユーザログイン後のテスト 投稿一覧画面のテスト 表示内容の確認 URLが正しい
      [31mFailure/Error: let!(:book) { create(:book, user: user) }[0m
      [31m[0m
      [31mNoMethodError:[0m
      [31m  undefined method `name' for #<Book id: nil, title: "6j7qb", body: "h10fm8xhqrjz7oqz8dkd", user_id: 1, created_at: nil, updated_at: nil>[0m
      [36m# /home/ec2-user/.rvm/gems/ruby-3.1.2/gems/factory_bot-6.4.6/lib/factory_bot/evaluation.rb:15:in `create'[0m
      [36m# /home/ec2-user/.rvm/gems/ruby-3.1.2/gems/factory_bot-6.4.6/lib/factory_bot/strategy/create.rb:12:in `block in result'[0m
      [36m# /home/ec2-user/.rvm/gems/ruby-3.1.2/gems/factory_bot-6.4.6/lib/factory_bot/strategy/create.rb:9:in `result'[0m
      [36m# /home/ec2-user/.rvm/gems/ruby-3.1.2/gems/factory_bot-6.4.6/lib/factory_bot/factory.rb:43:in `run'[0m
      [36m# /home/ec2-user/.rvm/gems/ruby-3.1.2/gems/factory_bot-6.4.6/lib/factory_bot/factory_runner.rb:29:in `block in run'[0m
      [36m# /home/ec2-user/.rvm/gems/ruby-3.1.2/gems/factory_bot-6.4.6/lib/factory_bot/factory_runner.rb:28:in `run'[0m
      [36m# /home/ec2-user/.rvm/gems/ruby-3.1.2/gems/factory_bot-6.4.6/lib/factory_bot/strategy_syntax_method_registrar.rb:28:in `block in define_singular_strategy_method'[0m
      [36m# ./spec/system/02_after_login_spec.rb:6:in `block (2 levels) in <main>'[0m

  15) [STEP2] ユーザログイン後のテスト 投稿一覧画面のテスト 表示内容の確認 自分と他人の画像のリンク先が正しい
      [31mFailure/Error: let!(:book) { create(:book, user: user) }[0m
      [31m[0m
      [31mNoMethodError:[0m
      [31m  undefined method `name' for #<Book id: nil, title: "ghcvx", body: "n67oprmq5bebrb548qsh", user_id: 1, created_at: nil, updated_at: nil>[0m
      [36m# /home/ec2-user/.rvm/gems/ruby-3.1.2/gems/factory_bot-6.4.6/lib/factory_bot/evaluation.rb:15:in `create'[0m
      [36m# /home/ec2-user/.rvm/gems/ruby-3.1.2/gems/factory_bot-6.4.6/lib/factory_bot/strategy/create.rb:12:in `block in result'[0m
      [36m# /home/ec2-user/.rvm/gems/ruby-3.1.2/gems/factory_bot-6.4.6/lib/factory_bot/strategy/create.rb:9:in `result'[0m
      [36m# /home/ec2-user/.rvm/gems/ruby-3.1.2/gems/factory_bot-6.4.6/lib/factory_bot/factory.rb:43:in `run'[0m
      [36m# /home/ec2-user/.rvm/gems/ruby-3.1.2/gems/factory_bot-6.4.6/lib/factory_bot/factory_runner.rb:29:in `block in run'[0m
      [36m# /home/ec2-user/.rvm/gems/ruby-3.1.2/gems/factory_bot-6.4.6/lib/factory_bot/factory_runner.rb:28:in `run'[0m
      [36m# /home/ec2-user/.rvm/gems/ruby-3.1.2/gems/factory_bot-6.4.6/lib/factory_bot/strategy_syntax_method_registrar.rb:28:in `block in define_singular_strategy_method'[0m
      [36m# ./spec/system/02_after_login_spec.rb:6:in `block (2 levels) in <main>'[0m

  16) [STEP2] ユーザログイン後のテスト 投稿一覧画面のテスト 表示内容の確認 自分の投稿と他人の投稿のタイトルのリンク先がそれぞれ正しい
      [31mFailure/Error: let!(:book) { create(:book, user: user) }[0m
      [31m[0m
      [31mNoMethodError:[0m
      [31m  undefined method `name' for #<Book id: nil, title: "ej4w7", body: "e1vv6a3kxiwpspz1f2cy", user_id: 1, created_at: nil, updated_at: nil>[0m
      [36m# /home/ec2-user/.rvm/gems/ruby-3.1.2/gems/factory_bot-6.4.6/lib/factory_bot/evaluation.rb:15:in `create'[0m
      [36m# /home/ec2-user/.rvm/gems/ruby-3.1.2/gems/factory_bot-6.4.6/lib/factory_bot/strategy/create.rb:12:in `block in result'[0m
      [36m# /home/ec2-user/.rvm/gems/ruby-3.1.2/gems/factory_bot-6.4.6/lib/factory_bot/strategy/create.rb:9:in `result'[0m
      [36m# /home/ec2-user/.rvm/gems/ruby-3.1.2/gems/factory_bot-6.4.6/lib/factory_bot/factory.rb:43:in `run'[0m
      [36m# /home/ec2-user/.rvm/gems/ruby-3.1.2/gems/factory_bot-6.4.6/lib/factory_bot/factory_runner.rb:29:in `block in run'[0m
      [36m# /home/ec2-user/.rvm/gems/ruby-3.1.2/gems/factory_bot-6.4.6/lib/factory_bot/factory_runner.rb:28:in `run'[0m
      [36m# /home/ec2-user/.rvm/gems/ruby-3.1.2/gems/factory_bot-6.4.6/lib/factory_bot/strategy_syntax_method_registrar.rb:28:in `block in define_singular_strategy_method'[0m
      [36m# ./spec/system/02_after_login_spec.rb:6:in `block (2 levels) in <main>'[0m

  17) [STEP2] ユーザログイン後のテスト 投稿一覧画面のテスト 表示内容の確認 自分の投稿と他人の投稿のオピニオンが表示される
      [31mFailure/Error: let!(:book) { create(:book, user: user) }[0m
      [31m[0m
      [31mNoMethodError:[0m
      [31m  undefined method `name' for #<Book id: nil, title: "2plnn", body: "kocmtponkcxi24x60jbw", user_id: 1, created_at: nil, updated_at: nil>[0m
      [36m# /home/ec2-user/.rvm/gems/ruby-3.1.2/gems/factory_bot-6.4.6/lib/factory_bot/evaluation.rb:15:in `create'[0m
      [36m# /home/ec2-user/.rvm/gems/ruby-3.1.2/gems/factory_bot-6.4.6/lib/factory_bot/strategy/create.rb:12:in `block in result'[0m
      [36m# /home/ec2-user/.rvm/gems/ruby-3.1.2/gems/factory_bot-6.4.6/lib/factory_bot/strategy/create.rb:9:in `result'[0m
      [36m# /home/ec2-user/.rvm/gems/ruby-3.1.2/gems/factory_bot-6.4.6/lib/factory_bot/factory.rb:43:in `run'[0m
      [36m# /home/ec2-user/.rvm/gems/ruby-3.1.2/gems/factory_bot-6.4.6/lib/factory_bot/factory_runner.rb:29:in `block in run'[0m
      [36m# /home/ec2-user/.rvm/gems/ruby-3.1.2/gems/factory_bot-6.4.6/lib/factory_bot/factory_runner.rb:28:in `run'[0m
      [36m# /home/ec2-user/.rvm/gems/ruby-3.1.2/gems/factory_bot-6.4.6/lib/factory_bot/strategy_syntax_method_registrar.rb:28:in `block in define_singular_strategy_method'[0m
      [36m# ./spec/system/02_after_login_spec.rb:6:in `block (2 levels) in <main>'[0m

  18) [STEP2] ユーザログイン後のテスト 投稿一覧画面のテスト サイドバーの確認 自分の名前と紹介文が表示される
      [31mFailure/Error: let!(:book) { create(:book, user: user) }[0m
      [31m[0m
      [31mNoMethodError:[0m
      [31m  undefined method `name' for #<Book id: nil, title: "v3k9z", body: "ql4tn0dc7h5xxh874zx3", user_id: 1, created_at: nil, updated_at: nil>[0m
      [36m# /home/ec2-user/.rvm/gems/ruby-3.1.2/gems/factory_bot-6.4.6/lib/factory_bot/evaluation.rb:15:in `create'[0m
      [36m# /home/ec2-user/.rvm/gems/ruby-3.1.2/gems/factory_bot-6.4.6/lib/factory_bot/strategy/create.rb:12:in `block in result'[0m
      [36m# /home/ec2-user/.rvm/gems/ruby-3.1.2/gems/factory_bot-6.4.6/lib/factory_bot/strategy/create.rb:9:in `result'[0m
      [36m# /home/ec2-user/.rvm/gems/ruby-3.1.2/gems/factory_bot-6.4.6/lib/factory_bot/factory.rb:43:in `run'[0m
      [36m# /home/ec2-user/.rvm/gems/ruby-3.1.2/gems/factory_bot-6.4.6/lib/factory_bot/factory_runner.rb:29:in `block in run'[0m
      [36m# /home/ec2-user/.rvm/gems/ruby-3.1.2/gems/factory_bot-6.4.6/lib/factory_bot/factory_runner.rb:28:in `run'[0m
      [36m# /home/ec2-user/.rvm/gems/ruby-3.1.2/gems/factory_bot-6.4.6/lib/factory_bot/strategy_syntax_method_registrar.rb:28:in `block in define_singular_strategy_method'[0m
      [36m# ./spec/system/02_after_login_spec.rb:6:in `block (2 levels) in <main>'[0m

  19) [STEP2] ユーザログイン後のテスト 投稿一覧画面のテスト サイドバーの確認 自分のユーザ編集画面へのリンクが存在する
      [31mFailure/Error: let!(:book) { create(:book, user: user) }[0m
      [31m[0m
      [31mNoMethodError:[0m
      [31m  undefined method `name' for #<Book id: nil, title: "6ybs9", body: "dd9e5y06tqg1di725x7m", user_id: 1, created_at: nil, updated_at: nil>[0m
      [36m# /home/ec2-user/.rvm/gems/ruby-3.1.2/gems/factory_bot-6.4.6/lib/factory_bot/evaluation.rb:15:in `create'[0m
      [36m# /home/ec2-user/.rvm/gems/ruby-3.1.2/gems/factory_bot-6.4.6/lib/factory_bot/strategy/create.rb:12:in `block in result'[0m
      [36m# /home/ec2-user/.rvm/gems/ruby-3.1.2/gems/factory_bot-6.4.6/lib/factory_bot/strategy/create.rb:9:in `result'[0m
      [36m# /home/ec2-user/.rvm/gems/ruby-3.1.2/gems/factory_bot-6.4.6/lib/factory_bot/factory.rb:43:in `run'[0m
      [36m# /home/ec2-user/.rvm/gems/ruby-3.1.2/gems/factory_bot-6.4.6/lib/factory_bot/factory_runner.rb:29:in `block in run'[0m
      [36m# /home/ec2-user/.rvm/gems/ruby-3.1.2/gems/factory_bot-6.4.6/lib/factory_bot/factory_runner.rb:28:in `run'[0m
      [36m# /home/ec2-user/.rvm/gems/ruby-3.1.2/gems/factory_bot-6.4.6/lib/factory_bot/strategy_syntax_method_registrar.rb:28:in `block in define_singular_strategy_method'[0m
      [36m# ./spec/system/02_after_login_spec.rb:6:in `block (2 levels) in <main>'[0m

  20) [STEP2] ユーザログイン後のテスト 投稿一覧画面のテスト サイドバーの確認 「New book」と表示される
      [31mFailure/Error: let!(:book) { create(:book, user: user) }[0m
      [31m[0m
      [31mNoMethodError:[0m
      [31m  undefined method `name' for #<Book id: nil, title: "vp56l", body: "n45ljop075eeoode2ygp", user_id: 1, created_at: nil, updated_at: nil>[0m
      [36m# /home/ec2-user/.rvm/gems/ruby-3.1.2/gems/factory_bot-6.4.6/lib/factory_bot/evaluation.rb:15:in `create'[0m
      [36m# /home/ec2-user/.rvm/gems/ruby-3.1.2/gems/factory_bot-6.4.6/lib/factory_bot/strategy/create.rb:12:in `block in result'[0m
      [36m# /home/ec2-user/.rvm/gems/ruby-3.1.2/gems/factory_bot-6.4.6/lib/factory_bot/strategy/create.rb:9:in `result'[0m
      [36m# /home/ec2-user/.rvm/gems/ruby-3.1.2/gems/factory_bot-6.4.6/lib/factory_bot/factory.rb:43:in `run'[0m
      [36m# /home/ec2-user/.rvm/gems/ruby-3.1.2/gems/factory_bot-6.4.6/lib/factory_bot/factory_runner.rb:29:in `block in run'[0m
      [36m# /home/ec2-user/.rvm/gems/ruby-3.1.2/gems/factory_bot-6.4.6/lib/factory_bot/factory_runner.rb:28:in `run'[0m
      [36m# /home/ec2-user/.rvm/gems/ruby-3.1.2/gems/factory_bot-6.4.6/lib/factory_bot/strategy_syntax_method_registrar.rb:28:in `block in define_singular_strategy_method'[0m
      [36m# ./spec/system/02_after_login_spec.rb:6:in `block (2 levels) in <main>'[0m

  21) [STEP2] ユーザログイン後のテスト 投稿一覧画面のテスト サイドバーの確認 titleフォームが表示される
      [31mFailure/Error: let!(:book) { create(:book, user: user) }[0m
      [31m[0m
      [31mNoMethodError:[0m
      [31m  undefined method `name' for #<Book id: nil, title: "1nrgd", body: "j04mjrn6rx3elxniqp8i", user_id: 1, created_at: nil, updated_at: nil>[0m
      [36m# /home/ec2-user/.rvm/gems/ruby-3.1.2/gems/factory_bot-6.4.6/lib/factory_bot/evaluation.rb:15:in `create'[0m
      [36m# /home/ec2-user/.rvm/gems/ruby-3.1.2/gems/factory_bot-6.4.6/lib/factory_bot/strategy/create.rb:12:in `block in result'[0m
      [36m# /home/ec2-user/.rvm/gems/ruby-3.1.2/gems/factory_bot-6.4.6/lib/factory_bot/strategy/create.rb:9:in `result'[0m
      [36m# /home/ec2-user/.rvm/gems/ruby-3.1.2/gems/factory_bot-6.4.6/lib/factory_bot/factory.rb:43:in `run'[0m
      [36m# /home/ec2-user/.rvm/gems/ruby-3.1.2/gems/factory_bot-6.4.6/lib/factory_bot/factory_runner.rb:29:in `block in run'[0m
      [36m# /home/ec2-user/.rvm/gems/ruby-3.1.2/gems/factory_bot-6.4.6/lib/factory_bot/factory_runner.rb:28:in `run'[0m
      [36m# /home/ec2-user/.rvm/gems/ruby-3.1.2/gems/factory_bot-6.4.6/lib/factory_bot/strategy_syntax_method_registrar.rb:28:in `block in define_singular_strategy_method'[0m
      [36m# ./spec/system/02_after_login_spec.rb:6:in `block (2 levels) in <main>'[0m

  22) [STEP2] ユーザログイン後のテスト 投稿一覧画面のテスト サイドバーの確認 titleフォームに値が入っていない
      [31mFailure/Error: let!(:book) { create(:book, user: user) }[0m
      [31m[0m
      [31mNoMethodError:[0m
      [31m  undefined method `name' for #<Book id: nil, title: "l5nsk", body: "t0gpi43hb8tnim2bxxlv", user_id: 1, created_at: nil, updated_at: nil>[0m
      [36m# /home/ec2-user/.rvm/gems/ruby-3.1.2/gems/factory_bot-6.4.6/lib/factory_bot/evaluation.rb:15:in `create'[0m
      [36m# /home/ec2-user/.rvm/gems/ruby-3.1.2/gems/factory_bot-6.4.6/lib/factory_bot/strategy/create.rb:12:in `block in result'[0m
      [36m# /home/ec2-user/.rvm/gems/ruby-3.1.2/gems/factory_bot-6.4.6/lib/factory_bot/strategy/create.rb:9:in `result'[0m
      [36m# /home/ec2-user/.rvm/gems/ruby-3.1.2/gems/factory_bot-6.4.6/lib/factory_bot/factory.rb:43:in `run'[0m
      [36m# /home/ec2-user/.rvm/gems/ruby-3.1.2/gems/factory_bot-6.4.6/lib/factory_bot/factory_runner.rb:29:in `block in run'[0m
      [36m# /home/ec2-user/.rvm/gems/ruby-3.1.2/gems/factory_bot-6.4.6/lib/factory_bot/factory_runner.rb:28:in `run'[0m
      [36m# /home/ec2-user/.rvm/gems/ruby-3.1.2/gems/factory_bot-6.4.6/lib/factory_bot/strategy_syntax_method_registrar.rb:28:in `block in define_singular_strategy_method'[0m
      [36m# ./spec/system/02_after_login_spec.rb:6:in `block (2 levels) in <main>'[0m

  23) [STEP2] ユーザログイン後のテスト 投稿一覧画面のテスト サイドバーの確認 bodyフォームが表示される
      [31mFailure/Error: let!(:book) { create(:book, user: user) }[0m
      [31m[0m
      [31mNoMethodError:[0m
      [31m  undefined method `name' for #<Book id: nil, title: "6hnuj", body: "qydxnjctyqcx7mmi223h", user_id: 1, created_at: nil, updated_at: nil>[0m
      [36m# /home/ec2-user/.rvm/gems/ruby-3.1.2/gems/factory_bot-6.4.6/lib/factory_bot/evaluation.rb:15:in `create'[0m
      [36m# /home/ec2-user/.rvm/gems/ruby-3.1.2/gems/factory_bot-6.4.6/lib/factory_bot/strategy/create.rb:12:in `block in result'[0m
      [36m# /home/ec2-user/.rvm/gems/ruby-3.1.2/gems/factory_bot-6.4.6/lib/factory_bot/strategy/create.rb:9:in `result'[0m
      [36m# /home/ec2-user/.rvm/gems/ruby-3.1.2/gems/factory_bot-6.4.6/lib/factory_bot/factory.rb:43:in `run'[0m
      [36m# /home/ec2-user/.rvm/gems/ruby-3.1.2/gems/factory_bot-6.4.6/lib/factory_bot/factory_runner.rb:29:in `block in run'[0m
      [36m# /home/ec2-user/.rvm/gems/ruby-3.1.2/gems/factory_bot-6.4.6/lib/factory_bot/factory_runner.rb:28:in `run'[0m
      [36m# /home/ec2-user/.rvm/gems/ruby-3.1.2/gems/factory_bot-6.4.6/lib/factory_bot/strategy_syntax_method_registrar.rb:28:in `block in define_singular_strategy_method'[0m
      [36m# ./spec/system/02_after_login_spec.rb:6:in `block (2 levels) in <main>'[0m

  24) [STEP2] ユーザログイン後のテスト 投稿一覧画面のテスト サイドバーの確認 bodyフォームに値が入っていない
      [31mFailure/Error: let!(:book) { create(:book, user: user) }[0m
      [31m[0m
      [31mNoMethodError:[0m
      [31m  undefined method `name' for #<Book id: nil, title: "km0m7", body: "qcr8siqky173ql7yhwpm", user_id: 1, created_at: nil, updated_at: nil>[0m
      [36m# /home/ec2-user/.rvm/gems/ruby-3.1.2/gems/factory_bot-6.4.6/lib/factory_bot/evaluation.rb:15:in `create'[0m
      [36m# /home/ec2-user/.rvm/gems/ruby-3.1.2/gems/factory_bot-6.4.6/lib/factory_bot/strategy/create.rb:12:in `block in result'[0m
      [36m# /home/ec2-user/.rvm/gems/ruby-3.1.2/gems/factory_bot-6.4.6/lib/factory_bot/strategy/create.rb:9:in `result'[0m
      [36m# /home/ec2-user/.rvm/gems/ruby-3.1.2/gems/factory_bot-6.4.6/lib/factory_bot/factory.rb:43:in `run'[0m
      [36m# /home/ec2-user/.rvm/gems/ruby-3.1.2/gems/factory_bot-6.4.6/lib/factory_bot/factory_runner.rb:29:in `block in run'[0m
      [36m# /home/ec2-user/.rvm/gems/ruby-3.1.2/gems/factory_bot-6.4.6/lib/factory_bot/factory_runner.rb:28:in `run'[0m
      [36m# /home/ec2-user/.rvm/gems/ruby-3.1.2/gems/factory_bot-6.4.6/lib/factory_bot/strategy_syntax_method_registrar.rb:28:in `block in define_singular_strategy_method'[0m
      [36m# ./spec/system/02_after_login_spec.rb:6:in `block (2 levels) in <main>'[0m

  25) [STEP2] ユーザログイン後のテスト 投稿一覧画面のテスト サイドバーの確認 Create Bookボタンが表示される
      [31mFailure/Error: let!(:book) { create(:book, user: user) }[0m
      [31m[0m
      [31mNoMethodError:[0m
      [31m  undefined method `name' for #<Book id: nil, title: "ai5jl", body: "f4iycwisqjrlrtk8mnbr", user_id: 1, created_at: nil, updated_at: nil>[0m
      [36m# /home/ec2-user/.rvm/gems/ruby-3.1.2/gems/factory_bot-6.4.6/lib/factory_bot/evaluation.rb:15:in `create'[0m
      [36m# /home/ec2-user/.rvm/gems/ruby-3.1.2/gems/factory_bot-6.4.6/lib/factory_bot/strategy/create.rb:12:in `block in result'[0m
      [36m# /home/ec2-user/.rvm/gems/ruby-3.1.2/gems/factory_bot-6.4.6/lib/factory_bot/strategy/create.rb:9:in `result'[0m
      [36m# /home/ec2-user/.rvm/gems/ruby-3.1.2/gems/factory_bot-6.4.6/lib/factory_bot/factory.rb:43:in `run'[0m
      [36m# /home/ec2-user/.rvm/gems/ruby-3.1.2/gems/factory_bot-6.4.6/lib/factory_bot/factory_runner.rb:29:in `block in run'[0m
      [36m# /home/ec2-user/.rvm/gems/ruby-3.1.2/gems/factory_bot-6.4.6/lib/factory_bot/factory_runner.rb:28:in `run'[0m
      [36m# /home/ec2-user/.rvm/gems/ruby-3.1.2/gems/factory_bot-6.4.6/lib/factory_bot/strategy_syntax_method_registrar.rb:28:in `block in define_singular_strategy_method'[0m
      [36m# ./spec/system/02_after_login_spec.rb:6:in `block (2 levels) in <main>'[0m

  26) [STEP2] ユーザログイン後のテスト 投稿一覧画面のテスト 投稿成功のテスト 自分の新しい投稿が正しく保存される
      [31mFailure/Error: let!(:book) { create(:book, user: user) }[0m
      [31m[0m
      [31mNoMethodError:[0m
      [31m  undefined method `name' for #<Book id: nil, title: "mhg55", body: "mef0flc2bk5qoo6hb958", user_id: 1, created_at: nil, updated_at: nil>[0m
      [36m# /home/ec2-user/.rvm/gems/ruby-3.1.2/gems/factory_bot-6.4.6/lib/factory_bot/evaluation.rb:15:in `create'[0m
      [36m# /home/ec2-user/.rvm/gems/ruby-3.1.2/gems/factory_bot-6.4.6/lib/factory_bot/strategy/create.rb:12:in `block in result'[0m
      [36m# /home/ec2-user/.rvm/gems/ruby-3.1.2/gems/factory_bot-6.4.6/lib/factory_bot/strategy/create.rb:9:in `result'[0m
      [36m# /home/ec2-user/.rvm/gems/ruby-3.1.2/gems/factory_bot-6.4.6/lib/factory_bot/factory.rb:43:in `run'[0m
      [36m# /home/ec2-user/.rvm/gems/ruby-3.1.2/gems/factory_bot-6.4.6/lib/factory_bot/factory_runner.rb:29:in `block in run'[0m
      [36m# /home/ec2-user/.rvm/gems/ruby-3.1.2/gems/factory_bot-6.4.6/lib/factory_bot/factory_runner.rb:28:in `run'[0m
      [36m# /home/ec2-user/.rvm/gems/ruby-3.1.2/gems/factory_bot-6.4.6/lib/factory_bot/strategy_syntax_method_registrar.rb:28:in `block in define_singular_strategy_method'[0m
      [36m# ./spec/system/02_after_login_spec.rb:6:in `block (2 levels) in <main>'[0m

  27) [STEP2] ユーザログイン後のテスト 投稿一覧画面のテスト 投稿成功のテスト リダイレクト先が、保存できた投稿の詳細画面になっている
      [31mFailure/Error: let!(:book) { create(:book, user: user) }[0m
      [31m[0m
      [31mNoMethodError:[0m
      [31m  undefined method `name' for #<Book id: nil, title: "2hij6", body: "mxd7ag7a5bsclu8kosek", user_id: 1, created_at: nil, updated_at: nil>[0m
      [36m# /home/ec2-user/.rvm/gems/ruby-3.1.2/gems/factory_bot-6.4.6/lib/factory_bot/evaluation.rb:15:in `create'[0m
      [36m# /home/ec2-user/.rvm/gems/ruby-3.1.2/gems/factory_bot-6.4.6/lib/factory_bot/strategy/create.rb:12:in `block in result'[0m
      [36m# /home/ec2-user/.rvm/gems/ruby-3.1.2/gems/factory_bot-6.4.6/lib/factory_bot/strategy/create.rb:9:in `result'[0m
      [36m# /home/ec2-user/.rvm/gems/ruby-3.1.2/gems/factory_bot-6.4.6/lib/factory_bot/factory.rb:43:in `run'[0m
      [36m# /home/ec2-user/.rvm/gems/ruby-3.1.2/gems/factory_bot-6.4.6/lib/factory_bot/factory_runner.rb:29:in `block in run'[0m
      [36m# /home/ec2-user/.rvm/gems/ruby-3.1.2/gems/factory_bot-6.4.6/lib/factory_bot/factory_runner.rb:28:in `run'[0m
      [36m# /home/ec2-user/.rvm/gems/ruby-3.1.2/gems/factory_bot-6.4.6/lib/factory_bot/strategy_syntax_method_registrar.rb:28:in `block in define_singular_strategy_method'[0m
      [36m# ./spec/system/02_after_login_spec.rb:6:in `block (2 levels) in <main>'[0m

  28) [STEP2] ユーザログイン後のテスト 自分の投稿詳細画面のテスト 表示内容の確認 URLが正しい
      [31mFailure/Error: let!(:book) { create(:book, user: user) }[0m
      [31m[0m
      [31mNoMethodError:[0m
      [31m  undefined method `name' for #<Book id: nil, title: "78kxg", body: "t09fxjupdj42kmnugjsz", user_id: 1, created_at: nil, updated_at: nil>[0m
      [36m# /home/ec2-user/.rvm/gems/ruby-3.1.2/gems/factory_bot-6.4.6/lib/factory_bot/evaluation.rb:15:in `create'[0m
      [36m# /home/ec2-user/.rvm/gems/ruby-3.1.2/gems/factory_bot-6.4.6/lib/factory_bot/strategy/create.rb:12:in `block in result'[0m
      [36m# /home/ec2-user/.rvm/gems/ruby-3.1.2/gems/factory_bot-6.4.6/lib/factory_bot/strategy/create.rb:9:in `result'[0m
      [36m# /home/ec2-user/.rvm/gems/ruby-3.1.2/gems/factory_bot-6.4.6/lib/factory_bot/factory.rb:43:in `run'[0m
      [36m# /home/ec2-user/.rvm/gems/ruby-3.1.2/gems/factory_bot-6.4.6/lib/factory_bot/factory_runner.rb:29:in `block in run'[0m
      [36m# /home/ec2-user/.rvm/gems/ruby-3.1.2/gems/factory_bot-6.4.6/lib/factory_bot/factory_runner.rb:28:in `run'[0m
      [36m# /home/ec2-user/.rvm/gems/ruby-3.1.2/gems/factory_bot-6.4.6/lib/factory_bot/strategy_syntax_method_registrar.rb:28:in `block in define_singular_strategy_method'[0m
      [36m# ./spec/system/02_after_login_spec.rb:6:in `block (2 levels) in <main>'[0m

  29) [STEP2] ユーザログイン後のテスト 自分の投稿詳細画面のテスト 表示内容の確認 「Book detail」と表示される
      [31mFailure/Error: let!(:book) { create(:book, user: user) }[0m
      [31m[0m
      [31mNoMethodError:[0m
      [31m  undefined method `name' for #<Book id: nil, title: "3aks5", body: "hk1oyvt22c60cfw0tkao", user_id: 1, created_at: nil, updated_at: nil>[0m
      [36m# /home/ec2-user/.rvm/gems/ruby-3.1.2/gems/factory_bot-6.4.6/lib/factory_bot/evaluation.rb:15:in `create'[0m
      [36m# /home/ec2-user/.rvm/gems/ruby-3.1.2/gems/factory_bot-6.4.6/lib/factory_bot/strategy/create.rb:12:in `block in result'[0m
      [36m# /home/ec2-user/.rvm/gems/ruby-3.1.2/gems/factory_bot-6.4.6/lib/factory_bot/strategy/create.rb:9:in `result'[0m
      [36m# /home/ec2-user/.rvm/gems/ruby-3.1.2/gems/factory_bot-6.4.6/lib/factory_bot/factory.rb:43:in `run'[0m
      [36m# /home/ec2-user/.rvm/gems/ruby-3.1.2/gems/factory_bot-6.4.6/lib/factory_bot/factory_runner.rb:29:in `block in run'[0m
      [36m# /home/ec2-user/.rvm/gems/ruby-3.1.2/gems/factory_bot-6.4.6/lib/factory_bot/factory_runner.rb:28:in `run'[0m
      [36m# /home/ec2-user/.rvm/gems/ruby-3.1.2/gems/factory_bot-6.4.6/lib/factory_bot/strategy_syntax_method_registrar.rb:28:in `block in define_singular_strategy_method'[0m
      [36m# ./spec/system/02_after_login_spec.rb:6:in `block (2 levels) in <main>'[0m

  30) [STEP2] ユーザログイン後のテスト 自分の投稿詳細画面のテスト 表示内容の確認 ユーザ画像・名前のリンク先が正しい
      [31mFailure/Error: let!(:book) { create(:book, user: user) }[0m
      [31m[0m
      [31mNoMethodError:[0m
      [31m  undefined method `name' for #<Book id: nil, title: "53ts1", body: "jlc1xtbwnyjx8i5pf8lx", user_id: 1, created_at: nil, updated_at: nil>[0m
      [36m# /home/ec2-user/.rvm/gems/ruby-3.1.2/gems/factory_bot-6.4.6/lib/factory_bot/evaluation.rb:15:in `create'[0m
      [36m# /home/ec2-user/.rvm/gems/ruby-3.1.2/gems/factory_bot-6.4.6/lib/factory_bot/strategy/create.rb:12:in `block in result'[0m
      [36m# /home/ec2-user/.rvm/gems/ruby-3.1.2/gems/factory_bot-6.4.6/lib/factory_bot/strategy/create.rb:9:in `result'[0m
      [36m# /home/ec2-user/.rvm/gems/ruby-3.1.2/gems/factory_bot-6.4.6/lib/factory_bot/factory.rb:43:in `run'[0m
      [36m# /home/ec2-user/.rvm/gems/ruby-3.1.2/gems/factory_bot-6.4.6/lib/factory_bot/factory_runner.rb:29:in `block in run'[0m
      [36m# /home/ec2-user/.rvm/gems/ruby-3.1.2/gems/factory_bot-6.4.6/lib/factory_bot/factory_runner.rb:28:in `run'[0m
      [36m# /home/ec2-user/.rvm/gems/ruby-3.1.2/gems/factory_bot-6.4.6/lib/factory_bot/strategy_syntax_method_registrar.rb:28:in `block in define_singular_strategy_method'[0m
      [36m# ./spec/system/02_after_login_spec.rb:6:in `block (2 levels) in <main>'[0m

  31) [STEP2] ユーザログイン後のテスト 自分の投稿詳細画面のテスト 表示内容の確認 投稿のtitleが表示される
      [31mFailure/Error: let!(:book) { create(:book, user: user) }[0m
      [31m[0m
      [31mNoMethodError:[0m
      [31m  undefined method `name' for #<Book id: nil, title: "b3dh9", body: "ghgqdcvovu14cw4e4gck", user_id: 1, created_at: nil, updated_at: nil>[0m
      [36m# /home/ec2-user/.rvm/gems/ruby-3.1.2/gems/factory_bot-6.4.6/lib/factory_bot/evaluation.rb:15:in `create'[0m
      [36m# /home/ec2-user/.rvm/gems/ruby-3.1.2/gems/factory_bot-6.4.6/lib/factory_bot/strategy/create.rb:12:in `block in result'[0m
      [36m# /home/ec2-user/.rvm/gems/ruby-3.1.2/gems/factory_bot-6.4.6/lib/factory_bot/strategy/create.rb:9:in `result'[0m
      [36m# /home/ec2-user/.rvm/gems/ruby-3.1.2/gems/factory_bot-6.4.6/lib/factory_bot/factory.rb:43:in `run'[0m
      [36m# /home/ec2-user/.rvm/gems/ruby-3.1.2/gems/factory_bot-6.4.6/lib/factory_bot/factory_runner.rb:29:in `block in run'[0m
      [36m# /home/ec2-user/.rvm/gems/ruby-3.1.2/gems/factory_bot-6.4.6/lib/factory_bot/factory_runner.rb:28:in `run'[0m
      [36m# /home/ec2-user/.rvm/gems/ruby-3.1.2/gems/factory_bot-6.4.6/lib/factory_bot/strategy_syntax_method_registrar.rb:28:in `block in define_singular_strategy_method'[0m
      [36m# ./spec/system/02_after_login_spec.rb:6:in `block (2 levels) in <main>'[0m

  32) [STEP2] ユーザログイン後のテスト 自分の投稿詳細画面のテスト 表示内容の確認 投稿のbodyが表示される
      [31mFailure/Error: let!(:book) { create(:book, user: user) }[0m
      [31m[0m
      [31mNoMethodError:[0m
      [31m  undefined method `name' for #<Book id: nil, title: "91zsp", body: "szlcjerd9ou315zipodj", user_id: 1, created_at: nil, updated_at: nil>[0m
      [36m# /home/ec2-user/.rvm/gems/ruby-3.1.2/gems/factory_bot-6.4.6/lib/factory_bot/evaluation.rb:15:in `create'[0m
      [36m# /home/ec2-user/.rvm/gems/ruby-3.1.2/gems/factory_bot-6.4.6/lib/factory_bot/strategy/create.rb:12:in `block in result'[0m
      [36m# /home/ec2-user/.rvm/gems/ruby-3.1.2/gems/factory_bot-6.4.6/lib/factory_bot/strategy/create.rb:9:in `result'[0m
      [36m# /home/ec2-user/.rvm/gems/ruby-3.1.2/gems/factory_bot-6.4.6/lib/factory_bot/factory.rb:43:in `run'[0m
      [36m# /home/ec2-user/.rvm/gems/ruby-3.1.2/gems/factory_bot-6.4.6/lib/factory_bot/factory_runner.rb:29:in `block in run'[0m
      [36m# /home/ec2-user/.rvm/gems/ruby-3.1.2/gems/factory_bot-6.4.6/lib/factory_bot/factory_runner.rb:28:in `run'[0m
      [36m# /home/ec2-user/.rvm/gems/ruby-3.1.2/gems/factory_bot-6.4.6/lib/factory_bot/strategy_syntax_method_registrar.rb:28:in `block in define_singular_strategy_method'[0m
      [36m# ./spec/system/02_after_login_spec.rb:6:in `block (2 levels) in <main>'[0m

  33) [STEP2] ユーザログイン後のテスト 自分の投稿詳細画面のテスト 表示内容の確認 投稿の編集リンクが表示される
      [31mFailure/Error: let!(:book) { create(:book, user: user) }[0m
      [31m[0m
      [31mNoMethodError:[0m
      [31m  undefined method `name' for #<Book id: nil, title: "27240", body: "04jspab1ntyek01wvbbu", user_id: 1, created_at: nil, updated_at: nil>[0m
      [36m# /home/ec2-user/.rvm/gems/ruby-3.1.2/gems/factory_bot-6.4.6/lib/factory_bot/evaluation.rb:15:in `create'[0m
      [36m# /home/ec2-user/.rvm/gems/ruby-3.1.2/gems/factory_bot-6.4.6/lib/factory_bot/strategy/create.rb:12:in `block in result'[0m
      [36m# /home/ec2-user/.rvm/gems/ruby-3.1.2/gems/factory_bot-6.4.6/lib/factory_bot/strategy/create.rb:9:in `result'[0m
      [36m# /home/ec2-user/.rvm/gems/ruby-3.1.2/gems/factory_bot-6.4.6/lib/factory_bot/factory.rb:43:in `run'[0m
      [36m# /home/ec2-user/.rvm/gems/ruby-3.1.2/gems/factory_bot-6.4.6/lib/factory_bot/factory_runner.rb:29:in `block in run'[0m
      [36m# /home/ec2-user/.rvm/gems/ruby-3.1.2/gems/factory_bot-6.4.6/lib/factory_bot/factory_runner.rb:28:in `run'[0m
      [36m# /home/ec2-user/.rvm/gems/ruby-3.1.2/gems/factory_bot-6.4.6/lib/factory_bot/strategy_syntax_method_registrar.rb:28:in `block in define_singular_strategy_method'[0m
      [36m# ./spec/system/02_after_login_spec.rb:6:in `block (2 levels) in <main>'[0m

  34) [STEP2] ユーザログイン後のテスト 自分の投稿詳細画面のテスト 表示内容の確認 投稿の削除リンクが表示される
      [31mFailure/Error: let!(:book) { create(:book, user: user) }[0m
      [31m[0m
      [31mNoMethodError:[0m
      [31m  undefined method `name' for #<Book id: nil, title: "xlpf2", body: "bk1g9rslr07t0dlnoynd", user_id: 1, created_at: nil, updated_at: nil>[0m
      [36m# /home/ec2-user/.rvm/gems/ruby-3.1.2/gems/factory_bot-6.4.6/lib/factory_bot/evaluation.rb:15:in `create'[0m
      [36m# /home/ec2-user/.rvm/gems/ruby-3.1.2/gems/factory_bot-6.4.6/lib/factory_bot/strategy/create.rb:12:in `block in result'[0m
      [36m# /home/ec2-user/.rvm/gems/ruby-3.1.2/gems/factory_bot-6.4.6/lib/factory_bot/strategy/create.rb:9:in `result'[0m
      [36m# /home/ec2-user/.rvm/gems/ruby-3.1.2/gems/factory_bot-6.4.6/lib/factory_bot/factory.rb:43:in `run'[0m
      [36m# /home/ec2-user/.rvm/gems/ruby-3.1.2/gems/factory_bot-6.4.6/lib/factory_bot/factory_runner.rb:29:in `block in run'[0m
      [36m# /home/ec2-user/.rvm/gems/ruby-3.1.2/gems/factory_bot-6.4.6/lib/factory_bot/factory_runner.rb:28:in `run'[0m
      [36m# /home/ec2-user/.rvm/gems/ruby-3.1.2/gems/factory_bot-6.4.6/lib/factory_bot/strategy_syntax_method_registrar.rb:28:in `block in define_singular_strategy_method'[0m
      [36m# ./spec/system/02_after_login_spec.rb:6:in `block (2 levels) in <main>'[0m

  35) [STEP2] ユーザログイン後のテスト 自分の投稿詳細画面のテスト サイドバーの確認 自分の名前と紹介文が表示される
      [31mFailure/Error: let!(:book) { create(:book, user: user) }[0m
      [31m[0m
      [31mNoMethodError:[0m
      [31m  undefined method `name' for #<Book id: nil, title: "ey8go", body: "74obbjbks1gd2xzzk4e4", user_id: 1, created_at: nil, updated_at: nil>[0m
      [36m# /home/ec2-user/.rvm/gems/ruby-3.1.2/gems/factory_bot-6.4.6/lib/factory_bot/evaluation.rb:15:in `create'[0m
      [36m# /home/ec2-user/.rvm/gems/ruby-3.1.2/gems/factory_bot-6.4.6/lib/factory_bot/strategy/create.rb:12:in `block in result'[0m
      [36m# /home/ec2-user/.rvm/gems/ruby-3.1.2/gems/factory_bot-6.4.6/lib/factory_bot/strategy/create.rb:9:in `result'[0m
      [36m# /home/ec2-user/.rvm/gems/ruby-3.1.2/gems/factory_bot-6.4.6/lib/factory_bot/factory.rb:43:in `run'[0m
      [36m# /home/ec2-user/.rvm/gems/ruby-3.1.2/gems/factory_bot-6.4.6/lib/factory_bot/factory_runner.rb:29:in `block in run'[0m
      [36m# /home/ec2-user/.rvm/gems/ruby-3.1.2/gems/factory_bot-6.4.6/lib/factory_bot/factory_runner.rb:28:in `run'[0m
      [36m# /home/ec2-user/.rvm/gems/ruby-3.1.2/gems/factory_bot-6.4.6/lib/factory_bot/strategy_syntax_method_registrar.rb:28:in `block in define_singular_strategy_method'[0m
      [36m# ./spec/system/02_after_login_spec.rb:6:in `block (2 levels) in <main>'[0m

  36) [STEP2] ユーザログイン後のテスト 自分の投稿詳細画面のテスト サイドバーの確認 自分のユーザ編集画面へのリンクが存在する
      [31mFailure/Error: let!(:book) { create(:book, user: user) }[0m
      [31m[0m
      [31mNoMethodError:[0m
      [31m  undefined method `name' for #<Book id: nil, title: "xpass", body: "0wwxtevokboub4nh9s82", user_id: 1, created_at: nil, updated_at: nil>[0m
      [36m# /home/ec2-user/.rvm/gems/ruby-3.1.2/gems/factory_bot-6.4.6/lib/factory_bot/evaluation.rb:15:in `create'[0m
      [36m# /home/ec2-user/.rvm/gems/ruby-3.1.2/gems/factory_bot-6.4.6/lib/factory_bot/strategy/create.rb:12:in `block in result'[0m
      [36m# /home/ec2-user/.rvm/gems/ruby-3.1.2/gems/factory_bot-6.4.6/lib/factory_bot/strategy/create.rb:9:in `result'[0m
      [36m# /home/ec2-user/.rvm/gems/ruby-3.1.2/gems/factory_bot-6.4.6/lib/factory_bot/factory.rb:43:in `run'[0m
      [36m# /home/ec2-user/.rvm/gems/ruby-3.1.2/gems/factory_bot-6.4.6/lib/factory_bot/factory_runner.rb:29:in `block in run'[0m
      [36m# /home/ec2-user/.rvm/gems/ruby-3.1.2/gems/factory_bot-6.4.6/lib/factory_bot/factory_runner.rb:28:in `run'[0m
      [36m# /home/ec2-user/.rvm/gems/ruby-3.1.2/gems/factory_bot-6.4.6/lib/factory_bot/strategy_syntax_method_registrar.rb:28:in `block in define_singular_strategy_method'[0m
      [36m# ./spec/system/02_after_login_spec.rb:6:in `block (2 levels) in <main>'[0m

  37) [STEP2] ユーザログイン後のテスト 自分の投稿詳細画面のテスト サイドバーの確認 「New book」と表示される
      [31mFailure/Error: let!(:book) { create(:book, user: user) }[0m
      [31m[0m
      [31mNoMethodError:[0m
      [31m  undefined method `name' for #<Book id: nil, title: "v6qih", body: "e42zrjprosh5y7zixjr6", user_id: 1, created_at: nil, updated_at: nil>[0m
      [36m# /home/ec2-user/.rvm/gems/ruby-3.1.2/gems/factory_bot-6.4.6/lib/factory_bot/evaluation.rb:15:in `create'[0m
      [36m# /home/ec2-user/.rvm/gems/ruby-3.1.2/gems/factory_bot-6.4.6/lib/factory_bot/strategy/create.rb:12:in `block in result'[0m
      [36m# /home/ec2-user/.rvm/gems/ruby-3.1.2/gems/factory_bot-6.4.6/lib/factory_bot/strategy/create.rb:9:in `result'[0m
      [36m# /home/ec2-user/.rvm/gems/ruby-3.1.2/gems/factory_bot-6.4.6/lib/factory_bot/factory.rb:43:in `run'[0m
      [36m# /home/ec2-user/.rvm/gems/ruby-3.1.2/gems/factory_bot-6.4.6/lib/factory_bot/factory_runner.rb:29:in `block in run'[0m
      [36m# /home/ec2-user/.rvm/gems/ruby-3.1.2/gems/factory_bot-6.4.6/lib/factory_bot/factory_runner.rb:28:in `run'[0m
      [36m# /home/ec2-user/.rvm/gems/ruby-3.1.2/gems/factory_bot-6.4.6/lib/factory_bot/strategy_syntax_method_registrar.rb:28:in `block in define_singular_strategy_method'[0m
      [36m# ./spec/system/02_after_login_spec.rb:6:in `block (2 levels) in <main>'[0m

  38) [STEP2] ユーザログイン後のテスト 自分の投稿詳細画面のテスト サイドバーの確認 titleフォームが表示される
      [31mFailure/Error: let!(:book) { create(:book, user: user) }[0m
      [31m[0m
      [31mNoMethodError:[0m
      [31m  undefined method `name' for #<Book id: nil, title: "mq7zq", body: "i8451gwkki8reeekwqav", user_id: 1, created_at: nil, updated_at: nil>[0m
      [36m# /home/ec2-user/.rvm/gems/ruby-3.1.2/gems/factory_bot-6.4.6/lib/factory_bot/evaluation.rb:15:in `create'[0m
      [36m# /home/ec2-user/.rvm/gems/ruby-3.1.2/gems/factory_bot-6.4.6/lib/factory_bot/strategy/create.rb:12:in `block in result'[0m
      [36m# /home/ec2-user/.rvm/gems/ruby-3.1.2/gems/factory_bot-6.4.6/lib/factory_bot/strategy/create.rb:9:in `result'[0m
      [36m# /home/ec2-user/.rvm/gems/ruby-3.1.2/gems/factory_bot-6.4.6/lib/factory_bot/factory.rb:43:in `run'[0m
      [36m# /home/ec2-user/.rvm/gems/ruby-3.1.2/gems/factory_bot-6.4.6/lib/factory_bot/factory_runner.rb:29:in `block in run'[0m
      [36m# /home/ec2-user/.rvm/gems/ruby-3.1.2/gems/factory_bot-6.4.6/lib/factory_bot/factory_runner.rb:28:in `run'[0m
      [36m# /home/ec2-user/.rvm/gems/ruby-3.1.2/gems/factory_bot-6.4.6/lib/factory_bot/strategy_syntax_method_registrar.rb:28:in `block in define_singular_strategy_method'[0m
      [36m# ./spec/system/02_after_login_spec.rb:6:in `block (2 levels) in <main>'[0m

  39) [STEP2] ユーザログイン後のテスト 自分の投稿詳細画面のテスト サイドバーの確認 titleフォームに値が入っていない
      [31mFailure/Error: let!(:book) { create(:book, user: user) }[0m
      [31m[0m
      [31mNoMethodError:[0m
      [31m  undefined method `name' for #<Book id: nil, title: "ipo0d", body: "vdoqxz2d106u8gpuqqmb", user_id: 1, created_at: nil, updated_at: nil>[0m
      [36m# /home/ec2-user/.rvm/gems/ruby-3.1.2/gems/factory_bot-6.4.6/lib/factory_bot/evaluation.rb:15:in `create'[0m
      [36m# /home/ec2-user/.rvm/gems/ruby-3.1.2/gems/factory_bot-6.4.6/lib/factory_bot/strategy/create.rb:12:in `block in result'[0m
      [36m# /home/ec2-user/.rvm/gems/ruby-3.1.2/gems/factory_bot-6.4.6/lib/factory_bot/strategy/create.rb:9:in `result'[0m
      [36m# /home/ec2-user/.rvm/gems/ruby-3.1.2/gems/factory_bot-6.4.6/lib/factory_bot/factory.rb:43:in `run'[0m
      [36m# /home/ec2-user/.rvm/gems/ruby-3.1.2/gems/factory_bot-6.4.6/lib/factory_bot/factory_runner.rb:29:in `block in run'[0m
      [36m# /home/ec2-user/.rvm/gems/ruby-3.1.2/gems/factory_bot-6.4.6/lib/factory_bot/factory_runner.rb:28:in `run'[0m
      [36m# /home/ec2-user/.rvm/gems/ruby-3.1.2/gems/factory_bot-6.4.6/lib/factory_bot/strategy_syntax_method_registrar.rb:28:in `block in define_singular_strategy_method'[0m
      [36m# ./spec/system/02_after_login_spec.rb:6:in `block (2 levels) in <main>'[0m

  40) [STEP2] ユーザログイン後のテスト 自分の投稿詳細画面のテスト サイドバーの確認 bodyフォームが表示される
      [31mFailure/Error: let!(:book) { create(:book, user: user) }[0m
      [31m[0m
      [31mNoMethodError:[0m
      [31m  undefined method `name' for #<Book id: nil, title: "sjqik", body: "jfodasn5w93oqn78ljtx", user_id: 1, created_at: nil, updated_at: nil>[0m
      [36m# /home/ec2-user/.rvm/gems/ruby-3.1.2/gems/factory_bot-6.4.6/lib/factory_bot/evaluation.rb:15:in `create'[0m
      [36m# /home/ec2-user/.rvm/gems/ruby-3.1.2/gems/factory_bot-6.4.6/lib/factory_bot/strategy/create.rb:12:in `block in result'[0m
      [36m# /home/ec2-user/.rvm/gems/ruby-3.1.2/gems/factory_bot-6.4.6/lib/factory_bot/strategy/create.rb:9:in `result'[0m
      [36m# /home/ec2-user/.rvm/gems/ruby-3.1.2/gems/factory_bot-6.4.6/lib/factory_bot/factory.rb:43:in `run'[0m
      [36m# /home/ec2-user/.rvm/gems/ruby-3.1.2/gems/factory_bot-6.4.6/lib/factory_bot/factory_runner.rb:29:in `block in run'[0m
      [36m# /home/ec2-user/.rvm/gems/ruby-3.1.2/gems/factory_bot-6.4.6/lib/factory_bot/factory_runner.rb:28:in `run'[0m
      [36m# /home/ec2-user/.rvm/gems/ruby-3.1.2/gems/factory_bot-6.4.6/lib/factory_bot/strategy_syntax_method_registrar.rb:28:in `block in define_singular_strategy_method'[0m
      [36m# ./spec/system/02_after_login_spec.rb:6:in `block (2 levels) in <main>'[0m

  41) [STEP2] ユーザログイン後のテスト 自分の投稿詳細画面のテスト サイドバーの確認 bodyフォームに値が入っていない
      [31mFailure/Error: let!(:book) { create(:book, user: user) }[0m
      [31m[0m
      [31mNoMethodError:[0m
      [31m  undefined method `name' for #<Book id: nil, title: "fodrs", body: "cebidmdf79aqephlppo1", user_id: 1, created_at: nil, updated_at: nil>[0m
      [36m# /home/ec2-user/.rvm/gems/ruby-3.1.2/gems/factory_bot-6.4.6/lib/factory_bot/evaluation.rb:15:in `create'[0m
      [36m# /home/ec2-user/.rvm/gems/ruby-3.1.2/gems/factory_bot-6.4.6/lib/factory_bot/strategy/create.rb:12:in `block in result'[0m
      [36m# /home/ec2-user/.rvm/gems/ruby-3.1.2/gems/factory_bot-6.4.6/lib/factory_bot/strategy/create.rb:9:in `result'[0m
      [36m# /home/ec2-user/.rvm/gems/ruby-3.1.2/gems/factory_bot-6.4.6/lib/factory_bot/factory.rb:43:in `run'[0m
      [36m# /home/ec2-user/.rvm/gems/ruby-3.1.2/gems/factory_bot-6.4.6/lib/factory_bot/factory_runner.rb:29:in `block in run'[0m
      [36m# /home/ec2-user/.rvm/gems/ruby-3.1.2/gems/factory_bot-6.4.6/lib/factory_bot/factory_runner.rb:28:in `run'[0m
      [36m# /home/ec2-user/.rvm/gems/ruby-3.1.2/gems/factory_bot-6.4.6/lib/factory_bot/strategy_syntax_method_registrar.rb:28:in `block in define_singular_strategy_method'[0m
      [36m# ./spec/system/02_after_login_spec.rb:6:in `block (2 levels) in <main>'[0m

  42) [STEP2] ユーザログイン後のテスト 自分の投稿詳細画面のテスト サイドバーの確認 Create Bookボタンが表示される
      [31mFailure/Error: let!(:book) { create(:book, user: user) }[0m
      [31m[0m
      [31mNoMethodError:[0m
      [31m  undefined method `name' for #<Book id: nil, title: "gvjuo", body: "22me66nagcfr313dy65s", user_id: 1, created_at: nil, updated_at: nil>[0m
      [36m# /home/ec2-user/.rvm/gems/ruby-3.1.2/gems/factory_bot-6.4.6/lib/factory_bot/evaluation.rb:15:in `create'[0m
      [36m# /home/ec2-user/.rvm/gems/ruby-3.1.2/gems/factory_bot-6.4.6/lib/factory_bot/strategy/create.rb:12:in `block in result'[0m
      [36m# /home/ec2-user/.rvm/gems/ruby-3.1.2/gems/factory_bot-6.4.6/lib/factory_bot/strategy/create.rb:9:in `result'[0m
      [36m# /home/ec2-user/.rvm/gems/ruby-3.1.2/gems/factory_bot-6.4.6/lib/factory_bot/factory.rb:43:in `run'[0m
      [36m# /home/ec2-user/.rvm/gems/ruby-3.1.2/gems/factory_bot-6.4.6/lib/factory_bot/factory_runner.rb:29:in `block in run'[0m
      [36m# /home/ec2-user/.rvm/gems/ruby-3.1.2/gems/factory_bot-6.4.6/lib/factory_bot/factory_runner.rb:28:in `run'[0m
      [36m# /home/ec2-user/.rvm/gems/ruby-3.1.2/gems/factory_bot-6.4.6/lib/factory_bot/strategy_syntax_method_registrar.rb:28:in `block in define_singular_strategy_method'[0m
      [36m# ./spec/system/02_after_login_spec.rb:6:in `block (2 levels) in <main>'[0m

  43) [STEP2] ユーザログイン後のテスト 自分の投稿詳細画面のテスト 投稿成功のテスト 自分の新しい投稿が正しく保存される
      [31mFailure/Error: let!(:book) { create(:book, user: user) }[0m
      [31m[0m
      [31mNoMethodError:[0m
      [31m  undefined method `name' for #<Book id: nil, title: "5zcpo", body: "tn5uk1esv6v5n9sawxvb", user_id: 1, created_at: nil, updated_at: nil>[0m
      [36m# /home/ec2-user/.rvm/gems/ruby-3.1.2/gems/factory_bot-6.4.6/lib/factory_bot/evaluation.rb:15:in `create'[0m
      [36m# /home/ec2-user/.rvm/gems/ruby-3.1.2/gems/factory_bot-6.4.6/lib/factory_bot/strategy/create.rb:12:in `block in result'[0m
      [36m# /home/ec2-user/.rvm/gems/ruby-3.1.2/gems/factory_bot-6.4.6/lib/factory_bot/strategy/create.rb:9:in `result'[0m
      [36m# /home/ec2-user/.rvm/gems/ruby-3.1.2/gems/factory_bot-6.4.6/lib/factory_bot/factory.rb:43:in `run'[0m
      [36m# /home/ec2-user/.rvm/gems/ruby-3.1.2/gems/factory_bot-6.4.6/lib/factory_bot/factory_runner.rb:29:in `block in run'[0m
      [36m# /home/ec2-user/.rvm/gems/ruby-3.1.2/gems/factory_bot-6.4.6/lib/factory_bot/factory_runner.rb:28:in `run'[0m
      [36m# /home/ec2-user/.rvm/gems/ruby-3.1.2/gems/factory_bot-6.4.6/lib/factory_bot/strategy_syntax_method_registrar.rb:28:in `block in define_singular_strategy_method'[0m
      [36m# ./spec/system/02_after_login_spec.rb:6:in `block (2 levels) in <main>'[0m

  44) [STEP2] ユーザログイン後のテスト 自分の投稿詳細画面のテスト 編集リンクのテスト 編集画面に遷移する
      [31mFailure/Error: let!(:book) { create(:book, user: user) }[0m
      [31m[0m
      [31mNoMethodError:[0m
      [31m  undefined method `name' for #<Book id: nil, title: "0w4g5", body: "xy8yeplxdtxqd6jvhcmb", user_id: 1, created_at: nil, updated_at: nil>[0m
      [36m# /home/ec2-user/.rvm/gems/ruby-3.1.2/gems/factory_bot-6.4.6/lib/factory_bot/evaluation.rb:15:in `create'[0m
      [36m# /home/ec2-user/.rvm/gems/ruby-3.1.2/gems/factory_bot-6.4.6/lib/factory_bot/strategy/create.rb:12:in `block in result'[0m
      [36m# /home/ec2-user/.rvm/gems/ruby-3.1.2/gems/factory_bot-6.4.6/lib/factory_bot/strategy/create.rb:9:in `result'[0m
      [36m# /home/ec2-user/.rvm/gems/ruby-3.1.2/gems/factory_bot-6.4.6/lib/factory_bot/factory.rb:43:in `run'[0m
      [36m# /home/ec2-user/.rvm/gems/ruby-3.1.2/gems/factory_bot-6.4.6/lib/factory_bot/factory_runner.rb:29:in `block in run'[0m
      [36m# /home/ec2-user/.rvm/gems/ruby-3.1.2/gems/factory_bot-6.4.6/lib/factory_bot/factory_runner.rb:28:in `run'[0m
      [36m# /home/ec2-user/.rvm/gems/ruby-3.1.2/gems/factory_bot-6.4.6/lib/factory_bot/strategy_syntax_method_registrar.rb:28:in `block in define_singular_strategy_method'[0m
      [36m# ./spec/system/02_after_login_spec.rb:6:in `block (2 levels) in <main>'[0m

  45) [STEP2] ユーザログイン後のテスト 自分の投稿詳細画面のテスト 削除リンクのテスト application.html.erbにjavascript_pack_tagを含んでいる
      [31mFailure/Error: let!(:book) { create(:book, user: user) }[0m
      [31m[0m
      [31mNoMethodError:[0m
      [31m  undefined method `name' for #<Book id: nil, title: "7pmtg", body: "7w7cx0p2bgdmtye0jzxs", user_id: 1, created_at: nil, updated_at: nil>[0m
      [36m# /home/ec2-user/.rvm/gems/ruby-3.1.2/gems/factory_bot-6.4.6/lib/factory_bot/evaluation.rb:15:in `create'[0m
      [36m# /home/ec2-user/.rvm/gems/ruby-3.1.2/gems/factory_bot-6.4.6/lib/factory_bot/strategy/create.rb:12:in `block in result'[0m
      [36m# /home/ec2-user/.rvm/gems/ruby-3.1.2/gems/factory_bot-6.4.6/lib/factory_bot/strategy/create.rb:9:in `result'[0m
      [36m# /home/ec2-user/.rvm/gems/ruby-3.1.2/gems/factory_bot-6.4.6/lib/factory_bot/factory.rb:43:in `run'[0m
      [36m# /home/ec2-user/.rvm/gems/ruby-3.1.2/gems/factory_bot-6.4.6/lib/factory_bot/factory_runner.rb:29:in `block in run'[0m
      [36m# /home/ec2-user/.rvm/gems/ruby-3.1.2/gems/factory_bot-6.4.6/lib/factory_bot/factory_runner.rb:28:in `run'[0m
      [36m# /home/ec2-user/.rvm/gems/ruby-3.1.2/gems/factory_bot-6.4.6/lib/factory_bot/strategy_syntax_method_registrar.rb:28:in `block in define_singular_strategy_method'[0m
      [36m# ./spec/system/02_after_login_spec.rb:6:in `block (2 levels) in <main>'[0m

  46) [STEP2] ユーザログイン後のテスト 自分の投稿詳細画面のテスト 削除リンクのテスト 正しく削除される
      [31mFailure/Error: let!(:book) { create(:book, user: user) }[0m
      [31m[0m
      [31mNoMethodError:[0m
      [31m  undefined method `name' for #<Book id: nil, title: "iz6km", body: "eqdvyafr247slnwrgbeq", user_id: 1, created_at: nil, updated_at: nil>[0m
      [36m# /home/ec2-user/.rvm/gems/ruby-3.1.2/gems/factory_bot-6.4.6/lib/factory_bot/evaluation.rb:15:in `create'[0m
      [36m# /home/ec2-user/.rvm/gems/ruby-3.1.2/gems/factory_bot-6.4.6/lib/factory_bot/strategy/create.rb:12:in `block in result'[0m
      [36m# /home/ec2-user/.rvm/gems/ruby-3.1.2/gems/factory_bot-6.4.6/lib/factory_bot/strategy/create.rb:9:in `result'[0m
      [36m# /home/ec2-user/.rvm/gems/ruby-3.1.2/gems/factory_bot-6.4.6/lib/factory_bot/factory.rb:43:in `run'[0m
      [36m# /home/ec2-user/.rvm/gems/ruby-3.1.2/gems/factory_bot-6.4.6/lib/factory_bot/factory_runner.rb:29:in `block in run'[0m
      [36m# /home/ec2-user/.rvm/gems/ruby-3.1.2/gems/factory_bot-6.4.6/lib/factory_bot/factory_runner.rb:28:in `run'[0m
      [36m# /home/ec2-user/.rvm/gems/ruby-3.1.2/gems/factory_bot-6.4.6/lib/factory_bot/strategy_syntax_method_registrar.rb:28:in `block in define_singular_strategy_method'[0m
      [36m# ./spec/system/02_after_login_spec.rb:6:in `block (2 levels) in <main>'[0m

  47) [STEP2] ユーザログイン後のテスト 自分の投稿詳細画面のテスト 削除リンクのテスト リダイレクト先が、投稿一覧画面になっている
      [31mFailure/Error: let!(:book) { create(:book, user: user) }[0m
      [31m[0m
      [31mNoMethodError:[0m
      [31m  undefined method `name' for #<Book id: nil, title: "yl7gt", body: "xi8rr2iaeo425nojnvi8", user_id: 1, created_at: nil, updated_at: nil>[0m
      [36m# /home/ec2-user/.rvm/gems/ruby-3.1.2/gems/factory_bot-6.4.6/lib/factory_bot/evaluation.rb:15:in `create'[0m
      [36m# /home/ec2-user/.rvm/gems/ruby-3.1.2/gems/factory_bot-6.4.6/lib/factory_bot/strategy/create.rb:12:in `block in result'[0m
      [36m# /home/ec2-user/.rvm/gems/ruby-3.1.2/gems/factory_bot-6.4.6/lib/factory_bot/strategy/create.rb:9:in `result'[0m
      [36m# /home/ec2-user/.rvm/gems/ruby-3.1.2/gems/factory_bot-6.4.6/lib/factory_bot/factory.rb:43:in `run'[0m
      [36m# /home/ec2-user/.rvm/gems/ruby-3.1.2/gems/factory_bot-6.4.6/lib/factory_bot/factory_runner.rb:29:in `block in run'[0m
      [36m# /home/ec2-user/.rvm/gems/ruby-3.1.2/gems/factory_bot-6.4.6/lib/factory_bot/factory_runner.rb:28:in `run'[0m
      [36m# /home/ec2-user/.rvm/gems/ruby-3.1.2/gems/factory_bot-6.4.6/lib/factory_bot/strategy_syntax_method_registrar.rb:28:in `block in define_singular_strategy_method'[0m
      [36m# ./spec/system/02_after_login_spec.rb:6:in `block (2 levels) in <main>'[0m

  48) [STEP2] ユーザログイン後のテスト 自分の投稿編集画面のテスト 表示の確認 URLが正しい
      [31mFailure/Error: let!(:book) { create(:book, user: user) }[0m
      [31m[0m
      [31mNoMethodError:[0m
      [31m  undefined method `name' for #<Book id: nil, title: "ifd5w", body: "mbqz310gd2z7o88xa39i", user_id: 1, created_at: nil, updated_at: nil>[0m
      [36m# /home/ec2-user/.rvm/gems/ruby-3.1.2/gems/factory_bot-6.4.6/lib/factory_bot/evaluation.rb:15:in `create'[0m
      [36m# /home/ec2-user/.rvm/gems/ruby-3.1.2/gems/factory_bot-6.4.6/lib/factory_bot/strategy/create.rb:12:in `block in result'[0m
      [36m# /home/ec2-user/.rvm/gems/ruby-3.1.2/gems/factory_bot-6.4.6/lib/factory_bot/strategy/create.rb:9:in `result'[0m
      [36m# /home/ec2-user/.rvm/gems/ruby-3.1.2/gems/factory_bot-6.4.6/lib/factory_bot/factory.rb:43:in `run'[0m
      [36m# /home/ec2-user/.rvm/gems/ruby-3.1.2/gems/factory_bot-6.4.6/lib/factory_bot/factory_runner.rb:29:in `block in run'[0m
      [36m# /home/ec2-user/.rvm/gems/ruby-3.1.2/gems/factory_bot-6.4.6/lib/factory_bot/factory_runner.rb:28:in `run'[0m
      [36m# /home/ec2-user/.rvm/gems/ruby-3.1.2/gems/factory_bot-6.4.6/lib/factory_bot/strategy_syntax_method_registrar.rb:28:in `block in define_singular_strategy_method'[0m
      [36m# ./spec/system/02_after_login_spec.rb:6:in `block (2 levels) in <main>'[0m

  49) [STEP2] ユーザログイン後のテスト 自分の投稿編集画面のテスト 表示の確認 「Editing Book」と表示される
      [31mFailure/Error: let!(:book) { create(:book, user: user) }[0m
      [31m[0m
      [31mNoMethodError:[0m
      [31m  undefined method `name' for #<Book id: nil, title: "kasr6", body: "dps3wzu47gv2d2sefd60", user_id: 1, created_at: nil, updated_at: nil>[0m
      [36m# /home/ec2-user/.rvm/gems/ruby-3.1.2/gems/factory_bot-6.4.6/lib/factory_bot/evaluation.rb:15:in `create'[0m
      [36m# /home/ec2-user/.rvm/gems/ruby-3.1.2/gems/factory_bot-6.4.6/lib/factory_bot/strategy/create.rb:12:in `block in result'[0m
      [36m# /home/ec2-user/.rvm/gems/ruby-3.1.2/gems/factory_bot-6.4.6/lib/factory_bot/strategy/create.rb:9:in `result'[0m
      [36m# /home/ec2-user/.rvm/gems/ruby-3.1.2/gems/factory_bot-6.4.6/lib/factory_bot/factory.rb:43:in `run'[0m
      [36m# /home/ec2-user/.rvm/gems/ruby-3.1.2/gems/factory_bot-6.4.6/lib/factory_bot/factory_runner.rb:29:in `block in run'[0m
      [36m# /home/ec2-user/.rvm/gems/ruby-3.1.2/gems/factory_bot-6.4.6/lib/factory_bot/factory_runner.rb:28:in `run'[0m
      [36m# /home/ec2-user/.rvm/gems/ruby-3.1.2/gems/factory_bot-6.4.6/lib/factory_bot/strategy_syntax_method_registrar.rb:28:in `block in define_singular_strategy_method'[0m
      [36m# ./spec/system/02_after_login_spec.rb:6:in `block (2 levels) in <main>'[0m

  50) [STEP2] ユーザログイン後のテスト 自分の投稿編集画面のテスト 表示の確認 title編集フォームが表示される
      [31mFailure/Error: let!(:book) { create(:book, user: user) }[0m
      [31m[0m
      [31mNoMethodError:[0m
      [31m  undefined method `name' for #<Book id: nil, title: "f41km", body: "ldgeyxqrgsh9423jeb7w", user_id: 1, created_at: nil, updated_at: nil>[0m
      [36m# /home/ec2-user/.rvm/gems/ruby-3.1.2/gems/factory_bot-6.4.6/lib/factory_bot/evaluation.rb:15:in `create'[0m
      [36m# /home/ec2-user/.rvm/gems/ruby-3.1.2/gems/factory_bot-6.4.6/lib/factory_bot/strategy/create.rb:12:in `block in result'[0m
      [36m# /home/ec2-user/.rvm/gems/ruby-3.1.2/gems/factory_bot-6.4.6/lib/factory_bot/strategy/create.rb:9:in `result'[0m
      [36m# /home/ec2-user/.rvm/gems/ruby-3.1.2/gems/factory_bot-6.4.6/lib/factory_bot/factory.rb:43:in `run'[0m
      [36m# /home/ec2-user/.rvm/gems/ruby-3.1.2/gems/factory_bot-6.4.6/lib/factory_bot/factory_runner.rb:29:in `block in run'[0m
      [36m# /home/ec2-user/.rvm/gems/ruby-3.1.2/gems/factory_bot-6.4.6/lib/factory_bot/factory_runner.rb:28:in `run'[0m
      [36m# /home/ec2-user/.rvm/gems/ruby-3.1.2/gems/factory_bot-6.4.6/lib/factory_bot/strategy_syntax_method_registrar.rb:28:in `block in define_singular_strategy_method'[0m
      [36m# ./spec/system/02_after_login_spec.rb:6:in `block (2 levels) in <main>'[0m

  51) [STEP2] ユーザログイン後のテスト 自分の投稿編集画面のテスト 表示の確認 body編集フォームが表示される
      [31mFailure/Error: let!(:book) { create(:book, user: user) }[0m
      [31m[0m
      [31mNoMethodError:[0m
      [31m  undefined method `name' for #<Book id: nil, title: "av45g", body: "8176erskv4xdr8a6kxf2", user_id: 1, created_at: nil, updated_at: nil>[0m
      [36m# /home/ec2-user/.rvm/gems/ruby-3.1.2/gems/factory_bot-6.4.6/lib/factory_bot/evaluation.rb:15:in `create'[0m
      [36m# /home/ec2-user/.rvm/gems/ruby-3.1.2/gems/factory_bot-6.4.6/lib/factory_bot/strategy/create.rb:12:in `block in result'[0m
      [36m# /home/ec2-user/.rvm/gems/ruby-3.1.2/gems/factory_bot-6.4.6/lib/factory_bot/strategy/create.rb:9:in `result'[0m
      [36m# /home/ec2-user/.rvm/gems/ruby-3.1.2/gems/factory_bot-6.4.6/lib/factory_bot/factory.rb:43:in `run'[0m
      [36m# /home/ec2-user/.rvm/gems/ruby-3.1.2/gems/factory_bot-6.4.6/lib/factory_bot/factory_runner.rb:29:in `block in run'[0m
      [36m# /home/ec2-user/.rvm/gems/ruby-3.1.2/gems/factory_bot-6.4.6/lib/factory_bot/factory_runner.rb:28:in `run'[0m
      [36m# /home/ec2-user/.rvm/gems/ruby-3.1.2/gems/factory_bot-6.4.6/lib/factory_bot/strategy_syntax_method_registrar.rb:28:in `block in define_singular_strategy_method'[0m
      [36m# ./spec/system/02_after_login_spec.rb:6:in `block (2 levels) in <main>'[0m

  52) [STEP2] ユーザログイン後のテスト 自分の投稿編集画面のテスト 表示の確認 Update Bookボタンが表示される
      [31mFailure/Error: let!(:book) { create(:book, user: user) }[0m
      [31m[0m
      [31mNoMethodError:[0m
      [31m  undefined method `name' for #<Book id: nil, title: "aivix", body: "vucjvcqmk2ws7lbc2o2l", user_id: 1, created_at: nil, updated_at: nil>[0m
      [36m# /home/ec2-user/.rvm/gems/ruby-3.1.2/gems/factory_bot-6.4.6/lib/factory_bot/evaluation.rb:15:in `create'[0m
      [36m# /home/ec2-user/.rvm/gems/ruby-3.1.2/gems/factory_bot-6.4.6/lib/factory_bot/strategy/create.rb:12:in `block in result'[0m
      [36m# /home/ec2-user/.rvm/gems/ruby-3.1.2/gems/factory_bot-6.4.6/lib/factory_bot/strategy/create.rb:9:in `result'[0m
      [36m# /home/ec2-user/.rvm/gems/ruby-3.1.2/gems/factory_bot-6.4.6/lib/factory_bot/factory.rb:43:in `run'[0m
      [36m# /home/ec2-user/.rvm/gems/ruby-3.1.2/gems/factory_bot-6.4.6/lib/factory_bot/factory_runner.rb:29:in `block in run'[0m
      [36m# /home/ec2-user/.rvm/gems/ruby-3.1.2/gems/factory_bot-6.4.6/lib/factory_bot/factory_runner.rb:28:in `run'[0m
      [36m# /home/ec2-user/.rvm/gems/ruby-3.1.2/gems/factory_bot-6.4.6/lib/factory_bot/strategy_syntax_method_registrar.rb:28:in `block in define_singular_strategy_method'[0m
      [36m# ./spec/system/02_after_login_spec.rb:6:in `block (2 levels) in <main>'[0m

  53) [STEP2] ユーザログイン後のテスト 自分の投稿編集画面のテスト 表示の確認 Showリンクが表示される
      [31mFailure/Error: let!(:book) { create(:book, user: user) }[0m
      [31m[0m
      [31mNoMethodError:[0m
      [31m  undefined method `name' for #<Book id: nil, title: "leyzr", body: "ghm19asm2z626k1dvus3", user_id: 1, created_at: nil, updated_at: nil>[0m
      [36m# /home/ec2-user/.rvm/gems/ruby-3.1.2/gems/factory_bot-6.4.6/lib/factory_bot/evaluation.rb:15:in `create'[0m
      [36m# /home/ec2-user/.rvm/gems/ruby-3.1.2/gems/factory_bot-6.4.6/lib/factory_bot/strategy/create.rb:12:in `block in result'[0m
      [36m# /home/ec2-user/.rvm/gems/ruby-3.1.2/gems/factory_bot-6.4.6/lib/factory_bot/strategy/create.rb:9:in `result'[0m
      [36m# /home/ec2-user/.rvm/gems/ruby-3.1.2/gems/factory_bot-6.4.6/lib/factory_bot/factory.rb:43:in `run'[0m
      [36m# /home/ec2-user/.rvm/gems/ruby-3.1.2/gems/factory_bot-6.4.6/lib/factory_bot/factory_runner.rb:29:in `block in run'[0m
      [36m# /home/ec2-user/.rvm/gems/ruby-3.1.2/gems/factory_bot-6.4.6/lib/factory_bot/factory_runner.rb:28:in `run'[0m
      [36m# /home/ec2-user/.rvm/gems/ruby-3.1.2/gems/factory_bot-6.4.6/lib/factory_bot/strategy_syntax_method_registrar.rb:28:in `block in define_singular_strategy_method'[0m
      [36m# ./spec/system/02_after_login_spec.rb:6:in `block (2 levels) in <main>'[0m

  54) [STEP2] ユーザログイン後のテスト 自分の投稿編集画面のテスト 表示の確認 Backリンクが表示される
      [31mFailure/Error: let!(:book) { create(:book, user: user) }[0m
      [31m[0m
      [31mNoMethodError:[0m
      [31m  undefined method `name' for #<Book id: nil, title: "5lvch", body: "vmj48gzhl5f7uuwoj9ug", user_id: 1, created_at: nil, updated_at: nil>[0m
      [36m# /home/ec2-user/.rvm/gems/ruby-3.1.2/gems/factory_bot-6.4.6/lib/factory_bot/evaluation.rb:15:in `create'[0m
      [36m# /home/ec2-user/.rvm/gems/ruby-3.1.2/gems/factory_bot-6.4.6/lib/factory_bot/strategy/create.rb:12:in `block in result'[0m
      [36m# /home/ec2-user/.rvm/gems/ruby-3.1.2/gems/factory_bot-6.4.6/lib/factory_bot/strategy/create.rb:9:in `result'[0m
      [36m# /home/ec2-user/.rvm/gems/ruby-3.1.2/gems/factory_bot-6.4.6/lib/factory_bot/factory.rb:43:in `run'[0m
      [36m# /home/ec2-user/.rvm/gems/ruby-3.1.2/gems/factory_bot-6.4.6/lib/factory_bot/factory_runner.rb:29:in `block in run'[0m
      [36m# /home/ec2-user/.rvm/gems/ruby-3.1.2/gems/factory_bot-6.4.6/lib/factory_bot/factory_runner.rb:28:in `run'[0m
      [36m# /home/ec2-user/.rvm/gems/ruby-3.1.2/gems/factory_bot-6.4.6/lib/factory_bot/strategy_syntax_method_registrar.rb:28:in `block in define_singular_strategy_method'[0m
      [36m# ./spec/system/02_after_login_spec.rb:6:in `block (2 levels) in <main>'[0m

  55) [STEP2] ユーザログイン後のテスト 自分の投稿編集画面のテスト 編集成功のテスト titleが正しく更新される
      [31mFailure/Error: let!(:book) { create(:book, user: user) }[0m
      [31m[0m
      [31mNoMethodError:[0m
      [31m  undefined method `name' for #<Book id: nil, title: "47wew", body: "7fgxbxovr5vqd6pfg036", user_id: 1, created_at: nil, updated_at: nil>[0m
      [36m# /home/ec2-user/.rvm/gems/ruby-3.1.2/gems/factory_bot-6.4.6/lib/factory_bot/evaluation.rb:15:in `create'[0m
      [36m# /home/ec2-user/.rvm/gems/ruby-3.1.2/gems/factory_bot-6.4.6/lib/factory_bot/strategy/create.rb:12:in `block in result'[0m
      [36m# /home/ec2-user/.rvm/gems/ruby-3.1.2/gems/factory_bot-6.4.6/lib/factory_bot/strategy/create.rb:9:in `result'[0m
      [36m# /home/ec2-user/.rvm/gems/ruby-3.1.2/gems/factory_bot-6.4.6/lib/factory_bot/factory.rb:43:in `run'[0m
      [36m# /home/ec2-user/.rvm/gems/ruby-3.1.2/gems/factory_bot-6.4.6/lib/factory_bot/factory_runner.rb:29:in `block in run'[0m
      [36m# /home/ec2-user/.rvm/gems/ruby-3.1.2/gems/factory_bot-6.4.6/lib/factory_bot/factory_runner.rb:28:in `run'[0m
      [36m# /home/ec2-user/.rvm/gems/ruby-3.1.2/gems/factory_bot-6.4.6/lib/factory_bot/strategy_syntax_method_registrar.rb:28:in `block in define_singular_strategy_method'[0m
      [36m# ./spec/system/02_after_login_spec.rb:6:in `block (2 levels) in <main>'[0m

  56) [STEP2] ユーザログイン後のテスト 自分の投稿編集画面のテスト 編集成功のテスト bodyが正しく更新される
      [31mFailure/Error: let!(:book) { create(:book, user: user) }[0m
      [31m[0m
      [31mNoMethodError:[0m
      [31m  undefined method `name' for #<Book id: nil, title: "suurv", body: "144nuye4y5y0lasvuc8q", user_id: 1, created_at: nil, updated_at: nil>[0m
      [36m# /home/ec2-user/.rvm/gems/ruby-3.1.2/gems/factory_bot-6.4.6/lib/factory_bot/evaluation.rb:15:in `create'[0m
      [36m# /home/ec2-user/.rvm/gems/ruby-3.1.2/gems/factory_bot-6.4.6/lib/factory_bot/strategy/create.rb:12:in `block in result'[0m
      [36m# /home/ec2-user/.rvm/gems/ruby-3.1.2/gems/factory_bot-6.4.6/lib/factory_bot/strategy/create.rb:9:in `result'[0m
      [36m# /home/ec2-user/.rvm/gems/ruby-3.1.2/gems/factory_bot-6.4.6/lib/factory_bot/factory.rb:43:in `run'[0m
      [36m# /home/ec2-user/.rvm/gems/ruby-3.1.2/gems/factory_bot-6.4.6/lib/factory_bot/factory_runner.rb:29:in `block in run'[0m
      [36m# /home/ec2-user/.rvm/gems/ruby-3.1.2/gems/factory_bot-6.4.6/lib/factory_bot/factory_runner.rb:28:in `run'[0m
      [36m# /home/ec2-user/.rvm/gems/ruby-3.1.2/gems/factory_bot-6.4.6/lib/factory_bot/strategy_syntax_method_registrar.rb:28:in `block in define_singular_strategy_method'[0m
      [36m# ./spec/system/02_after_login_spec.rb:6:in `block (2 levels) in <main>'[0m

  57) [STEP2] ユーザログイン後のテスト 自分の投稿編集画面のテスト 編集成功のテスト リダイレクト先が、更新した投稿の詳細画面になっている
      [31mFailure/Error: let!(:book) { create(:book, user: user) }[0m
      [31m[0m
      [31mNoMethodError:[0m
      [31m  undefined method `name' for #<Book id: nil, title: "5q8rz", body: "0a5qaq9a5i0kl7zhpxme", user_id: 1, created_at: nil, updated_at: nil>[0m
      [36m# /home/ec2-user/.rvm/gems/ruby-3.1.2/gems/factory_bot-6.4.6/lib/factory_bot/evaluation.rb:15:in `create'[0m
      [36m# /home/ec2-user/.rvm/gems/ruby-3.1.2/gems/factory_bot-6.4.6/lib/factory_bot/strategy/create.rb:12:in `block in result'[0m
      [36m# /home/ec2-user/.rvm/gems/ruby-3.1.2/gems/factory_bot-6.4.6/lib/factory_bot/strategy/create.rb:9:in `result'[0m
      [36m# /home/ec2-user/.rvm/gems/ruby-3.1.2/gems/factory_bot-6.4.6/lib/factory_bot/factory.rb:43:in `run'[0m
      [36m# /home/ec2-user/.rvm/gems/ruby-3.1.2/gems/factory_bot-6.4.6/lib/factory_bot/factory_runner.rb:29:in `block in run'[0m
      [36m# /home/ec2-user/.rvm/gems/ruby-3.1.2/gems/factory_bot-6.4.6/lib/factory_bot/factory_runner.rb:28:in `run'[0m
      [36m# /home/ec2-user/.rvm/gems/ruby-3.1.2/gems/factory_bot-6.4.6/lib/factory_bot/strategy_syntax_method_registrar.rb:28:in `block in define_singular_strategy_method'[0m
      [36m# ./spec/system/02_after_login_spec.rb:6:in `block (2 levels) in <main>'[0m

  58) [STEP2] ユーザログイン後のテスト ユーザ一覧画面のテスト 表示内容の確認 URLが正しい
      [31mFailure/Error: let!(:book) { create(:book, user: user) }[0m
      [31m[0m
      [31mNoMethodError:[0m
      [31m  undefined method `name' for #<Book id: nil, title: "3wuyh", body: "w0mc200bd5lw487nueeh", user_id: 1, created_at: nil, updated_at: nil>[0m
      [36m# /home/ec2-user/.rvm/gems/ruby-3.1.2/gems/factory_bot-6.4.6/lib/factory_bot/evaluation.rb:15:in `create'[0m
      [36m# /home/ec2-user/.rvm/gems/ruby-3.1.2/gems/factory_bot-6.4.6/lib/factory_bot/strategy/create.rb:12:in `block in result'[0m
      [36m# /home/ec2-user/.rvm/gems/ruby-3.1.2/gems/factory_bot-6.4.6/lib/factory_bot/strategy/create.rb:9:in `result'[0m
      [36m# /home/ec2-user/.rvm/gems/ruby-3.1.2/gems/factory_bot-6.4.6/lib/factory_bot/factory.rb:43:in `run'[0m
      [36m# /home/ec2-user/.rvm/gems/ruby-3.1.2/gems/factory_bot-6.4.6/lib/factory_bot/factory_runner.rb:29:in `block in run'[0m
      [36m# /home/ec2-user/.rvm/gems/ruby-3.1.2/gems/factory_bot-6.4.6/lib/factory_bot/factory_runner.rb:28:in `run'[0m
      [36m# /home/ec2-user/.rvm/gems/ruby-3.1.2/gems/factory_bot-6.4.6/lib/factory_bot/strategy_syntax_method_registrar.rb:28:in `block in define_singular_strategy_method'[0m
      [36m# ./spec/system/02_after_login_spec.rb:6:in `block (2 levels) in <main>'[0m

  59) [STEP2] ユーザログイン後のテスト ユーザ一覧画面のテスト 表示内容の確認 自分と他人の画像が表示される: fallbackの画像がサイドバーの1つ＋一覧(2人)の2つの計3つ存在する
      [31mFailure/Error: let!(:book) { create(:book, user: user) }[0m
      [31m[0m
      [31mNoMethodError:[0m
      [31m  undefined method `name' for #<Book id: nil, title: "mp1es", body: "x6u2u3cgxe47mendqsp6", user_id: 1, created_at: nil, updated_at: nil>[0m
      [36m# /home/ec2-user/.rvm/gems/ruby-3.1.2/gems/factory_bot-6.4.6/lib/factory_bot/evaluation.rb:15:in `create'[0m
      [36m# /home/ec2-user/.rvm/gems/ruby-3.1.2/gems/factory_bot-6.4.6/lib/factory_bot/strategy/create.rb:12:in `block in result'[0m
      [36m# /home/ec2-user/.rvm/gems/ruby-3.1.2/gems/factory_bot-6.4.6/lib/factory_bot/strategy/create.rb:9:in `result'[0m
      [36m# /home/ec2-user/.rvm/gems/ruby-3.1.2/gems/factory_bot-6.4.6/lib/factory_bot/factory.rb:43:in `run'[0m
      [36m# /home/ec2-user/.rvm/gems/ruby-3.1.2/gems/factory_bot-6.4.6/lib/factory_bot/factory_runner.rb:29:in `block in run'[0m
      [36m# /home/ec2-user/.rvm/gems/ruby-3.1.2/gems/factory_bot-6.4.6/lib/factory_bot/factory_runner.rb:28:in `run'[0m
      [36m# /home/ec2-user/.rvm/gems/ruby-3.1.2/gems/factory_bot-6.4.6/lib/factory_bot/strategy_syntax_method_registrar.rb:28:in `block in define_singular_strategy_method'[0m
      [36m# ./spec/system/02_after_login_spec.rb:6:in `block (2 levels) in <main>'[0m

  60) [STEP2] ユーザログイン後のテスト ユーザ一覧画面のテスト 表示内容の確認 自分と他人の名前がそれぞれ表示される
      [31mFailure/Error: let!(:book) { create(:book, user: user) }[0m
      [31m[0m
      [31mNoMethodError:[0m
      [31m  undefined method `name' for #<Book id: nil, title: "1quhu", body: "vfu7jgpydr44qim9ypmt", user_id: 1, created_at: nil, updated_at: nil>[0m
      [36m# /home/ec2-user/.rvm/gems/ruby-3.1.2/gems/factory_bot-6.4.6/lib/factory_bot/evaluation.rb:15:in `create'[0m
      [36m# /home/ec2-user/.rvm/gems/ruby-3.1.2/gems/factory_bot-6.4.6/lib/factory_bot/strategy/create.rb:12:in `block in result'[0m
      [36m# /home/ec2-user/.rvm/gems/ruby-3.1.2/gems/factory_bot-6.4.6/lib/factory_bot/strategy/create.rb:9:in `result'[0m
      [36m# /home/ec2-user/.rvm/gems/ruby-3.1.2/gems/factory_bot-6.4.6/lib/factory_bot/factory.rb:43:in `run'[0m
      [36m# /home/ec2-user/.rvm/gems/ruby-3.1.2/gems/factory_bot-6.4.6/lib/factory_bot/factory_runner.rb:29:in `block in run'[0m
      [36m# /home/ec2-user/.rvm/gems/ruby-3.1.2/gems/factory_bot-6.4.6/lib/factory_bot/factory_runner.rb:28:in `run'[0m
      [36m# /home/ec2-user/.rvm/gems/ruby-3.1.2/gems/factory_bot-6.4.6/lib/factory_bot/strategy_syntax_method_registrar.rb:28:in `block in define_singular_strategy_method'[0m
      [36m# ./spec/system/02_after_login_spec.rb:6:in `block (2 levels) in <main>'[0m

  61) [STEP2] ユーザログイン後のテスト ユーザ一覧画面のテスト 表示内容の確認 自分と他人のshowリンクがそれぞれ表示される
      [31mFailure/Error: let!(:book) { create(:book, user: user) }[0m
      [31m[0m
      [31mNoMethodError:[0m
      [31m  undefined method `name' for #<Book id: nil, title: "l9f2i", body: "xnr0yxoeasir8icl9u92", user_id: 1, created_at: nil, updated_at: nil>[0m
      [36m# /home/ec2-user/.rvm/gems/ruby-3.1.2/gems/factory_bot-6.4.6/lib/factory_bot/evaluation.rb:15:in `create'[0m
      [36m# /home/ec2-user/.rvm/gems/ruby-3.1.2/gems/factory_bot-6.4.6/lib/factory_bot/strategy/create.rb:12:in `block in result'[0m
      [36m# /home/ec2-user/.rvm/gems/ruby-3.1.2/gems/factory_bot-6.4.6/lib/factory_bot/strategy/create.rb:9:in `result'[0m
      [36m# /home/ec2-user/.rvm/gems/ruby-3.1.2/gems/factory_bot-6.4.6/lib/factory_bot/factory.rb:43:in `run'[0m
      [36m# /home/ec2-user/.rvm/gems/ruby-3.1.2/gems/factory_bot-6.4.6/lib/factory_bot/factory_runner.rb:29:in `block in run'[0m
      [36m# /home/ec2-user/.rvm/gems/ruby-3.1.2/gems/factory_bot-6.4.6/lib/factory_bot/factory_runner.rb:28:in `run'[0m
      [36m# /home/ec2-user/.rvm/gems/ruby-3.1.2/gems/factory_bot-6.4.6/lib/factory_bot/strategy_syntax_method_registrar.rb:28:in `block in define_singular_strategy_method'[0m
      [36m# ./spec/system/02_after_login_spec.rb:6:in `block (2 levels) in <main>'[0m

  62) [STEP2] ユーザログイン後のテスト ユーザ一覧画面のテスト サイドバーの確認 自分の名前と紹介文が表示される
      [31mFailure/Error: let!(:book) { create(:book, user: user) }[0m
      [31m[0m
      [31mNoMethodError:[0m
      [31m  undefined method `name' for #<Book id: nil, title: "e4t6d", body: "ikjyjk0a8mi8eurhlrvw", user_id: 1, created_at: nil, updated_at: nil>[0m
      [36m# /home/ec2-user/.rvm/gems/ruby-3.1.2/gems/factory_bot-6.4.6/lib/factory_bot/evaluation.rb:15:in `create'[0m
      [36m# /home/ec2-user/.rvm/gems/ruby-3.1.2/gems/factory_bot-6.4.6/lib/factory_bot/strategy/create.rb:12:in `block in result'[0m
      [36m# /home/ec2-user/.rvm/gems/ruby-3.1.2/gems/factory_bot-6.4.6/lib/factory_bot/strategy/create.rb:9:in `result'[0m
      [36m# /home/ec2-user/.rvm/gems/ruby-3.1.2/gems/factory_bot-6.4.6/lib/factory_bot/factory.rb:43:in `run'[0m
      [36m# /home/ec2-user/.rvm/gems/ruby-3.1.2/gems/factory_bot-6.4.6/lib/factory_bot/factory_runner.rb:29:in `block in run'[0m
      [36m# /home/ec2-user/.rvm/gems/ruby-3.1.2/gems/factory_bot-6.4.6/lib/factory_bot/factory_runner.rb:28:in `run'[0m
      [36m# /home/ec2-user/.rvm/gems/ruby-3.1.2/gems/factory_bot-6.4.6/lib/factory_bot/strategy_syntax_method_registrar.rb:28:in `block in define_singular_strategy_method'[0m
      [36m# ./spec/system/02_after_login_spec.rb:6:in `block (2 levels) in <main>'[0m

  63) [STEP2] ユーザログイン後のテスト ユーザ一覧画面のテスト サイドバーの確認 自分のユーザ編集画面へのリンクが存在する
      [31mFailure/Error: let!(:book) { create(:book, user: user) }[0m
      [31m[0m
      [31mNoMethodError:[0m
      [31m  undefined method `name' for #<Book id: nil, title: "27hp2", body: "i1xsbnqqb2nzzk6wanbe", user_id: 1, created_at: nil, updated_at: nil>[0m
      [36m# /home/ec2-user/.rvm/gems/ruby-3.1.2/gems/factory_bot-6.4.6/lib/factory_bot/evaluation.rb:15:in `create'[0m
      [36m# /home/ec2-user/.rvm/gems/ruby-3.1.2/gems/factory_bot-6.4.6/lib/factory_bot/strategy/create.rb:12:in `block in result'[0m
      [36m# /home/ec2-user/.rvm/gems/ruby-3.1.2/gems/factory_bot-6.4.6/lib/factory_bot/strategy/create.rb:9:in `result'[0m
      [36m# /home/ec2-user/.rvm/gems/ruby-3.1.2/gems/factory_bot-6.4.6/lib/factory_bot/factory.rb:43:in `run'[0m
      [36m# /home/ec2-user/.rvm/gems/ruby-3.1.2/gems/factory_bot-6.4.6/lib/factory_bot/factory_runner.rb:29:in `block in run'[0m
      [36m# /home/ec2-user/.rvm/gems/ruby-3.1.2/gems/factory_bot-6.4.6/lib/factory_bot/factory_runner.rb:28:in `run'[0m
      [36m# /home/ec2-user/.rvm/gems/ruby-3.1.2/gems/factory_bot-6.4.6/lib/factory_bot/strategy_syntax_method_registrar.rb:28:in `block in define_singular_strategy_method'[0m
      [36m# ./spec/system/02_after_login_spec.rb:6:in `block (2 levels) in <main>'[0m

  64) [STEP2] ユーザログイン後のテスト ユーザ一覧画面のテスト サイドバーの確認 「New book」と表示される
      [31mFailure/Error: let!(:book) { create(:book, user: user) }[0m
      [31m[0m
      [31mNoMethodError:[0m
      [31m  undefined method `name' for #<Book id: nil, title: "c1st2", body: "9av3x9dw4ela55ypd73t", user_id: 1, created_at: nil, updated_at: nil>[0m
      [36m# /home/ec2-user/.rvm/gems/ruby-3.1.2/gems/factory_bot-6.4.6/lib/factory_bot/evaluation.rb:15:in `create'[0m
      [36m# /home/ec2-user/.rvm/gems/ruby-3.1.2/gems/factory_bot-6.4.6/lib/factory_bot/strategy/create.rb:12:in `block in result'[0m
      [36m# /home/ec2-user/.rvm/gems/ruby-3.1.2/gems/factory_bot-6.4.6/lib/factory_bot/strategy/create.rb:9:in `result'[0m
      [36m# /home/ec2-user/.rvm/gems/ruby-3.1.2/gems/factory_bot-6.4.6/lib/factory_bot/factory.rb:43:in `run'[0m
      [36m# /home/ec2-user/.rvm/gems/ruby-3.1.2/gems/factory_bot-6.4.6/lib/factory_bot/factory_runner.rb:29:in `block in run'[0m
      [36m# /home/ec2-user/.rvm/gems/ruby-3.1.2/gems/factory_bot-6.4.6/lib/factory_bot/factory_runner.rb:28:in `run'[0m
      [36m# /home/ec2-user/.rvm/gems/ruby-3.1.2/gems/factory_bot-6.4.6/lib/factory_bot/strategy_syntax_method_registrar.rb:28:in `block in define_singular_strategy_method'[0m
      [36m# ./spec/system/02_after_login_spec.rb:6:in `block (2 levels) in <main>'[0m

  65) [STEP2] ユーザログイン後のテスト ユーザ一覧画面のテスト サイドバーの確認 titleフォームが表示される
      [31mFailure/Error: let!(:book) { create(:book, user: user) }[0m
      [31m[0m
      [31mNoMethodError:[0m
      [31m  undefined method `name' for #<Book id: nil, title: "kzkly", body: "36ijvvrdnlqbn2gjcxaq", user_id: 1, created_at: nil, updated_at: nil>[0m
      [36m# /home/ec2-user/.rvm/gems/ruby-3.1.2/gems/factory_bot-6.4.6/lib/factory_bot/evaluation.rb:15:in `create'[0m
      [36m# /home/ec2-user/.rvm/gems/ruby-3.1.2/gems/factory_bot-6.4.6/lib/factory_bot/strategy/create.rb:12:in `block in result'[0m
      [36m# /home/ec2-user/.rvm/gems/ruby-3.1.2/gems/factory_bot-6.4.6/lib/factory_bot/strategy/create.rb:9:in `result'[0m
      [36m# /home/ec2-user/.rvm/gems/ruby-3.1.2/gems/factory_bot-6.4.6/lib/factory_bot/factory.rb:43:in `run'[0m
      [36m# /home/ec2-user/.rvm/gems/ruby-3.1.2/gems/factory_bot-6.4.6/lib/factory_bot/factory_runner.rb:29:in `block in run'[0m
      [36m# /home/ec2-user/.rvm/gems/ruby-3.1.2/gems/factory_bot-6.4.6/lib/factory_bot/factory_runner.rb:28:in `run'[0m
      [36m# /home/ec2-user/.rvm/gems/ruby-3.1.2/gems/factory_bot-6.4.6/lib/factory_bot/strategy_syntax_method_registrar.rb:28:in `block in define_singular_strategy_method'[0m
      [36m# ./spec/system/02_after_login_spec.rb:6:in `block (2 levels) in <main>'[0m

  66) [STEP2] ユーザログイン後のテスト ユーザ一覧画面のテスト サイドバーの確認 titleフォームに値が入っていない
      [31mFailure/Error: let!(:book) { create(:book, user: user) }[0m
      [31m[0m
      [31mNoMethodError:[0m
      [31m  undefined method `name' for #<Book id: nil, title: "l2ovg", body: "wls2jyb0t0kcp08meuvy", user_id: 1, created_at: nil, updated_at: nil>[0m
      [36m# /home/ec2-user/.rvm/gems/ruby-3.1.2/gems/factory_bot-6.4.6/lib/factory_bot/evaluation.rb:15:in `create'[0m
      [36m# /home/ec2-user/.rvm/gems/ruby-3.1.2/gems/factory_bot-6.4.6/lib/factory_bot/strategy/create.rb:12:in `block in result'[0m
      [36m# /home/ec2-user/.rvm/gems/ruby-3.1.2/gems/factory_bot-6.4.6/lib/factory_bot/strategy/create.rb:9:in `result'[0m
      [36m# /home/ec2-user/.rvm/gems/ruby-3.1.2/gems/factory_bot-6.4.6/lib/factory_bot/factory.rb:43:in `run'[0m
      [36m# /home/ec2-user/.rvm/gems/ruby-3.1.2/gems/factory_bot-6.4.6/lib/factory_bot/factory_runner.rb:29:in `block in run'[0m
      [36m# /home/ec2-user/.rvm/gems/ruby-3.1.2/gems/factory_bot-6.4.6/lib/factory_bot/factory_runner.rb:28:in `run'[0m
      [36m# /home/ec2-user/.rvm/gems/ruby-3.1.2/gems/factory_bot-6.4.6/lib/factory_bot/strategy_syntax_method_registrar.rb:28:in `block in define_singular_strategy_method'[0m
      [36m# ./spec/system/02_after_login_spec.rb:6:in `block (2 levels) in <main>'[0m

  67) [STEP2] ユーザログイン後のテスト ユーザ一覧画面のテスト サイドバーの確認 bodyフォームが表示される
      [31mFailure/Error: let!(:book) { create(:book, user: user) }[0m
      [31m[0m
      [31mNoMethodError:[0m
      [31m  undefined method `name' for #<Book id: nil, title: "fwkmm", body: "9weg6aeta6h8wgh0aget", user_id: 1, created_at: nil, updated_at: nil>[0m
      [36m# /home/ec2-user/.rvm/gems/ruby-3.1.2/gems/factory_bot-6.4.6/lib/factory_bot/evaluation.rb:15:in `create'[0m
      [36m# /home/ec2-user/.rvm/gems/ruby-3.1.2/gems/factory_bot-6.4.6/lib/factory_bot/strategy/create.rb:12:in `block in result'[0m
      [36m# /home/ec2-user/.rvm/gems/ruby-3.1.2/gems/factory_bot-6.4.6/lib/factory_bot/strategy/create.rb:9:in `result'[0m
      [36m# /home/ec2-user/.rvm/gems/ruby-3.1.2/gems/factory_bot-6.4.6/lib/factory_bot/factory.rb:43:in `run'[0m
      [36m# /home/ec2-user/.rvm/gems/ruby-3.1.2/gems/factory_bot-6.4.6/lib/factory_bot/factory_runner.rb:29:in `block in run'[0m
      [36m# /home/ec2-user/.rvm/gems/ruby-3.1.2/gems/factory_bot-6.4.6/lib/factory_bot/factory_runner.rb:28:in `run'[0m
      [36m# /home/ec2-user/.rvm/gems/ruby-3.1.2/gems/factory_bot-6.4.6/lib/factory_bot/strategy_syntax_method_registrar.rb:28:in `block in define_singular_strategy_method'[0m
      [36m# ./spec/system/02_after_login_spec.rb:6:in `block (2 levels) in <main>'[0m

  68) [STEP2] ユーザログイン後のテスト ユーザ一覧画面のテスト サイドバーの確認 bodyフォームに値が入っていない
      [31mFailure/Error: let!(:book) { create(:book, user: user) }[0m
      [31m[0m
      [31mNoMethodError:[0m
      [31m  undefined method `name' for #<Book id: nil, title: "6tar9", body: "1ii2da3sisab9epeilyb", user_id: 1, created_at: nil, updated_at: nil>[0m
      [36m# /home/ec2-user/.rvm/gems/ruby-3.1.2/gems/factory_bot-6.4.6/lib/factory_bot/evaluation.rb:15:in `create'[0m
      [36m# /home/ec2-user/.rvm/gems/ruby-3.1.2/gems/factory_bot-6.4.6/lib/factory_bot/strategy/create.rb:12:in `block in result'[0m
      [36m# /home/ec2-user/.rvm/gems/ruby-3.1.2/gems/factory_bot-6.4.6/lib/factory_bot/strategy/create.rb:9:in `result'[0m
      [36m# /home/ec2-user/.rvm/gems/ruby-3.1.2/gems/factory_bot-6.4.6/lib/factory_bot/factory.rb:43:in `run'[0m
      [36m# /home/ec2-user/.rvm/gems/ruby-3.1.2/gems/factory_bot-6.4.6/lib/factory_bot/factory_runner.rb:29:in `block in run'[0m
      [36m# /home/ec2-user/.rvm/gems/ruby-3.1.2/gems/factory_bot-6.4.6/lib/factory_bot/factory_runner.rb:28:in `run'[0m
      [36m# /home/ec2-user/.rvm/gems/ruby-3.1.2/gems/factory_bot-6.4.6/lib/factory_bot/strategy_syntax_method_registrar.rb:28:in `block in define_singular_strategy_method'[0m
      [36m# ./spec/system/02_after_login_spec.rb:6:in `block (2 levels) in <main>'[0m

  69) [STEP2] ユーザログイン後のテスト ユーザ一覧画面のテスト サイドバーの確認 Create Bookボタンが表示される
      [31mFailure/Error: let!(:book) { create(:book, user: user) }[0m
      [31m[0m
      [31mNoMethodError:[0m
      [31m  undefined method `name' for #<Book id: nil, title: "40mrj", body: "wuluduwnvpnxn22i7cte", user_id: 1, created_at: nil, updated_at: nil>[0m
      [36m# /home/ec2-user/.rvm/gems/ruby-3.1.2/gems/factory_bot-6.4.6/lib/factory_bot/evaluation.rb:15:in `create'[0m
      [36m# /home/ec2-user/.rvm/gems/ruby-3.1.2/gems/factory_bot-6.4.6/lib/factory_bot/strategy/create.rb:12:in `block in result'[0m
      [36m# /home/ec2-user/.rvm/gems/ruby-3.1.2/gems/factory_bot-6.4.6/lib/factory_bot/strategy/create.rb:9:in `result'[0m
      [36m# /home/ec2-user/.rvm/gems/ruby-3.1.2/gems/factory_bot-6.4.6/lib/factory_bot/factory.rb:43:in `run'[0m
      [36m# /home/ec2-user/.rvm/gems/ruby-3.1.2/gems/factory_bot-6.4.6/lib/factory_bot/factory_runner.rb:29:in `block in run'[0m
      [36m# /home/ec2-user/.rvm/gems/ruby-3.1.2/gems/factory_bot-6.4.6/lib/factory_bot/factory_runner.rb:28:in `run'[0m
      [36m# /home/ec2-user/.rvm/gems/ruby-3.1.2/gems/factory_bot-6.4.6/lib/factory_bot/strategy_syntax_method_registrar.rb:28:in `block in define_singular_strategy_method'[0m
      [36m# ./spec/system/02_after_login_spec.rb:6:in `block (2 levels) in <main>'[0m

  70) [STEP2] ユーザログイン後のテスト 自分のユーザ詳細画面のテスト 表示の確認 URLが正しい
      [31mFailure/Error: let!(:book) { create(:book, user: user) }[0m
      [31m[0m
      [31mNoMethodError:[0m
      [31m  undefined method `name' for #<Book id: nil, title: "owyyw", body: "0rco4diczaha93vs9313", user_id: 1, created_at: nil, updated_at: nil>[0m
      [36m# /home/ec2-user/.rvm/gems/ruby-3.1.2/gems/factory_bot-6.4.6/lib/factory_bot/evaluation.rb:15:in `create'[0m
      [36m# /home/ec2-user/.rvm/gems/ruby-3.1.2/gems/factory_bot-6.4.6/lib/factory_bot/strategy/create.rb:12:in `block in result'[0m
      [36m# /home/ec2-user/.rvm/gems/ruby-3.1.2/gems/factory_bot-6.4.6/lib/factory_bot/strategy/create.rb:9:in `result'[0m
      [36m# /home/ec2-user/.rvm/gems/ruby-3.1.2/gems/factory_bot-6.4.6/lib/factory_bot/factory.rb:43:in `run'[0m
      [36m# /home/ec2-user/.rvm/gems/ruby-3.1.2/gems/factory_bot-6.4.6/lib/factory_bot/factory_runner.rb:29:in `block in run'[0m
      [36m# /home/ec2-user/.rvm/gems/ruby-3.1.2/gems/factory_bot-6.4.6/lib/factory_bot/factory_runner.rb:28:in `run'[0m
      [36m# /home/ec2-user/.rvm/gems/ruby-3.1.2/gems/factory_bot-6.4.6/lib/factory_bot/strategy_syntax_method_registrar.rb:28:in `block in define_singular_strategy_method'[0m
      [36m# ./spec/system/02_after_login_spec.rb:6:in `block (2 levels) in <main>'[0m

  71) [STEP2] ユーザログイン後のテスト 自分のユーザ詳細画面のテスト 表示の確認 投稿一覧のユーザ画像のリンク先が正しい
      [31mFailure/Error: let!(:book) { create(:book, user: user) }[0m
      [31m[0m
      [31mNoMethodError:[0m
      [31m  undefined method `name' for #<Book id: nil, title: "xycj8", body: "4yi2d9v98t1boz5d1p2s", user_id: 1, created_at: nil, updated_at: nil>[0m
      [36m# /home/ec2-user/.rvm/gems/ruby-3.1.2/gems/factory_bot-6.4.6/lib/factory_bot/evaluation.rb:15:in `create'[0m
      [36m# /home/ec2-user/.rvm/gems/ruby-3.1.2/gems/factory_bot-6.4.6/lib/factory_bot/strategy/create.rb:12:in `block in result'[0m
      [36m# /home/ec2-user/.rvm/gems/ruby-3.1.2/gems/factory_bot-6.4.6/lib/factory_bot/strategy/create.rb:9:in `result'[0m
      [36m# /home/ec2-user/.rvm/gems/ruby-3.1.2/gems/factory_bot-6.4.6/lib/factory_bot/factory.rb:43:in `run'[0m
      [36m# /home/ec2-user/.rvm/gems/ruby-3.1.2/gems/factory_bot-6.4.6/lib/factory_bot/factory_runner.rb:29:in `block in run'[0m
      [36m# /home/ec2-user/.rvm/gems/ruby-3.1.2/gems/factory_bot-6.4.6/lib/factory_bot/factory_runner.rb:28:in `run'[0m
      [36m# /home/ec2-user/.rvm/gems/ruby-3.1.2/gems/factory_bot-6.4.6/lib/factory_bot/strategy_syntax_method_registrar.rb:28:in `block in define_singular_strategy_method'[0m
      [36m# ./spec/system/02_after_login_spec.rb:6:in `block (2 levels) in <main>'[0m

  72) [STEP2] ユーザログイン後のテスト 自分のユーザ詳細画面のテスト 表示の確認 投稿一覧に自分の投稿のtitleが表示され、リンクが正しい
      [31mFailure/Error: let!(:book) { create(:book, user: user) }[0m
      [31m[0m
      [31mNoMethodError:[0m
      [31m  undefined method `name' for #<Book id: nil, title: "1zstg", body: "6bxqkmgufrntsyrxxh4r", user_id: 1, created_at: nil, updated_at: nil>[0m
      [36m# /home/ec2-user/.rvm/gems/ruby-3.1.2/gems/factory_bot-6.4.6/lib/factory_bot/evaluation.rb:15:in `create'[0m
      [36m# /home/ec2-user/.rvm/gems/ruby-3.1.2/gems/factory_bot-6.4.6/lib/factory_bot/strategy/create.rb:12:in `block in result'[0m
      [36m# /home/ec2-user/.rvm/gems/ruby-3.1.2/gems/factory_bot-6.4.6/lib/factory_bot/strategy/create.rb:9:in `result'[0m
      [36m# /home/ec2-user/.rvm/gems/ruby-3.1.2/gems/factory_bot-6.4.6/lib/factory_bot/factory.rb:43:in `run'[0m
      [36m# /home/ec2-user/.rvm/gems/ruby-3.1.2/gems/factory_bot-6.4.6/lib/factory_bot/factory_runner.rb:29:in `block in run'[0m
      [36m# /home/ec2-user/.rvm/gems/ruby-3.1.2/gems/factory_bot-6.4.6/lib/factory_bot/factory_runner.rb:28:in `run'[0m
      [36m# /home/ec2-user/.rvm/gems/ruby-3.1.2/gems/factory_bot-6.4.6/lib/factory_bot/strategy_syntax_method_registrar.rb:28:in `block in define_singular_strategy_method'[0m
      [36m# ./spec/system/02_after_login_spec.rb:6:in `block (2 levels) in <main>'[0m

  73) [STEP2] ユーザログイン後のテスト 自分のユーザ詳細画面のテスト 表示の確認 投稿一覧に自分の投稿のbodyが表示される
      [31mFailure/Error: let!(:book) { create(:book, user: user) }[0m
      [31m[0m
      [31mNoMethodError:[0m
      [31m  undefined method `name' for #<Book id: nil, title: "iedwr", body: "pmpjvw0lsj9r7nffttjq", user_id: 1, created_at: nil, updated_at: nil>[0m
      [36m# /home/ec2-user/.rvm/gems/ruby-3.1.2/gems/factory_bot-6.4.6/lib/factory_bot/evaluation.rb:15:in `create'[0m
      [36m# /home/ec2-user/.rvm/gems/ruby-3.1.2/gems/factory_bot-6.4.6/lib/factory_bot/strategy/create.rb:12:in `block in result'[0m
      [36m# /home/ec2-user/.rvm/gems/ruby-3.1.2/gems/factory_bot-6.4.6/lib/factory_bot/strategy/create.rb:9:in `result'[0m
      [36m# /home/ec2-user/.rvm/gems/ruby-3.1.2/gems/factory_bot-6.4.6/lib/factory_bot/factory.rb:43:in `run'[0m
      [36m# /home/ec2-user/.rvm/gems/ruby-3.1.2/gems/factory_bot-6.4.6/lib/factory_bot/factory_runner.rb:29:in `block in run'[0m
      [36m# /home/ec2-user/.rvm/gems/ruby-3.1.2/gems/factory_bot-6.4.6/lib/factory_bot/factory_runner.rb:28:in `run'[0m
      [36m# /home/ec2-user/.rvm/gems/ruby-3.1.2/gems/factory_bot-6.4.6/lib/factory_bot/strategy_syntax_method_registrar.rb:28:in `block in define_singular_strategy_method'[0m
      [36m# ./spec/system/02_after_login_spec.rb:6:in `block (2 levels) in <main>'[0m

  74) [STEP2] ユーザログイン後のテスト 自分のユーザ詳細画面のテスト 表示の確認 他人の投稿は表示されない
      [31mFailure/Error: let!(:book) { create(:book, user: user) }[0m
      [31m[0m
      [31mNoMethodError:[0m
      [31m  undefined method `name' for #<Book id: nil, title: "0uwpp", body: "qe1gr02ealhjaj51fy2f", user_id: 1, created_at: nil, updated_at: nil>[0m
      [36m# /home/ec2-user/.rvm/gems/ruby-3.1.2/gems/factory_bot-6.4.6/lib/factory_bot/evaluation.rb:15:in `create'[0m
      [36m# /home/ec2-user/.rvm/gems/ruby-3.1.2/gems/factory_bot-6.4.6/lib/factory_bot/strategy/create.rb:12:in `block in result'[0m
      [36m# /home/ec2-user/.rvm/gems/ruby-3.1.2/gems/factory_bot-6.4.6/lib/factory_bot/strategy/create.rb:9:in `result'[0m
      [36m# /home/ec2-user/.rvm/gems/ruby-3.1.2/gems/factory_bot-6.4.6/lib/factory_bot/factory.rb:43:in `run'[0m
      [36m# /home/ec2-user/.rvm/gems/ruby-3.1.2/gems/factory_bot-6.4.6/lib/factory_bot/factory_runner.rb:29:in `block in run'[0m
      [36m# /home/ec2-user/.rvm/gems/ruby-3.1.2/gems/factory_bot-6.4.6/lib/factory_bot/factory_runner.rb:28:in `run'[0m
      [36m# /home/ec2-user/.rvm/gems/ruby-3.1.2/gems/factory_bot-6.4.6/lib/factory_bot/strategy_syntax_method_registrar.rb:28:in `block in define_singular_strategy_method'[0m
      [36m# ./spec/system/02_after_login_spec.rb:6:in `block (2 levels) in <main>'[0m

  75) [STEP2] ユーザログイン後のテスト 自分のユーザ詳細画面のテスト サイドバーの確認 自分の名前と紹介文が表示される
      [31mFailure/Error: let!(:book) { create(:book, user: user) }[0m
      [31m[0m
      [31mNoMethodError:[0m
      [31m  undefined method `name' for #<Book id: nil, title: "u4ff3", body: "nqkynq5a8thkr8jgbwe5", user_id: 1, created_at: nil, updated_at: nil>[0m
      [36m# /home/ec2-user/.rvm/gems/ruby-3.1.2/gems/factory_bot-6.4.6/lib/factory_bot/evaluation.rb:15:in `create'[0m
      [36m# /home/ec2-user/.rvm/gems/ruby-3.1.2/gems/factory_bot-6.4.6/lib/factory_bot/strategy/create.rb:12:in `block in result'[0m
      [36m# /home/ec2-user/.rvm/gems/ruby-3.1.2/gems/factory_bot-6.4.6/lib/factory_bot/strategy/create.rb:9:in `result'[0m
      [36m# /home/ec2-user/.rvm/gems/ruby-3.1.2/gems/factory_bot-6.4.6/lib/factory_bot/factory.rb:43:in `run'[0m
      [36m# /home/ec2-user/.rvm/gems/ruby-3.1.2/gems/factory_bot-6.4.6/lib/factory_bot/factory_runner.rb:29:in `block in run'[0m
      [36m# /home/ec2-user/.rvm/gems/ruby-3.1.2/gems/factory_bot-6.4.6/lib/factory_bot/factory_runner.rb:28:in `run'[0m
      [36m# /home/ec2-user/.rvm/gems/ruby-3.1.2/gems/factory_bot-6.4.6/lib/factory_bot/strategy_syntax_method_registrar.rb:28:in `block in define_singular_strategy_method'[0m
      [36m# ./spec/system/02_after_login_spec.rb:6:in `block (2 levels) in <main>'[0m

  76) [STEP2] ユーザログイン後のテスト 自分のユーザ詳細画面のテスト サイドバーの確認 自分のユーザ編集画面へのリンクが存在する
      [31mFailure/Error: let!(:book) { create(:book, user: user) }[0m
      [31m[0m
      [31mNoMethodError:[0m
      [31m  undefined method `name' for #<Book id: nil, title: "m1cdv", body: "5tg8ycxdmqglwel4z89t", user_id: 1, created_at: nil, updated_at: nil>[0m
      [36m# /home/ec2-user/.rvm/gems/ruby-3.1.2/gems/factory_bot-6.4.6/lib/factory_bot/evaluation.rb:15:in `create'[0m
      [36m# /home/ec2-user/.rvm/gems/ruby-3.1.2/gems/factory_bot-6.4.6/lib/factory_bot/strategy/create.rb:12:in `block in result'[0m
      [36m# /home/ec2-user/.rvm/gems/ruby-3.1.2/gems/factory_bot-6.4.6/lib/factory_bot/strategy/create.rb:9:in `result'[0m
      [36m# /home/ec2-user/.rvm/gems/ruby-3.1.2/gems/factory_bot-6.4.6/lib/factory_bot/factory.rb:43:in `run'[0m
      [36m# /home/ec2-user/.rvm/gems/ruby-3.1.2/gems/factory_bot-6.4.6/lib/factory_bot/factory_runner.rb:29:in `block in run'[0m
      [36m# /home/ec2-user/.rvm/gems/ruby-3.1.2/gems/factory_bot-6.4.6/lib/factory_bot/factory_runner.rb:28:in `run'[0m
      [36m# /home/ec2-user/.rvm/gems/ruby-3.1.2/gems/factory_bot-6.4.6/lib/factory_bot/strategy_syntax_method_registrar.rb:28:in `block in define_singular_strategy_method'[0m
      [36m# ./spec/system/02_after_login_spec.rb:6:in `block (2 levels) in <main>'[0m

  77) [STEP2] ユーザログイン後のテスト 自分のユーザ詳細画面のテスト サイドバーの確認 「New book」と表示される
      [31mFailure/Error: let!(:book) { create(:book, user: user) }[0m
      [31m[0m
      [31mNoMethodError:[0m
      [31m  undefined method `name' for #<Book id: nil, title: "h0tm7", body: "sb1ny2z7pj0cku6h8utf", user_id: 1, created_at: nil, updated_at: nil>[0m
      [36m# /home/ec2-user/.rvm/gems/ruby-3.1.2/gems/factory_bot-6.4.6/lib/factory_bot/evaluation.rb:15:in `create'[0m
      [36m# /home/ec2-user/.rvm/gems/ruby-3.1.2/gems/factory_bot-6.4.6/lib/factory_bot/strategy/create.rb:12:in `block in result'[0m
      [36m# /home/ec2-user/.rvm/gems/ruby-3.1.2/gems/factory_bot-6.4.6/lib/factory_bot/strategy/create.rb:9:in `result'[0m
      [36m# /home/ec2-user/.rvm/gems/ruby-3.1.2/gems/factory_bot-6.4.6/lib/factory_bot/factory.rb:43:in `run'[0m
      [36m# /home/ec2-user/.rvm/gems/ruby-3.1.2/gems/factory_bot-6.4.6/lib/factory_bot/factory_runner.rb:29:in `block in run'[0m
      [36m# /home/ec2-user/.rvm/gems/ruby-3.1.2/gems/factory_bot-6.4.6/lib/factory_bot/factory_runner.rb:28:in `run'[0m
      [36m# /home/ec2-user/.rvm/gems/ruby-3.1.2/gems/factory_bot-6.4.6/lib/factory_bot/strategy_syntax_method_registrar.rb:28:in `block in define_singular_strategy_method'[0m
      [36m# ./spec/system/02_after_login_spec.rb:6:in `block (2 levels) in <main>'[0m

  78) [STEP2] ユーザログイン後のテスト 自分のユーザ詳細画面のテスト サイドバーの確認 titleフォームが表示される
      [31mFailure/Error: let!(:book) { create(:book, user: user) }[0m
      [31m[0m
      [31mNoMethodError:[0m
      [31m  undefined method `name' for #<Book id: nil, title: "6j6n6", body: "euzr9ggi3c6otvq7qart", user_id: 1, created_at: nil, updated_at: nil>[0m
      [36m# /home/ec2-user/.rvm/gems/ruby-3.1.2/gems/factory_bot-6.4.6/lib/factory_bot/evaluation.rb:15:in `create'[0m
      [36m# /home/ec2-user/.rvm/gems/ruby-3.1.2/gems/factory_bot-6.4.6/lib/factory_bot/strategy/create.rb:12:in `block in result'[0m
      [36m# /home/ec2-user/.rvm/gems/ruby-3.1.2/gems/factory_bot-6.4.6/lib/factory_bot/strategy/create.rb:9:in `result'[0m
      [36m# /home/ec2-user/.rvm/gems/ruby-3.1.2/gems/factory_bot-6.4.6/lib/factory_bot/factory.rb:43:in `run'[0m
      [36m# /home/ec2-user/.rvm/gems/ruby-3.1.2/gems/factory_bot-6.4.6/lib/factory_bot/factory_runner.rb:29:in `block in run'[0m
      [36m# /home/ec2-user/.rvm/gems/ruby-3.1.2/gems/factory_bot-6.4.6/lib/factory_bot/factory_runner.rb:28:in `run'[0m
      [36m# /home/ec2-user/.rvm/gems/ruby-3.1.2/gems/factory_bot-6.4.6/lib/factory_bot/strategy_syntax_method_registrar.rb:28:in `block in define_singular_strategy_method'[0m
      [36m# ./spec/system/02_after_login_spec.rb:6:in `block (2 levels) in <main>'[0m

  79) [STEP2] ユーザログイン後のテスト 自分のユーザ詳細画面のテスト サイドバーの確認 titleフォームに値が入っていない
      [31mFailure/Error: let!(:book) { create(:book, user: user) }[0m
      [31m[0m
      [31mNoMethodError:[0m
      [31m  undefined method `name' for #<Book id: nil, title: "t3jbt", body: "8rduw56l5dezbq844zgg", user_id: 1, created_at: nil, updated_at: nil>[0m
      [36m# /home/ec2-user/.rvm/gems/ruby-3.1.2/gems/factory_bot-6.4.6/lib/factory_bot/evaluation.rb:15:in `create'[0m
      [36m# /home/ec2-user/.rvm/gems/ruby-3.1.2/gems/factory_bot-6.4.6/lib/factory_bot/strategy/create.rb:12:in `block in result'[0m
      [36m# /home/ec2-user/.rvm/gems/ruby-3.1.2/gems/factory_bot-6.4.6/lib/factory_bot/strategy/create.rb:9:in `result'[0m
      [36m# /home/ec2-user/.rvm/gems/ruby-3.1.2/gems/factory_bot-6.4.6/lib/factory_bot/factory.rb:43:in `run'[0m
      [36m# /home/ec2-user/.rvm/gems/ruby-3.1.2/gems/factory_bot-6.4.6/lib/factory_bot/factory_runner.rb:29:in `block in run'[0m
      [36m# /home/ec2-user/.rvm/gems/ruby-3.1.2/gems/factory_bot-6.4.6/lib/factory_bot/factory_runner.rb:28:in `run'[0m
      [36m# /home/ec2-user/.rvm/gems/ruby-3.1.2/gems/factory_bot-6.4.6/lib/factory_bot/strategy_syntax_method_registrar.rb:28:in `block in define_singular_strategy_method'[0m
      [36m# ./spec/system/02_after_login_spec.rb:6:in `block (2 levels) in <main>'[0m

  80) [STEP2] ユーザログイン後のテスト 自分のユーザ詳細画面のテスト サイドバーの確認 bodyフォームが表示される
      [31mFailure/Error: let!(:book) { create(:book, user: user) }[0m
      [31m[0m
      [31mNoMethodError:[0m
      [31m  undefined method `name' for #<Book id: nil, title: "bvv14", body: "i6tqg1k4h04k9tvbsbd1", user_id: 1, created_at: nil, updated_at: nil>[0m
      [36m# /home/ec2-user/.rvm/gems/ruby-3.1.2/gems/factory_bot-6.4.6/lib/factory_bot/evaluation.rb:15:in `create'[0m
      [36m# /home/ec2-user/.rvm/gems/ruby-3.1.2/gems/factory_bot-6.4.6/lib/factory_bot/strategy/create.rb:12:in `block in result'[0m
      [36m# /home/ec2-user/.rvm/gems/ruby-3.1.2/gems/factory_bot-6.4.6/lib/factory_bot/strategy/create.rb:9:in `result'[0m
      [36m# /home/ec2-user/.rvm/gems/ruby-3.1.2/gems/factory_bot-6.4.6/lib/factory_bot/factory.rb:43:in `run'[0m
      [36m# /home/ec2-user/.rvm/gems/ruby-3.1.2/gems/factory_bot-6.4.6/lib/factory_bot/factory_runner.rb:29:in `block in run'[0m
      [36m# /home/ec2-user/.rvm/gems/ruby-3.1.2/gems/factory_bot-6.4.6/lib/factory_bot/factory_runner.rb:28:in `run'[0m
      [36m# /home/ec2-user/.rvm/gems/ruby-3.1.2/gems/factory_bot-6.4.6/lib/factory_bot/strategy_syntax_method_registrar.rb:28:in `block in define_singular_strategy_method'[0m
      [36m# ./spec/system/02_after_login_spec.rb:6:in `block (2 levels) in <main>'[0m

  81) [STEP2] ユーザログイン後のテスト 自分のユーザ詳細画面のテスト サイドバーの確認 bodyフォームに値が入っていない
      [31mFailure/Error: let!(:book) { create(:book, user: user) }[0m
      [31m[0m
      [31mNoMethodError:[0m
      [31m  undefined method `name' for #<Book id: nil, title: "tuzld", body: "sjvjfwnavfhwo42xy626", user_id: 1, created_at: nil, updated_at: nil>[0m
      [36m# /home/ec2-user/.rvm/gems/ruby-3.1.2/gems/factory_bot-6.4.6/lib/factory_bot/evaluation.rb:15:in `create'[0m
      [36m# /home/ec2-user/.rvm/gems/ruby-3.1.2/gems/factory_bot-6.4.6/lib/factory_bot/strategy/create.rb:12:in `block in result'[0m
      [36m# /home/ec2-user/.rvm/gems/ruby-3.1.2/gems/factory_bot-6.4.6/lib/factory_bot/strategy/create.rb:9:in `result'[0m
      [36m# /home/ec2-user/.rvm/gems/ruby-3.1.2/gems/factory_bot-6.4.6/lib/factory_bot/factory.rb:43:in `run'[0m
      [36m# /home/ec2-user/.rvm/gems/ruby-3.1.2/gems/factory_bot-6.4.6/lib/factory_bot/factory_runner.rb:29:in `block in run'[0m
      [36m# /home/ec2-user/.rvm/gems/ruby-3.1.2/gems/factory_bot-6.4.6/lib/factory_bot/factory_runner.rb:28:in `run'[0m
      [36m# /home/ec2-user/.rvm/gems/ruby-3.1.2/gems/factory_bot-6.4.6/lib/factory_bot/strategy_syntax_method_registrar.rb:28:in `block in define_singular_strategy_method'[0m
      [36m# ./spec/system/02_after_login_spec.rb:6:in `block (2 levels) in <main>'[0m

  82) [STEP2] ユーザログイン後のテスト 自分のユーザ詳細画面のテスト サイドバーの確認 Create Bookボタンが表示される
      [31mFailure/Error: let!(:book) { create(:book, user: user) }[0m
      [31m[0m
      [31mNoMethodError:[0m
      [31m  undefined method `name' for #<Book id: nil, title: "3yl4u", body: "k0le28a1f28kpdb531gq", user_id: 1, created_at: nil, updated_at: nil>[0m
      [36m# /home/ec2-user/.rvm/gems/ruby-3.1.2/gems/factory_bot-6.4.6/lib/factory_bot/evaluation.rb:15:in `create'[0m
      [36m# /home/ec2-user/.rvm/gems/ruby-3.1.2/gems/factory_bot-6.4.6/lib/factory_bot/strategy/create.rb:12:in `block in result'[0m
      [36m# /home/ec2-user/.rvm/gems/ruby-3.1.2/gems/factory_bot-6.4.6/lib/factory_bot/strategy/create.rb:9:in `result'[0m
      [36m# /home/ec2-user/.rvm/gems/ruby-3.1.2/gems/factory_bot-6.4.6/lib/factory_bot/factory.rb:43:in `run'[0m
      [36m# /home/ec2-user/.rvm/gems/ruby-3.1.2/gems/factory_bot-6.4.6/lib/factory_bot/factory_runner.rb:29:in `block in run'[0m
      [36m# /home/ec2-user/.rvm/gems/ruby-3.1.2/gems/factory_bot-6.4.6/lib/factory_bot/factory_runner.rb:28:in `run'[0m
      [36m# /home/ec2-user/.rvm/gems/ruby-3.1.2/gems/factory_bot-6.4.6/lib/factory_bot/strategy_syntax_method_registrar.rb:28:in `block in define_singular_strategy_method'[0m
      [36m# ./spec/system/02_after_login_spec.rb:6:in `block (2 levels) in <main>'[0m

  83) [STEP2] ユーザログイン後のテスト 自分のユーザ情報編集画面のテスト 表示の確認 URLが正しい
      [31mFailure/Error: let!(:book) { create(:book, user: user) }[0m
      [31m[0m
      [31mNoMethodError:[0m
      [31m  undefined method `name' for #<Book id: nil, title: "0yjb7", body: "0rxufwzmuqwgru3qcle2", user_id: 1, created_at: nil, updated_at: nil>[0m
      [36m# /home/ec2-user/.rvm/gems/ruby-3.1.2/gems/factory_bot-6.4.6/lib/factory_bot/evaluation.rb:15:in `create'[0m
      [36m# /home/ec2-user/.rvm/gems/ruby-3.1.2/gems/factory_bot-6.4.6/lib/factory_bot/strategy/create.rb:12:in `block in result'[0m
      [36m# /home/ec2-user/.rvm/gems/ruby-3.1.2/gems/factory_bot-6.4.6/lib/factory_bot/strategy/create.rb:9:in `result'[0m
      [36m# /home/ec2-user/.rvm/gems/ruby-3.1.2/gems/factory_bot-6.4.6/lib/factory_bot/factory.rb:43:in `run'[0m
      [36m# /home/ec2-user/.rvm/gems/ruby-3.1.2/gems/factory_bot-6.4.6/lib/factory_bot/factory_runner.rb:29:in `block in run'[0m
      [36m# /home/ec2-user/.rvm/gems/ruby-3.1.2/gems/factory_bot-6.4.6/lib/factory_bot/factory_runner.rb:28:in `run'[0m
      [36m# /home/ec2-user/.rvm/gems/ruby-3.1.2/gems/factory_bot-6.4.6/lib/factory_bot/strategy_syntax_method_registrar.rb:28:in `block in define_singular_strategy_method'[0m
      [36m# ./spec/system/02_after_login_spec.rb:6:in `block (2 levels) in <main>'[0m

  84) [STEP2] ユーザログイン後のテスト 自分のユーザ情報編集画面のテスト 表示の確認 名前編集フォームに自分の名前が表示される
      [31mFailure/Error: let!(:book) { create(:book, user: user) }[0m
      [31m[0m
      [31mNoMethodError:[0m
      [31m  undefined method `name' for #<Book id: nil, title: "yzq8e", body: "kyhnl47wzacmgfqjhtzd", user_id: 1, created_at: nil, updated_at: nil>[0m
      [36m# /home/ec2-user/.rvm/gems/ruby-3.1.2/gems/factory_bot-6.4.6/lib/factory_bot/evaluation.rb:15:in `create'[0m
      [36m# /home/ec2-user/.rvm/gems/ruby-3.1.2/gems/factory_bot-6.4.6/lib/factory_bot/strategy/create.rb:12:in `block in result'[0m
      [36m# /home/ec2-user/.rvm/gems/ruby-3.1.2/gems/factory_bot-6.4.6/lib/factory_bot/strategy/create.rb:9:in `result'[0m
      [36m# /home/ec2-user/.rvm/gems/ruby-3.1.2/gems/factory_bot-6.4.6/lib/factory_bot/factory.rb:43:in `run'[0m
      [36m# /home/ec2-user/.rvm/gems/ruby-3.1.2/gems/factory_bot-6.4.6/lib/factory_bot/factory_runner.rb:29:in `block in run'[0m
      [36m# /home/ec2-user/.rvm/gems/ruby-3.1.2/gems/factory_bot-6.4.6/lib/factory_bot/factory_runner.rb:28:in `run'[0m
      [36m# /home/ec2-user/.rvm/gems/ruby-3.1.2/gems/factory_bot-6.4.6/lib/factory_bot/strategy_syntax_method_registrar.rb:28:in `block in define_singular_strategy_method'[0m
      [36m# ./spec/system/02_after_login_spec.rb:6:in `block (2 levels) in <main>'[0m

  85) [STEP2] ユーザログイン後のテスト 自分のユーザ情報編集画面のテスト 表示の確認 画像編集フォームが表示される
      [31mFailure/Error: let!(:book) { create(:book, user: user) }[0m
      [31m[0m
      [31mNoMethodError:[0m
      [31m  undefined method `name' for #<Book id: nil, title: "l11h9", body: "cd2plkm6qoadurt5ypz0", user_id: 1, created_at: nil, updated_at: nil>[0m
      [36m# /home/ec2-user/.rvm/gems/ruby-3.1.2/gems/factory_bot-6.4.6/lib/factory_bot/evaluation.rb:15:in `create'[0m
      [36m# /home/ec2-user/.rvm/gems/ruby-3.1.2/gems/factory_bot-6.4.6/lib/factory_bot/strategy/create.rb:12:in `block in result'[0m
      [36m# /home/ec2-user/.rvm/gems/ruby-3.1.2/gems/factory_bot-6.4.6/lib/factory_bot/strategy/create.rb:9:in `result'[0m
      [36m# /home/ec2-user/.rvm/gems/ruby-3.1.2/gems/factory_bot-6.4.6/lib/factory_bot/factory.rb:43:in `run'[0m
      [36m# /home/ec2-user/.rvm/gems/ruby-3.1.2/gems/factory_bot-6.4.6/lib/factory_bot/factory_runner.rb:29:in `block in run'[0m
      [36m# /home/ec2-user/.rvm/gems/ruby-3.1.2/gems/factory_bot-6.4.6/lib/factory_bot/factory_runner.rb:28:in `run'[0m
      [36m# /home/ec2-user/.rvm/gems/ruby-3.1.2/gems/factory_bot-6.4.6/lib/factory_bot/strategy_syntax_method_registrar.rb:28:in `block in define_singular_strategy_method'[0m
      [36m# ./spec/system/02_after_login_spec.rb:6:in `block (2 levels) in <main>'[0m

  86) [STEP2] ユーザログイン後のテスト 自分のユーザ情報編集画面のテスト 表示の確認 自己紹介編集フォームに自分の自己紹介文が表示される
      [31mFailure/Error: let!(:book) { create(:book, user: user) }[0m
      [31m[0m
      [31mNoMethodError:[0m
      [31m  undefined method `name' for #<Book id: nil, title: "i54f2", body: "yqkclgymqvi0v7rna911", user_id: 1, created_at: nil, updated_at: nil>[0m
      [36m# /home/ec2-user/.rvm/gems/ruby-3.1.2/gems/factory_bot-6.4.6/lib/factory_bot/evaluation.rb:15:in `create'[0m
      [36m# /home/ec2-user/.rvm/gems/ruby-3.1.2/gems/factory_bot-6.4.6/lib/factory_bot/strategy/create.rb:12:in `block in result'[0m
      [36m# /home/ec2-user/.rvm/gems/ruby-3.1.2/gems/factory_bot-6.4.6/lib/factory_bot/strategy/create.rb:9:in `result'[0m
      [36m# /home/ec2-user/.rvm/gems/ruby-3.1.2/gems/factory_bot-6.4.6/lib/factory_bot/factory.rb:43:in `run'[0m
      [36m# /home/ec2-user/.rvm/gems/ruby-3.1.2/gems/factory_bot-6.4.6/lib/factory_bot/factory_runner.rb:29:in `block in run'[0m
      [36m# /home/ec2-user/.rvm/gems/ruby-3.1.2/gems/factory_bot-6.4.6/lib/factory_bot/factory_runner.rb:28:in `run'[0m
      [36m# /home/ec2-user/.rvm/gems/ruby-3.1.2/gems/factory_bot-6.4.6/lib/factory_bot/strategy_syntax_method_registrar.rb:28:in `block in define_singular_strategy_method'[0m
      [36m# ./spec/system/02_after_login_spec.rb:6:in `block (2 levels) in <main>'[0m

  87) [STEP2] ユーザログイン後のテスト 自分のユーザ情報編集画面のテスト 表示の確認 Update Userボタンが表示される
      [31mFailure/Error: let!(:book) { create(:book, user: user) }[0m
      [31m[0m
      [31mNoMethodError:[0m
      [31m  undefined method `name' for #<Book id: nil, title: "vcliz", body: "9tjdxo9kexahyijj0a3n", user_id: 1, created_at: nil, updated_at: nil>[0m
      [36m# /home/ec2-user/.rvm/gems/ruby-3.1.2/gems/factory_bot-6.4.6/lib/factory_bot/evaluation.rb:15:in `create'[0m
      [36m# /home/ec2-user/.rvm/gems/ruby-3.1.2/gems/factory_bot-6.4.6/lib/factory_bot/strategy/create.rb:12:in `block in result'[0m
      [36m# /home/ec2-user/.rvm/gems/ruby-3.1.2/gems/factory_bot-6.4.6/lib/factory_bot/strategy/create.rb:9:in `result'[0m
      [36m# /home/ec2-user/.rvm/gems/ruby-3.1.2/gems/factory_bot-6.4.6/lib/factory_bot/factory.rb:43:in `run'[0m
      [36m# /home/ec2-user/.rvm/gems/ruby-3.1.2/gems/factory_bot-6.4.6/lib/factory_bot/factory_runner.rb:29:in `block in run'[0m
      [36m# /home/ec2-user/.rvm/gems/ruby-3.1.2/gems/factory_bot-6.4.6/lib/factory_bot/factory_runner.rb:28:in `run'[0m
      [36m# /home/ec2-user/.rvm/gems/ruby-3.1.2/gems/factory_bot-6.4.6/lib/factory_bot/strategy_syntax_method_registrar.rb:28:in `block in define_singular_strategy_method'[0m
      [36m# ./spec/system/02_after_login_spec.rb:6:in `block (2 levels) in <main>'[0m

  88) [STEP2] ユーザログイン後のテスト 自分のユーザ情報編集画面のテスト 更新成功のテスト nameが正しく更新される
      [31mFailure/Error: let!(:book) { create(:book, user: user) }[0m
      [31m[0m
      [31mNoMethodError:[0m
      [31m  undefined method `name' for #<Book id: nil, title: "puj7b", body: "5yk3dmbkuyu06g6zrpih", user_id: 1, created_at: nil, updated_at: nil>[0m
      [36m# /home/ec2-user/.rvm/gems/ruby-3.1.2/gems/factory_bot-6.4.6/lib/factory_bot/evaluation.rb:15:in `create'[0m
      [36m# /home/ec2-user/.rvm/gems/ruby-3.1.2/gems/factory_bot-6.4.6/lib/factory_bot/strategy/create.rb:12:in `block in result'[0m
      [36m# /home/ec2-user/.rvm/gems/ruby-3.1.2/gems/factory_bot-6.4.6/lib/factory_bot/strategy/create.rb:9:in `result'[0m
      [36m# /home/ec2-user/.rvm/gems/ruby-3.1.2/gems/factory_bot-6.4.6/lib/factory_bot/factory.rb:43:in `run'[0m
      [36m# /home/ec2-user/.rvm/gems/ruby-3.1.2/gems/factory_bot-6.4.6/lib/factory_bot/factory_runner.rb:29:in `block in run'[0m
      [36m# /home/ec2-user/.rvm/gems/ruby-3.1.2/gems/factory_bot-6.4.6/lib/factory_bot/factory_runner.rb:28:in `run'[0m
      [36m# /home/ec2-user/.rvm/gems/ruby-3.1.2/gems/factory_bot-6.4.6/lib/factory_bot/strategy_syntax_method_registrar.rb:28:in `block in define_singular_strategy_method'[0m
      [36m# ./spec/system/02_after_login_spec.rb:6:in `block (2 levels) in <main>'[0m

  89) [STEP2] ユーザログイン後のテスト 自分のユーザ情報編集画面のテスト 更新成功のテスト introductionが正しく更新される
      [31mFailure/Error: let!(:book) { create(:book, user: user) }[0m
      [31m[0m
      [31mNoMethodError:[0m
      [31m  undefined method `name' for #<Book id: nil, title: "r9t7k", body: "9x7prfhviwy86q2y6icv", user_id: 1, created_at: nil, updated_at: nil>[0m
      [36m# /home/ec2-user/.rvm/gems/ruby-3.1.2/gems/factory_bot-6.4.6/lib/factory_bot/evaluation.rb:15:in `create'[0m
      [36m# /home/ec2-user/.rvm/gems/ruby-3.1.2/gems/factory_bot-6.4.6/lib/factory_bot/strategy/create.rb:12:in `block in result'[0m
      [36m# /home/ec2-user/.rvm/gems/ruby-3.1.2/gems/factory_bot-6.4.6/lib/factory_bot/strategy/create.rb:9:in `result'[0m
      [36m# /home/ec2-user/.rvm/gems/ruby-3.1.2/gems/factory_bot-6.4.6/lib/factory_bot/factory.rb:43:in `run'[0m
      [36m# /home/ec2-user/.rvm/gems/ruby-3.1.2/gems/factory_bot-6.4.6/lib/factory_bot/factory_runner.rb:29:in `block in run'[0m
      [36m# /home/ec2-user/.rvm/gems/ruby-3.1.2/gems/factory_bot-6.4.6/lib/factory_bot/factory_runner.rb:28:in `run'[0m
      [36m# /home/ec2-user/.rvm/gems/ruby-3.1.2/gems/factory_bot-6.4.6/lib/factory_bot/strategy_syntax_method_registrar.rb:28:in `block in define_singular_strategy_method'[0m
      [36m# ./spec/system/02_after_login_spec.rb:6:in `block (2 levels) in <main>'[0m

  90) [STEP2] ユーザログイン後のテスト 自分のユーザ情報編集画面のテスト 更新成功のテスト リダイレクト先が、自分のユーザ詳細画面になっている
      [31mFailure/Error: let!(:book) { create(:book, user: user) }[0m
      [31m[0m
      [31mNoMethodError:[0m
      [31m  undefined method `name' for #<Book id: nil, title: "o9ayy", body: "fq44i1g8jb9t5cl7z7mz", user_id: 1, created_at: nil, updated_at: nil>[0m
      [36m# /home/ec2-user/.rvm/gems/ruby-3.1.2/gems/factory_bot-6.4.6/lib/factory_bot/evaluation.rb:15:in `create'[0m
      [36m# /home/ec2-user/.rvm/gems/ruby-3.1.2/gems/factory_bot-6.4.6/lib/factory_bot/strategy/create.rb:12:in `block in result'[0m
      [36m# /home/ec2-user/.rvm/gems/ruby-3.1.2/gems/factory_bot-6.4.6/lib/factory_bot/strategy/create.rb:9:in `result'[0m
      [36m# /home/ec2-user/.rvm/gems/ruby-3.1.2/gems/factory_bot-6.4.6/lib/factory_bot/factory.rb:43:in `run'[0m
      [36m# /home/ec2-user/.rvm/gems/ruby-3.1.2/gems/factory_bot-6.4.6/lib/factory_bot/factory_runner.rb:29:in `block in run'[0m
      [36m# /home/ec2-user/.rvm/gems/ruby-3.1.2/gems/factory_bot-6.4.6/lib/factory_bot/factory_runner.rb:28:in `run'[0m
      [36m# /home/ec2-user/.rvm/gems/ruby-3.1.2/gems/factory_bot-6.4.6/lib/factory_bot/strategy_syntax_method_registrar.rb:28:in `block in define_singular_strategy_method'[0m
      [36m# ./spec/system/02_after_login_spec.rb:6:in `block (2 levels) in <main>'[0m

  91) [STEP3] 仕上げのテスト サクセスメッセージのテスト ユーザ新規登録成功時
      [31mFailure/Error: let!(:book) { create(:book, user: user) }[0m
      [31m[0m
      [31mNoMethodError:[0m
      [31m  undefined method `name' for #<Book id: nil, title: "d6dpx", body: "3ow5k8fzqtpuoj0vyd1i", user_id: 1, created_at: nil, updated_at: nil>[0m
      [36m# /home/ec2-user/.rvm/gems/ruby-3.1.2/gems/factory_bot-6.4.6/lib/factory_bot/evaluation.rb:15:in `create'[0m
      [36m# /home/ec2-user/.rvm/gems/ruby-3.1.2/gems/factory_bot-6.4.6/lib/factory_bot/strategy/create.rb:12:in `block in result'[0m
      [36m# /home/ec2-user/.rvm/gems/ruby-3.1.2/gems/factory_bot-6.4.6/lib/factory_bot/strategy/create.rb:9:in `result'[0m
      [36m# /home/ec2-user/.rvm/gems/ruby-3.1.2/gems/factory_bot-6.4.6/lib/factory_bot/factory.rb:43:in `run'[0m
      [36m# /home/ec2-user/.rvm/gems/ruby-3.1.2/gems/factory_bot-6.4.6/lib/factory_bot/factory_runner.rb:29:in `block in run'[0m
      [36m# /home/ec2-user/.rvm/gems/ruby-3.1.2/gems/factory_bot-6.4.6/lib/factory_bot/factory_runner.rb:28:in `run'[0m
      [36m# /home/ec2-user/.rvm/gems/ruby-3.1.2/gems/factory_bot-6.4.6/lib/factory_bot/strategy_syntax_method_registrar.rb:28:in `block in define_singular_strategy_method'[0m
      [36m# ./spec/system/03_finishing_touches_spec.rb:6:in `block (2 levels) in <main>'[0m

  92) [STEP3] 仕上げのテスト サクセスメッセージのテスト ユーザログイン成功時
      [31mFailure/Error: let!(:book) { create(:book, user: user) }[0m
      [31m[0m
      [31mNoMethodError:[0m
      [31m  undefined method `name' for #<Book id: nil, title: "qeiu9", body: "yjyf5gmmy9zvx9jarn4c", user_id: 1, created_at: nil, updated_at: nil>[0m
      [36m# /home/ec2-user/.rvm/gems/ruby-3.1.2/gems/factory_bot-6.4.6/lib/factory_bot/evaluation.rb:15:in `create'[0m
      [36m# /home/ec2-user/.rvm/gems/ruby-3.1.2/gems/factory_bot-6.4.6/lib/factory_bot/strategy/create.rb:12:in `block in result'[0m
      [36m# /home/ec2-user/.rvm/gems/ruby-3.1.2/gems/factory_bot-6.4.6/lib/factory_bot/strategy/create.rb:9:in `result'[0m
      [36m# /home/ec2-user/.rvm/gems/ruby-3.1.2/gems/factory_bot-6.4.6/lib/factory_bot/factory.rb:43:in `run'[0m
      [36m# /home/ec2-user/.rvm/gems/ruby-3.1.2/gems/factory_bot-6.4.6/lib/factory_bot/factory_runner.rb:29:in `block in run'[0m
      [36m# /home/ec2-user/.rvm/gems/ruby-3.1.2/gems/factory_bot-6.4.6/lib/factory_bot/factory_runner.rb:28:in `run'[0m
      [36m# /home/ec2-user/.rvm/gems/ruby-3.1.2/gems/factory_bot-6.4.6/lib/factory_bot/strategy_syntax_method_registrar.rb:28:in `block in define_singular_strategy_method'[0m
      [36m# ./spec/system/03_finishing_touches_spec.rb:6:in `block (2 levels) in <main>'[0m

  93) [STEP3] 仕上げのテスト サクセスメッセージのテスト ユーザログアウト成功時
      [31mFailure/Error: let!(:book) { create(:book, user: user) }[0m
      [31m[0m
      [31mNoMethodError:[0m
      [31m  undefined method `name' for #<Book id: nil, title: "t3z44", body: "o7xpdl421j5x6kiywwyv", user_id: 1, created_at: nil, updated_at: nil>[0m
      [36m# /home/ec2-user/.rvm/gems/ruby-3.1.2/gems/factory_bot-6.4.6/lib/factory_bot/evaluation.rb:15:in `create'[0m
      [36m# /home/ec2-user/.rvm/gems/ruby-3.1.2/gems/factory_bot-6.4.6/lib/factory_bot/strategy/create.rb:12:in `block in result'[0m
      [36m# /home/ec2-user/.rvm/gems/ruby-3.1.2/gems/factory_bot-6.4.6/lib/factory_bot/strategy/create.rb:9:in `result'[0m
      [36m# /home/ec2-user/.rvm/gems/ruby-3.1.2/gems/factory_bot-6.4.6/lib/factory_bot/factory.rb:43:in `run'[0m
      [36m# /home/ec2-user/.rvm/gems/ruby-3.1.2/gems/factory_bot-6.4.6/lib/factory_bot/factory_runner.rb:29:in `block in run'[0m
      [36m# /home/ec2-user/.rvm/gems/ruby-3.1.2/gems/factory_bot-6.4.6/lib/factory_bot/factory_runner.rb:28:in `run'[0m
      [36m# /home/ec2-user/.rvm/gems/ruby-3.1.2/gems/factory_bot-6.4.6/lib/factory_bot/strategy_syntax_method_registrar.rb:28:in `block in define_singular_strategy_method'[0m
      [36m# ./spec/system/03_finishing_touches_spec.rb:6:in `block (2 levels) in <main>'[0m

  94) [STEP3] 仕上げのテスト サクセスメッセージのテスト ユーザのプロフィール情報更新成功時
      [31mFailure/Error: let!(:book) { create(:book, user: user) }[0m
      [31m[0m
      [31mNoMethodError:[0m
      [31m  undefined method `name' for #<Book id: nil, title: "iy2ru", body: "bfnrr1lzamo2stsi6asj", user_id: 1, created_at: nil, updated_at: nil>[0m
      [36m# /home/ec2-user/.rvm/gems/ruby-3.1.2/gems/factory_bot-6.4.6/lib/factory_bot/evaluation.rb:15:in `create'[0m
      [36m# /home/ec2-user/.rvm/gems/ruby-3.1.2/gems/factory_bot-6.4.6/lib/factory_bot/strategy/create.rb:12:in `block in result'[0m
      [36m# /home/ec2-user/.rvm/gems/ruby-3.1.2/gems/factory_bot-6.4.6/lib/factory_bot/strategy/create.rb:9:in `result'[0m
      [36m# /home/ec2-user/.rvm/gems/ruby-3.1.2/gems/factory_bot-6.4.6/lib/factory_bot/factory.rb:43:in `run'[0m
      [36m# /home/ec2-user/.rvm/gems/ruby-3.1.2/gems/factory_bot-6.4.6/lib/factory_bot/factory_runner.rb:29:in `block in run'[0m
      [36m# /home/ec2-user/.rvm/gems/ruby-3.1.2/gems/factory_bot-6.4.6/lib/factory_bot/factory_runner.rb:28:in `run'[0m
      [36m# /home/ec2-user/.rvm/gems/ruby-3.1.2/gems/factory_bot-6.4.6/lib/factory_bot/strategy_syntax_method_registrar.rb:28:in `block in define_singular_strategy_method'[0m
      [36m# ./spec/system/03_finishing_touches_spec.rb:6:in `block (2 levels) in <main>'[0m

  95) [STEP3] 仕上げのテスト サクセスメッセージのテスト 投稿データの新規投稿成功時: 投稿一覧画面から行います。
      [31mFailure/Error: let!(:book) { create(:book, user: user) }[0m
      [31m[0m
      [31mNoMethodError:[0m
      [31m  undefined method `name' for #<Book id: nil, title: "xrejr", body: "td0vs6bgtqu5swh1hwcd", user_id: 1, created_at: nil, updated_at: nil>[0m
      [36m# /home/ec2-user/.rvm/gems/ruby-3.1.2/gems/factory_bot-6.4.6/lib/factory_bot/evaluation.rb:15:in `create'[0m
      [36m# /home/ec2-user/.rvm/gems/ruby-3.1.2/gems/factory_bot-6.4.6/lib/factory_bot/strategy/create.rb:12:in `block in result'[0m
      [36m# /home/ec2-user/.rvm/gems/ruby-3.1.2/gems/factory_bot-6.4.6/lib/factory_bot/strategy/create.rb:9:in `result'[0m
      [36m# /home/ec2-user/.rvm/gems/ruby-3.1.2/gems/factory_bot-6.4.6/lib/factory_bot/factory.rb:43:in `run'[0m
      [36m# /home/ec2-user/.rvm/gems/ruby-3.1.2/gems/factory_bot-6.4.6/lib/factory_bot/factory_runner.rb:29:in `block in run'[0m
      [36m# /home/ec2-user/.rvm/gems/ruby-3.1.2/gems/factory_bot-6.4.6/lib/factory_bot/factory_runner.rb:28:in `run'[0m
      [36m# /home/ec2-user/.rvm/gems/ruby-3.1.2/gems/factory_bot-6.4.6/lib/factory_bot/strategy_syntax_method_registrar.rb:28:in `block in define_singular_strategy_method'[0m
      [36m# ./spec/system/03_finishing_touches_spec.rb:6:in `block (2 levels) in <main>'[0m

  96) [STEP3] 仕上げのテスト サクセスメッセージのテスト 投稿データの更新成功時
      [31mFailure/Error: let!(:book) { create(:book, user: user) }[0m
      [31m[0m
      [31mNoMethodError:[0m
      [31m  undefined method `name' for #<Book id: nil, title: "5x9ig", body: "63xp8e047mqzz6pjtkvu", user_id: 1, created_at: nil, updated_at: nil>[0m
      [36m# /home/ec2-user/.rvm/gems/ruby-3.1.2/gems/factory_bot-6.4.6/lib/factory_bot/evaluation.rb:15:in `create'[0m
      [36m# /home/ec2-user/.rvm/gems/ruby-3.1.2/gems/factory_bot-6.4.6/lib/factory_bot/strategy/create.rb:12:in `block in result'[0m
      [36m# /home/ec2-user/.rvm/gems/ruby-3.1.2/gems/factory_bot-6.4.6/lib/factory_bot/strategy/create.rb:9:in `result'[0m
      [36m# /home/ec2-user/.rvm/gems/ruby-3.1.2/gems/factory_bot-6.4.6/lib/factory_bot/factory.rb:43:in `run'[0m
      [36m# /home/ec2-user/.rvm/gems/ruby-3.1.2/gems/factory_bot-6.4.6/lib/factory_bot/factory_runner.rb:29:in `block in run'[0m
      [36m# /home/ec2-user/.rvm/gems/ruby-3.1.2/gems/factory_bot-6.4.6/lib/factory_bot/factory_runner.rb:28:in `run'[0m
      [36m# /home/ec2-user/.rvm/gems/ruby-3.1.2/gems/factory_bot-6.4.6/lib/factory_bot/strategy_syntax_method_registrar.rb:28:in `block in define_singular_strategy_method'[0m
      [36m# ./spec/system/03_finishing_touches_spec.rb:6:in `block (2 levels) in <main>'[0m

  97) [STEP3] 仕上げのテスト 処理失敗時のテスト ユーザ新規登録失敗: nameを1文字にする 新規登録されない
      [31mFailure/Error: let!(:book) { create(:book, user: user) }[0m
      [31m[0m
      [31mNoMethodError:[0m
      [31m  undefined method `name' for #<Book id: nil, title: "hd0hr", body: "l9hxhn00csqgg0ml8dfe", user_id: 1, created_at: nil, updated_at: nil>[0m
      [36m# /home/ec2-user/.rvm/gems/ruby-3.1.2/gems/factory_bot-6.4.6/lib/factory_bot/evaluation.rb:15:in `create'[0m
      [36m# /home/ec2-user/.rvm/gems/ruby-3.1.2/gems/factory_bot-6.4.6/lib/factory_bot/strategy/create.rb:12:in `block in result'[0m
      [36m# /home/ec2-user/.rvm/gems/ruby-3.1.2/gems/factory_bot-6.4.6/lib/factory_bot/strategy/create.rb:9:in `result'[0m
      [36m# /home/ec2-user/.rvm/gems/ruby-3.1.2/gems/factory_bot-6.4.6/lib/factory_bot/factory.rb:43:in `run'[0m
      [36m# /home/ec2-user/.rvm/gems/ruby-3.1.2/gems/factory_bot-6.4.6/lib/factory_bot/factory_runner.rb:29:in `block in run'[0m
      [36m# /home/ec2-user/.rvm/gems/ruby-3.1.2/gems/factory_bot-6.4.6/lib/factory_bot/factory_runner.rb:28:in `run'[0m
      [36m# /home/ec2-user/.rvm/gems/ruby-3.1.2/gems/factory_bot-6.4.6/lib/factory_bot/strategy_syntax_method_registrar.rb:28:in `block in define_singular_strategy_method'[0m
      [36m# ./spec/system/03_finishing_touches_spec.rb:6:in `block (2 levels) in <main>'[0m

  98) [STEP3] 仕上げのテスト 処理失敗時のテスト ユーザ新規登録失敗: nameを1文字にする 新規登録画面を表示しており、フォームの内容が正しい
      [31mFailure/Error: let!(:book) { create(:book, user: user) }[0m
      [31m[0m
      [31mNoMethodError:[0m
      [31m  undefined method `name' for #<Book id: nil, title: "x8gos", body: "gs4bxot73ez6rm0b85g5", user_id: 1, created_at: nil, updated_at: nil>[0m
      [36m# /home/ec2-user/.rvm/gems/ruby-3.1.2/gems/factory_bot-6.4.6/lib/factory_bot/evaluation.rb:15:in `create'[0m
      [36m# /home/ec2-user/.rvm/gems/ruby-3.1.2/gems/factory_bot-6.4.6/lib/factory_bot/strategy/create.rb:12:in `block in result'[0m
      [36m# /home/ec2-user/.rvm/gems/ruby-3.1.2/gems/factory_bot-6.4.6/lib/factory_bot/strategy/create.rb:9:in `result'[0m
      [36m# /home/ec2-user/.rvm/gems/ruby-3.1.2/gems/factory_bot-6.4.6/lib/factory_bot/factory.rb:43:in `run'[0m
      [36m# /home/ec2-user/.rvm/gems/ruby-3.1.2/gems/factory_bot-6.4.6/lib/factory_bot/factory_runner.rb:29:in `block in run'[0m
      [36m# /home/ec2-user/.rvm/gems/ruby-3.1.2/gems/factory_bot-6.4.6/lib/factory_bot/factory_runner.rb:28:in `run'[0m
      [36m# /home/ec2-user/.rvm/gems/ruby-3.1.2/gems/factory_bot-6.4.6/lib/factory_bot/strategy_syntax_method_registrar.rb:28:in `block in define_singular_strategy_method'[0m
      [36m# ./spec/system/03_finishing_touches_spec.rb:6:in `block (2 levels) in <main>'[0m

  99) [STEP3] 仕上げのテスト 処理失敗時のテスト ユーザ新規登録失敗: nameを1文字にする バリデーションエラーが表示される
      [31mFailure/Error: let!(:book) { create(:book, user: user) }[0m
      [31m[0m
      [31mNoMethodError:[0m
      [31m  undefined method `name' for #<Book id: nil, title: "m5eyj", body: "1oblv32eccycpc6jqmrv", user_id: 1, created_at: nil, updated_at: nil>[0m
      [36m# /home/ec2-user/.rvm/gems/ruby-3.1.2/gems/factory_bot-6.4.6/lib/factory_bot/evaluation.rb:15:in `create'[0m
      [36m# /home/ec2-user/.rvm/gems/ruby-3.1.2/gems/factory_bot-6.4.6/lib/factory_bot/strategy/create.rb:12:in `block in result'[0m
      [36m# /home/ec2-user/.rvm/gems/ruby-3.1.2/gems/factory_bot-6.4.6/lib/factory_bot/strategy/create.rb:9:in `result'[0m
      [36m# /home/ec2-user/.rvm/gems/ruby-3.1.2/gems/factory_bot-6.4.6/lib/factory_bot/factory.rb:43:in `run'[0m
      [36m# /home/ec2-user/.rvm/gems/ruby-3.1.2/gems/factory_bot-6.4.6/lib/factory_bot/factory_runner.rb:29:in `block in run'[0m
      [36m# /home/ec2-user/.rvm/gems/ruby-3.1.2/gems/factory_bot-6.4.6/lib/factory_bot/factory_runner.rb:28:in `run'[0m
      [36m# /home/ec2-user/.rvm/gems/ruby-3.1.2/gems/factory_bot-6.4.6/lib/factory_bot/strategy_syntax_method_registrar.rb:28:in `block in define_singular_strategy_method'[0m
      [36m# ./spec/system/03_finishing_touches_spec.rb:6:in `block (2 levels) in <main>'[0m

  100) [STEP3] 仕上げのテスト 処理失敗時のテスト ユーザのプロフィール情報編集失敗: nameを1文字にする 更新されない
       [31mFailure/Error: let!(:book) { create(:book, user: user) }[0m
       [31m[0m
       [31mNoMethodError:[0m
       [31m  undefined method `name' for #<Book id: nil, title: "8465y", body: "9xrsc3tc3um0nx9ipo1n", user_id: 1, created_at: nil, updated_at: nil>[0m
       [36m# /home/ec2-user/.rvm/gems/ruby-3.1.2/gems/factory_bot-6.4.6/lib/factory_bot/evaluation.rb:15:in `create'[0m
       [36m# /home/ec2-user/.rvm/gems/ruby-3.1.2/gems/factory_bot-6.4.6/lib/factory_bot/strategy/create.rb:12:in `block in result'[0m
       [36m# /home/ec2-user/.rvm/gems/ruby-3.1.2/gems/factory_bot-6.4.6/lib/factory_bot/strategy/create.rb:9:in `result'[0m
       [36m# /home/ec2-user/.rvm/gems/ruby-3.1.2/gems/factory_bot-6.4.6/lib/factory_bot/factory.rb:43:in `run'[0m
       [36m# /home/ec2-user/.rvm/gems/ruby-3.1.2/gems/factory_bot-6.4.6/lib/factory_bot/factory_runner.rb:29:in `block in run'[0m
       [36m# /home/ec2-user/.rvm/gems/ruby-3.1.2/gems/factory_bot-6.4.6/lib/factory_bot/factory_runner.rb:28:in `run'[0m
       [36m# /home/ec2-user/.rvm/gems/ruby-3.1.2/gems/factory_bot-6.4.6/lib/factory_bot/strategy_syntax_method_registrar.rb:28:in `block in define_singular_strategy_method'[0m
       [36m# ./spec/system/03_finishing_touches_spec.rb:6:in `block (2 levels) in <main>'[0m

  101) [STEP3] 仕上げのテスト 処理失敗時のテスト ユーザのプロフィール情報編集失敗: nameを1文字にする ユーザ編集画面を表示しており、フォームの内容が正しい
       [31mFailure/Error: let!(:book) { create(:book, user: user) }[0m
       [31m[0m
       [31mNoMethodError:[0m
       [31m  undefined method `name' for #<Book id: nil, title: "kfyvg", body: "185d29orawyv79hn6gnk", user_id: 1, created_at: nil, updated_at: nil>[0m
       [36m# /home/ec2-user/.rvm/gems/ruby-3.1.2/gems/factory_bot-6.4.6/lib/factory_bot/evaluation.rb:15:in `create'[0m
       [36m# /home/ec2-user/.rvm/gems/ruby-3.1.2/gems/factory_bot-6.4.6/lib/factory_bot/strategy/create.rb:12:in `block in result'[0m
       [36m# /home/ec2-user/.rvm/gems/ruby-3.1.2/gems/factory_bot-6.4.6/lib/factory_bot/strategy/create.rb:9:in `result'[0m
       [36m# /home/ec2-user/.rvm/gems/ruby-3.1.2/gems/factory_bot-6.4.6/lib/factory_bot/factory.rb:43:in `run'[0m
       [36m# /home/ec2-user/.rvm/gems/ruby-3.1.2/gems/factory_bot-6.4.6/lib/factory_bot/factory_runner.rb:29:in `block in run'[0m
       [36m# /home/ec2-user/.rvm/gems/ruby-3.1.2/gems/factory_bot-6.4.6/lib/factory_bot/factory_runner.rb:28:in `run'[0m
       [36m# /home/ec2-user/.rvm/gems/ruby-3.1.2/gems/factory_bot-6.4.6/lib/factory_bot/strategy_syntax_method_registrar.rb:28:in `block in define_singular_strategy_method'[0m
       [36m# ./spec/system/03_finishing_touches_spec.rb:6:in `block (2 levels) in <main>'[0m

  102) [STEP3] 仕上げのテスト 処理失敗時のテスト ユーザのプロフィール情報編集失敗: nameを1文字にする バリデーションエラーが表示される
       [31mFailure/Error: let!(:book) { create(:book, user: user) }[0m
       [31m[0m
       [31mNoMethodError:[0m
       [31m  undefined method `name' for #<Book id: nil, title: "edtg0", body: "25pbgv4jc5my70v0wrc2", user_id: 1, created_at: nil, updated_at: nil>[0m
       [36m# /home/ec2-user/.rvm/gems/ruby-3.1.2/gems/factory_bot-6.4.6/lib/factory_bot/evaluation.rb:15:in `create'[0m
       [36m# /home/ec2-user/.rvm/gems/ruby-3.1.2/gems/factory_bot-6.4.6/lib/factory_bot/strategy/create.rb:12:in `block in result'[0m
       [36m# /home/ec2-user/.rvm/gems/ruby-3.1.2/gems/factory_bot-6.4.6/lib/factory_bot/strategy/create.rb:9:in `result'[0m
       [36m# /home/ec2-user/.rvm/gems/ruby-3.1.2/gems/factory_bot-6.4.6/lib/factory_bot/factory.rb:43:in `run'[0m
       [36m# /home/ec2-user/.rvm/gems/ruby-3.1.2/gems/factory_bot-6.4.6/lib/factory_bot/factory_runner.rb:29:in `block in run'[0m
       [36m# /home/ec2-user/.rvm/gems/ruby-3.1.2/gems/factory_bot-6.4.6/lib/factory_bot/factory_runner.rb:28:in `run'[0m
       [36m# /home/ec2-user/.rvm/gems/ruby-3.1.2/gems/factory_bot-6.4.6/lib/factory_bot/strategy_syntax_method_registrar.rb:28:in `block in define_singular_strategy_method'[0m
       [36m# ./spec/system/03_finishing_touches_spec.rb:6:in `block (2 levels) in <main>'[0m

  103) [STEP3] 仕上げのテスト 処理失敗時のテスト 投稿データの新規投稿失敗: 投稿一覧画面から行い、titleを空にする 投稿が保存されない
       [31mFailure/Error: let!(:book) { create(:book, user: user) }[0m
       [31m[0m
       [31mNoMethodError:[0m
       [31m  undefined method `name' for #<Book id: nil, title: "0vd3p", body: "4djcz6xf5bwy6xo9zzgh", user_id: 1, created_at: nil, updated_at: nil>[0m
       [36m# /home/ec2-user/.rvm/gems/ruby-3.1.2/gems/factory_bot-6.4.6/lib/factory_bot/evaluation.rb:15:in `create'[0m
       [36m# /home/ec2-user/.rvm/gems/ruby-3.1.2/gems/factory_bot-6.4.6/lib/factory_bot/strategy/create.rb:12:in `block in result'[0m
       [36m# /home/ec2-user/.rvm/gems/ruby-3.1.2/gems/factory_bot-6.4.6/lib/factory_bot/strategy/create.rb:9:in `result'[0m
       [36m# /home/ec2-user/.rvm/gems/ruby-3.1.2/gems/factory_bot-6.4.6/lib/factory_bot/factory.rb:43:in `run'[0m
       [36m# /home/ec2-user/.rvm/gems/ruby-3.1.2/gems/factory_bot-6.4.6/lib/factory_bot/factory_runner.rb:29:in `block in run'[0m
       [36m# /home/ec2-user/.rvm/gems/ruby-3.1.2/gems/factory_bot-6.4.6/lib/factory_bot/factory_runner.rb:28:in `run'[0m
       [36m# /home/ec2-user/.rvm/gems/ruby-3.1.2/gems/factory_bot-6.4.6/lib/factory_bot/strategy_syntax_method_registrar.rb:28:in `block in define_singular_strategy_method'[0m
       [36m# ./spec/system/03_finishing_touches_spec.rb:6:in `block (2 levels) in <main>'[0m

  104) [STEP3] 仕上げのテスト 処理失敗時のテスト 投稿データの新規投稿失敗: 投稿一覧画面から行い、titleを空にする 投稿一覧画面を表示している
       [31mFailure/Error: let!(:book) { create(:book, user: user) }[0m
       [31m[0m
       [31mNoMethodError:[0m
       [31m  undefined method `name' for #<Book id: nil, title: "vbyfv", body: "jfexd7rmpv7skpfmu2wy", user_id: 1, created_at: nil, updated_at: nil>[0m
       [36m# /home/ec2-user/.rvm/gems/ruby-3.1.2/gems/factory_bot-6.4.6/lib/factory_bot/evaluation.rb:15:in `create'[0m
       [36m# /home/ec2-user/.rvm/gems/ruby-3.1.2/gems/factory_bot-6.4.6/lib/factory_bot/strategy/create.rb:12:in `block in result'[0m
       [36m# /home/ec2-user/.rvm/gems/ruby-3.1.2/gems/factory_bot-6.4.6/lib/factory_bot/strategy/create.rb:9:in `result'[0m
       [36m# /home/ec2-user/.rvm/gems/ruby-3.1.2/gems/factory_bot-6.4.6/lib/factory_bot/factory.rb:43:in `run'[0m
       [36m# /home/ec2-user/.rvm/gems/ruby-3.1.2/gems/factory_bot-6.4.6/lib/factory_bot/factory_runner.rb:29:in `block in run'[0m
       [36m# /home/ec2-user/.rvm/gems/ruby-3.1.2/gems/factory_bot-6.4.6/lib/factory_bot/factory_runner.rb:28:in `run'[0m
       [36m# /home/ec2-user/.rvm/gems/ruby-3.1.2/gems/factory_bot-6.4.6/lib/factory_bot/strategy_syntax_method_registrar.rb:28:in `block in define_singular_strategy_method'[0m
       [36m# ./spec/system/03_finishing_touches_spec.rb:6:in `block (2 levels) in <main>'[0m

  105) [STEP3] 仕上げのテスト 処理失敗時のテスト 投稿データの新規投稿失敗: 投稿一覧画面から行い、titleを空にする 新規投稿フォームの内容が正しい
       [31mFailure/Error: let!(:book) { create(:book, user: user) }[0m
       [31m[0m
       [31mNoMethodError:[0m
       [31m  undefined method `name' for #<Book id: nil, title: "ukpzl", body: "cgaq4h71jwzlxknrjhim", user_id: 1, created_at: nil, updated_at: nil>[0m
       [36m# /home/ec2-user/.rvm/gems/ruby-3.1.2/gems/factory_bot-6.4.6/lib/factory_bot/evaluation.rb:15:in `create'[0m
       [36m# /home/ec2-user/.rvm/gems/ruby-3.1.2/gems/factory_bot-6.4.6/lib/factory_bot/strategy/create.rb:12:in `block in result'[0m
       [36m# /home/ec2-user/.rvm/gems/ruby-3.1.2/gems/factory_bot-6.4.6/lib/factory_bot/strategy/create.rb:9:in `result'[0m
       [36m# /home/ec2-user/.rvm/gems/ruby-3.1.2/gems/factory_bot-6.4.6/lib/factory_bot/factory.rb:43:in `run'[0m
       [36m# /home/ec2-user/.rvm/gems/ruby-3.1.2/gems/factory_bot-6.4.6/lib/factory_bot/factory_runner.rb:29:in `block in run'[0m
       [36m# /home/ec2-user/.rvm/gems/ruby-3.1.2/gems/factory_bot-6.4.6/lib/factory_bot/factory_runner.rb:28:in `run'[0m
       [36m# /home/ec2-user/.rvm/gems/ruby-3.1.2/gems/factory_bot-6.4.6/lib/factory_bot/strategy_syntax_method_registrar.rb:28:in `block in define_singular_strategy_method'[0m
       [36m# ./spec/system/03_finishing_touches_spec.rb:6:in `block (2 levels) in <main>'[0m

  106) [STEP3] 仕上げのテスト 処理失敗時のテスト 投稿データの新規投稿失敗: 投稿一覧画面から行い、titleを空にする バリデーションエラーが表示される
       [31mFailure/Error: let!(:book) { create(:book, user: user) }[0m
       [31m[0m
       [31mNoMethodError:[0m
       [31m  undefined method `name' for #<Book id: nil, title: "x8bue", body: "kfxig9cf1abziu63y3lq", user_id: 1, created_at: nil, updated_at: nil>[0m
       [36m# /home/ec2-user/.rvm/gems/ruby-3.1.2/gems/factory_bot-6.4.6/lib/factory_bot/evaluation.rb:15:in `create'[0m
       [36m# /home/ec2-user/.rvm/gems/ruby-3.1.2/gems/factory_bot-6.4.6/lib/factory_bot/strategy/create.rb:12:in `block in result'[0m
       [36m# /home/ec2-user/.rvm/gems/ruby-3.1.2/gems/factory_bot-6.4.6/lib/factory_bot/strategy/create.rb:9:in `result'[0m
       [36m# /home/ec2-user/.rvm/gems/ruby-3.1.2/gems/factory_bot-6.4.6/lib/factory_bot/factory.rb:43:in `run'[0m
       [36m# /home/ec2-user/.rvm/gems/ruby-3.1.2/gems/factory_bot-6.4.6/lib/factory_bot/factory_runner.rb:29:in `block in run'[0m
       [36m# /home/ec2-user/.rvm/gems/ruby-3.1.2/gems/factory_bot-6.4.6/lib/factory_bot/factory_runner.rb:28:in `run'[0m
       [36m# /home/ec2-user/.rvm/gems/ruby-3.1.2/gems/factory_bot-6.4.6/lib/factory_bot/strategy_syntax_method_registrar.rb:28:in `block in define_singular_strategy_method'[0m
       [36m# ./spec/system/03_finishing_touches_spec.rb:6:in `block (2 levels) in <main>'[0m

  107) [STEP3] 仕上げのテスト 処理失敗時のテスト 投稿データの更新失敗: titleを空にする 投稿が更新されない
       [31mFailure/Error: let!(:book) { create(:book, user: user) }[0m
       [31m[0m
       [31mNoMethodError:[0m
       [31m  undefined method `name' for #<Book id: nil, title: "lg5ev", body: "zabj1x6m4qatyn99ybev", user_id: 1, created_at: nil, updated_at: nil>[0m
       [36m# /home/ec2-user/.rvm/gems/ruby-3.1.2/gems/factory_bot-6.4.6/lib/factory_bot/evaluation.rb:15:in `create'[0m
       [36m# /home/ec2-user/.rvm/gems/ruby-3.1.2/gems/factory_bot-6.4.6/lib/factory_bot/strategy/create.rb:12:in `block in result'[0m
       [36m# /home/ec2-user/.rvm/gems/ruby-3.1.2/gems/factory_bot-6.4.6/lib/factory_bot/strategy/create.rb:9:in `result'[0m
       [36m# /home/ec2-user/.rvm/gems/ruby-3.1.2/gems/factory_bot-6.4.6/lib/factory_bot/factory.rb:43:in `run'[0m
       [36m# /home/ec2-user/.rvm/gems/ruby-3.1.2/gems/factory_bot-6.4.6/lib/factory_bot/factory_runner.rb:29:in `block in run'[0m
       [36m# /home/ec2-user/.rvm/gems/ruby-3.1.2/gems/factory_bot-6.4.6/lib/factory_bot/factory_runner.rb:28:in `run'[0m
       [36m# /home/ec2-user/.rvm/gems/ruby-3.1.2/gems/factory_bot-6.4.6/lib/factory_bot/strategy_syntax_method_registrar.rb:28:in `block in define_singular_strategy_method'[0m
       [36m# ./spec/system/03_finishing_touches_spec.rb:6:in `block (2 levels) in <main>'[0m

  108) [STEP3] 仕上げのテスト 処理失敗時のテスト 投稿データの更新失敗: titleを空にする 投稿編集画面を表示しており、フォームの内容が正しい
       [31mFailure/Error: let!(:book) { create(:book, user: user) }[0m
       [31m[0m
       [31mNoMethodError:[0m
       [31m  undefined method `name' for #<Book id: nil, title: "k20zg", body: "gwvbo1lnzwr804mxzel7", user_id: 1, created_at: nil, updated_at: nil>[0m
       [36m# /home/ec2-user/.rvm/gems/ruby-3.1.2/gems/factory_bot-6.4.6/lib/factory_bot/evaluation.rb:15:in `create'[0m
       [36m# /home/ec2-user/.rvm/gems/ruby-3.1.2/gems/factory_bot-6.4.6/lib/factory_bot/strategy/create.rb:12:in `block in result'[0m
       [36m# /home/ec2-user/.rvm/gems/ruby-3.1.2/gems/factory_bot-6.4.6/lib/factory_bot/strategy/create.rb:9:in `result'[0m
       [36m# /home/ec2-user/.rvm/gems/ruby-3.1.2/gems/factory_bot-6.4.6/lib/factory_bot/factory.rb:43:in `run'[0m
       [36m# /home/ec2-user/.rvm/gems/ruby-3.1.2/gems/factory_bot-6.4.6/lib/factory_bot/factory_runner.rb:29:in `block in run'[0m
       [36m# /home/ec2-user/.rvm/gems/ruby-3.1.2/gems/factory_bot-6.4.6/lib/factory_bot/factory_runner.rb:28:in `run'[0m
       [36m# /home/ec2-user/.rvm/gems/ruby-3.1.2/gems/factory_bot-6.4.6/lib/factory_bot/strategy_syntax_method_registrar.rb:28:in `block in define_singular_strategy_method'[0m
       [36m# ./spec/system/03_finishing_touches_spec.rb:6:in `block (2 levels) in <main>'[0m

  109) [STEP3] 仕上げのテスト 処理失敗時のテスト 投稿データの更新失敗: titleを空にする エラーメッセージが表示される
       [31mFailure/Error: let!(:book) { create(:book, user: user) }[0m
       [31m[0m
       [31mNoMethodError:[0m
       [31m  undefined method `name' for #<Book id: nil, title: "avpks", body: "d3zcmsl140ft6jdhv5x3", user_id: 1, created_at: nil, updated_at: nil>[0m
       [36m# /home/ec2-user/.rvm/gems/ruby-3.1.2/gems/factory_bot-6.4.6/lib/factory_bot/evaluation.rb:15:in `create'[0m
       [36m# /home/ec2-user/.rvm/gems/ruby-3.1.2/gems/factory_bot-6.4.6/lib/factory_bot/strategy/create.rb:12:in `block in result'[0m
       [36m# /home/ec2-user/.rvm/gems/ruby-3.1.2/gems/factory_bot-6.4.6/lib/factory_bot/strategy/create.rb:9:in `result'[0m
       [36m# /home/ec2-user/.rvm/gems/ruby-3.1.2/gems/factory_bot-6.4.6/lib/factory_bot/factory.rb:43:in `run'[0m
       [36m# /home/ec2-user/.rvm/gems/ruby-3.1.2/gems/factory_bot-6.4.6/lib/factory_bot/factory_runner.rb:29:in `block in run'[0m
       [36m# /home/ec2-user/.rvm/gems/ruby-3.1.2/gems/factory_bot-6.4.6/lib/factory_bot/factory_runner.rb:28:in `run'[0m
       [36m# /home/ec2-user/.rvm/gems/ruby-3.1.2/gems/factory_bot-6.4.6/lib/factory_bot/strategy_syntax_method_registrar.rb:28:in `block in define_singular_strategy_method'[0m
       [36m# ./spec/system/03_finishing_touches_spec.rb:6:in `block (2 levels) in <main>'[0m

  110) [STEP3] 仕上げのテスト ログインしていない場合のアクセス制限のテスト: アクセスできず、ログイン画面に遷移する ユーザ一覧画面
       [31mFailure/Error: let!(:book) { create(:book, user: user) }[0m
       [31m[0m
       [31mNoMethodError:[0m
       [31m  undefined method `name' for #<Book id: nil, title: "awinx", body: "mrcsubp193uaxl3q18oc", user_id: 1, created_at: nil, updated_at: nil>[0m
       [36m# /home/ec2-user/.rvm/gems/ruby-3.1.2/gems/factory_bot-6.4.6/lib/factory_bot/evaluation.rb:15:in `create'[0m
       [36m# /home/ec2-user/.rvm/gems/ruby-3.1.2/gems/factory_bot-6.4.6/lib/factory_bot/strategy/create.rb:12:in `block in result'[0m
       [36m# /home/ec2-user/.rvm/gems/ruby-3.1.2/gems/factory_bot-6.4.6/lib/factory_bot/strategy/create.rb:9:in `result'[0m
       [36m# /home/ec2-user/.rvm/gems/ruby-3.1.2/gems/factory_bot-6.4.6/lib/factory_bot/factory.rb:43:in `run'[0m
       [36m# /home/ec2-user/.rvm/gems/ruby-3.1.2/gems/factory_bot-6.4.6/lib/factory_bot/factory_runner.rb:29:in `block in run'[0m
       [36m# /home/ec2-user/.rvm/gems/ruby-3.1.2/gems/factory_bot-6.4.6/lib/factory_bot/factory_runner.rb:28:in `run'[0m
       [36m# /home/ec2-user/.rvm/gems/ruby-3.1.2/gems/factory_bot-6.4.6/lib/factory_bot/strategy_syntax_method_registrar.rb:28:in `block in define_singular_strategy_method'[0m
       [36m# ./spec/system/03_finishing_touches_spec.rb:6:in `block (2 levels) in <main>'[0m

  111) [STEP3] 仕上げのテスト ログインしていない場合のアクセス制限のテスト: アクセスできず、ログイン画面に遷移する ユーザ詳細画面
       [31mFailure/Error: let!(:book) { create(:book, user: user) }[0m
       [31m[0m
       [31mNoMethodError:[0m
       [31m  undefined method `name' for #<Book id: nil, title: "c6syk", body: "ftjzbh2bsqbi03vlgrdj", user_id: 1, created_at: nil, updated_at: nil>[0m
       [36m# /home/ec2-user/.rvm/gems/ruby-3.1.2/gems/factory_bot-6.4.6/lib/factory_bot/evaluation.rb:15:in `create'[0m
       [36m# /home/ec2-user/.rvm/gems/ruby-3.1.2/gems/factory_bot-6.4.6/lib/factory_bot/strategy/create.rb:12:in `block in result'[0m
       [36m# /home/ec2-user/.rvm/gems/ruby-3.1.2/gems/factory_bot-6.4.6/lib/factory_bot/strategy/create.rb:9:in `result'[0m
       [36m# /home/ec2-user/.rvm/gems/ruby-3.1.2/gems/factory_bot-6.4.6/lib/factory_bot/factory.rb:43:in `run'[0m
       [36m# /home/ec2-user/.rvm/gems/ruby-3.1.2/gems/factory_bot-6.4.6/lib/factory_bot/factory_runner.rb:29:in `block in run'[0m
       [36m# /home/ec2-user/.rvm/gems/ruby-3.1.2/gems/factory_bot-6.4.6/lib/factory_bot/factory_runner.rb:28:in `run'[0m
       [36m# /home/ec2-user/.rvm/gems/ruby-3.1.2/gems/factory_bot-6.4.6/lib/factory_bot/strategy_syntax_method_registrar.rb:28:in `block in define_singular_strategy_method'[0m
       [36m# ./spec/system/03_finishing_touches_spec.rb:6:in `block (2 levels) in <main>'[0m

  112) [STEP3] 仕上げのテスト ログインしていない場合のアクセス制限のテスト: アクセスできず、ログイン画面に遷移する ユーザ情報編集画面
       [31mFailure/Error: let!(:book) { create(:book, user: user) }[0m
       [31m[0m
       [31mNoMethodError:[0m
       [31m  undefined method `name' for #<Book id: nil, title: "i710g", body: "i1gcvauurou0l6rehys2", user_id: 1, created_at: nil, updated_at: nil>[0m
       [36m# /home/ec2-user/.rvm/gems/ruby-3.1.2/gems/factory_bot-6.4.6/lib/factory_bot/evaluation.rb:15:in `create'[0m
       [36m# /home/ec2-user/.rvm/gems/ruby-3.1.2/gems/factory_bot-6.4.6/lib/factory_bot/strategy/create.rb:12:in `block in result'[0m
       [36m# /home/ec2-user/.rvm/gems/ruby-3.1.2/gems/factory_bot-6.4.6/lib/factory_bot/strategy/create.rb:9:in `result'[0m
       [36m# /home/ec2-user/.rvm/gems/ruby-3.1.2/gems/factory_bot-6.4.6/lib/factory_bot/factory.rb:43:in `run'[0m
       [36m# /home/ec2-user/.rvm/gems/ruby-3.1.2/gems/factory_bot-6.4.6/lib/factory_bot/factory_runner.rb:29:in `block in run'[0m
       [36m# /home/ec2-user/.rvm/gems/ruby-3.1.2/gems/factory_bot-6.4.6/lib/factory_bot/factory_runner.rb:28:in `run'[0m
       [36m# /home/ec2-user/.rvm/gems/ruby-3.1.2/gems/factory_bot-6.4.6/lib/factory_bot/strategy_syntax_method_registrar.rb:28:in `block in define_singular_strategy_method'[0m
       [36m# ./spec/system/03_finishing_touches_spec.rb:6:in `block (2 levels) in <main>'[0m

  113) [STEP3] 仕上げのテスト ログインしていない場合のアクセス制限のテスト: アクセスできず、ログイン画面に遷移する 投稿一覧画面
       [31mFailure/Error: let!(:book) { create(:book, user: user) }[0m
       [31m[0m
       [31mNoMethodError:[0m
       [31m  undefined method `name' for #<Book id: nil, title: "uheyu", body: "azqua5ovidyu5c7e5u1v", user_id: 1, created_at: nil, updated_at: nil>[0m
       [36m# /home/ec2-user/.rvm/gems/ruby-3.1.2/gems/factory_bot-6.4.6/lib/factory_bot/evaluation.rb:15:in `create'[0m
       [36m# /home/ec2-user/.rvm/gems/ruby-3.1.2/gems/factory_bot-6.4.6/lib/factory_bot/strategy/create.rb:12:in `block in result'[0m
       [36m# /home/ec2-user/.rvm/gems/ruby-3.1.2/gems/factory_bot-6.4.6/lib/factory_bot/strategy/create.rb:9:in `result'[0m
       [36m# /home/ec2-user/.rvm/gems/ruby-3.1.2/gems/factory_bot-6.4.6/lib/factory_bot/factory.rb:43:in `run'[0m
       [36m# /home/ec2-user/.rvm/gems/ruby-3.1.2/gems/factory_bot-6.4.6/lib/factory_bot/factory_runner.rb:29:in `block in run'[0m
       [36m# /home/ec2-user/.rvm/gems/ruby-3.1.2/gems/factory_bot-6.4.6/lib/factory_bot/factory_runner.rb:28:in `run'[0m
       [36m# /home/ec2-user/.rvm/gems/ruby-3.1.2/gems/factory_bot-6.4.6/lib/factory_bot/strategy_syntax_method_registrar.rb:28:in `block in define_singular_strategy_method'[0m
       [36m# ./spec/system/03_finishing_touches_spec.rb:6:in `block (2 levels) in <main>'[0m

  114) [STEP3] 仕上げのテスト ログインしていない場合のアクセス制限のテスト: アクセスできず、ログイン画面に遷移する 投稿詳細画面
       [31mFailure/Error: let!(:book) { create(:book, user: user) }[0m
       [31m[0m
       [31mNoMethodError:[0m
       [31m  undefined method `name' for #<Book id: nil, title: "vx4g4", body: "35ajuobeo4qf9hb9eu21", user_id: 1, created_at: nil, updated_at: nil>[0m
       [36m# /home/ec2-user/.rvm/gems/ruby-3.1.2/gems/factory_bot-6.4.6/lib/factory_bot/evaluation.rb:15:in `create'[0m
       [36m# /home/ec2-user/.rvm/gems/ruby-3.1.2/gems/factory_bot-6.4.6/lib/factory_bot/strategy/create.rb:12:in `block in result'[0m
       [36m# /home/ec2-user/.rvm/gems/ruby-3.1.2/gems/factory_bot-6.4.6/lib/factory_bot/strategy/create.rb:9:in `result'[0m
       [36m# /home/ec2-user/.rvm/gems/ruby-3.1.2/gems/factory_bot-6.4.6/lib/factory_bot/factory.rb:43:in `run'[0m
       [36m# /home/ec2-user/.rvm/gems/ruby-3.1.2/gems/factory_bot-6.4.6/lib/factory_bot/factory_runner.rb:29:in `block in run'[0m
       [36m# /home/ec2-user/.rvm/gems/ruby-3.1.2/gems/factory_bot-6.4.6/lib/factory_bot/factory_runner.rb:28:in `run'[0m
       [36m# /home/ec2-user/.rvm/gems/ruby-3.1.2/gems/factory_bot-6.4.6/lib/factory_bot/strategy_syntax_method_registrar.rb:28:in `block in define_singular_strategy_method'[0m
       [36m# ./spec/system/03_finishing_touches_spec.rb:6:in `block (2 levels) in <main>'[0m

  115) [STEP3] 仕上げのテスト ログインしていない場合のアクセス制限のテスト: アクセスできず、ログイン画面に遷移する 投稿編集画面
       [31mFailure/Error: let!(:book) { create(:book, user: user) }[0m
       [31m[0m
       [31mNoMethodError:[0m
       [31m  undefined method `name' for #<Book id: nil, title: "czsyc", body: "non5g1gyrru4m3irnu6a", user_id: 1, created_at: nil, updated_at: nil>[0m
       [36m# /home/ec2-user/.rvm/gems/ruby-3.1.2/gems/factory_bot-6.4.6/lib/factory_bot/evaluation.rb:15:in `create'[0m
       [36m# /home/ec2-user/.rvm/gems/ruby-3.1.2/gems/factory_bot-6.4.6/lib/factory_bot/strategy/create.rb:12:in `block in result'[0m
       [36m# /home/ec2-user/.rvm/gems/ruby-3.1.2/gems/factory_bot-6.4.6/lib/factory_bot/strategy/create.rb:9:in `result'[0m
       [36m# /home/ec2-user/.rvm/gems/ruby-3.1.2/gems/factory_bot-6.4.6/lib/factory_bot/factory.rb:43:in `run'[0m
       [36m# /home/ec2-user/.rvm/gems/ruby-3.1.2/gems/factory_bot-6.4.6/lib/factory_bot/factory_runner.rb:29:in `block in run'[0m
       [36m# /home/ec2-user/.rvm/gems/ruby-3.1.2/gems/factory_bot-6.4.6/lib/factory_bot/factory_runner.rb:28:in `run'[0m
       [36m# /home/ec2-user/.rvm/gems/ruby-3.1.2/gems/factory_bot-6.4.6/lib/factory_bot/strategy_syntax_method_registrar.rb:28:in `block in define_singular_strategy_method'[0m
       [36m# ./spec/system/03_finishing_touches_spec.rb:6:in `block (2 levels) in <main>'[0m

  116) [STEP3] 仕上げのテスト 他人の画面のテスト 他人の投稿詳細画面のテスト 表示内容の確認 URLが正しい
       [31mFailure/Error: let!(:book) { create(:book, user: user) }[0m
       [31m[0m
       [31mNoMethodError:[0m
       [31m  undefined method `name' for #<Book id: nil, title: "7mtlq", body: "m30cbp1080u1r87142p2", user_id: 1, created_at: nil, updated_at: nil>[0m
       [36m# /home/ec2-user/.rvm/gems/ruby-3.1.2/gems/factory_bot-6.4.6/lib/factory_bot/evaluation.rb:15:in `create'[0m
       [36m# /home/ec2-user/.rvm/gems/ruby-3.1.2/gems/factory_bot-6.4.6/lib/factory_bot/strategy/create.rb:12:in `block in result'[0m
       [36m# /home/ec2-user/.rvm/gems/ruby-3.1.2/gems/factory_bot-6.4.6/lib/factory_bot/strategy/create.rb:9:in `result'[0m
       [36m# /home/ec2-user/.rvm/gems/ruby-3.1.2/gems/factory_bot-6.4.6/lib/factory_bot/factory.rb:43:in `run'[0m
       [36m# /home/ec2-user/.rvm/gems/ruby-3.1.2/gems/factory_bot-6.4.6/lib/factory_bot/factory_runner.rb:29:in `block in run'[0m
       [36m# /home/ec2-user/.rvm/gems/ruby-3.1.2/gems/factory_bot-6.4.6/lib/factory_bot/factory_runner.rb:28:in `run'[0m
       [36m# /home/ec2-user/.rvm/gems/ruby-3.1.2/gems/factory_bot-6.4.6/lib/factory_bot/strategy_syntax_method_registrar.rb:28:in `block in define_singular_strategy_method'[0m
       [36m# ./spec/system/03_finishing_touches_spec.rb:6:in `block (2 levels) in <main>'[0m

  117) [STEP3] 仕上げのテスト 他人の画面のテスト 他人の投稿詳細画面のテスト 表示内容の確認 「Book detail」と表示される
       [31mFailure/Error: let!(:book) { create(:book, user: user) }[0m
       [31m[0m
       [31mNoMethodError:[0m
       [31m  undefined method `name' for #<Book id: nil, title: "pu2zq", body: "he1o8k9pav94sz2pq8yy", user_id: 1, created_at: nil, updated_at: nil>[0m
       [36m# /home/ec2-user/.rvm/gems/ruby-3.1.2/gems/factory_bot-6.4.6/lib/factory_bot/evaluation.rb:15:in `create'[0m
       [36m# /home/ec2-user/.rvm/gems/ruby-3.1.2/gems/factory_bot-6.4.6/lib/factory_bot/strategy/create.rb:12:in `block in result'[0m
       [36m# /home/ec2-user/.rvm/gems/ruby-3.1.2/gems/factory_bot-6.4.6/lib/factory_bot/strategy/create.rb:9:in `result'[0m
       [36m# /home/ec2-user/.rvm/gems/ruby-3.1.2/gems/factory_bot-6.4.6/lib/factory_bot/factory.rb:43:in `run'[0m
       [36m# /home/ec2-user/.rvm/gems/ruby-3.1.2/gems/factory_bot-6.4.6/lib/factory_bot/factory_runner.rb:29:in `block in run'[0m
       [36m# /home/ec2-user/.rvm/gems/ruby-3.1.2/gems/factory_bot-6.4.6/lib/factory_bot/factory_runner.rb:28:in `run'[0m
       [36m# /home/ec2-user/.rvm/gems/ruby-3.1.2/gems/factory_bot-6.4.6/lib/factory_bot/strategy_syntax_method_registrar.rb:28:in `block in define_singular_strategy_method'[0m
       [36m# ./spec/system/03_finishing_touches_spec.rb:6:in `block (2 levels) in <main>'[0m

  118) [STEP3] 仕上げのテスト 他人の画面のテスト 他人の投稿詳細画面のテスト 表示内容の確認 ユーザ画像・名前のリンク先が正しい
       [31mFailure/Error: let!(:book) { create(:book, user: user) }[0m
       [31m[0m
       [31mNoMethodError:[0m
       [31m  undefined method `name' for #<Book id: nil, title: "ed6kr", body: "o9z7vvh1burn08b4283m", user_id: 1, created_at: nil, updated_at: nil>[0m
       [36m# /home/ec2-user/.rvm/gems/ruby-3.1.2/gems/factory_bot-6.4.6/lib/factory_bot/evaluation.rb:15:in `create'[0m
       [36m# /home/ec2-user/.rvm/gems/ruby-3.1.2/gems/factory_bot-6.4.6/lib/factory_bot/strategy/create.rb:12:in `block in result'[0m
       [36m# /home/ec2-user/.rvm/gems/ruby-3.1.2/gems/factory_bot-6.4.6/lib/factory_bot/strategy/create.rb:9:in `result'[0m
       [36m# /home/ec2-user/.rvm/gems/ruby-3.1.2/gems/factory_bot-6.4.6/lib/factory_bot/factory.rb:43:in `run'[0m
       [36m# /home/ec2-user/.rvm/gems/ruby-3.1.2/gems/factory_bot-6.4.6/lib/factory_bot/factory_runner.rb:29:in `block in run'[0m
       [36m# /home/ec2-user/.rvm/gems/ruby-3.1.2/gems/factory_bot-6.4.6/lib/factory_bot/factory_runner.rb:28:in `run'[0m
       [36m# /home/ec2-user/.rvm/gems/ruby-3.1.2/gems/factory_bot-6.4.6/lib/factory_bot/strategy_syntax_method_registrar.rb:28:in `block in define_singular_strategy_method'[0m
       [36m# ./spec/system/03_finishing_touches_spec.rb:6:in `block (2 levels) in <main>'[0m

  119) [STEP3] 仕上げのテスト 他人の画面のテスト 他人の投稿詳細画面のテスト 表示内容の確認 投稿のtitleが表示される
       [31mFailure/Error: let!(:book) { create(:book, user: user) }[0m
       [31m[0m
       [31mNoMethodError:[0m
       [31m  undefined method `name' for #<Book id: nil, title: "4pexy", body: "l0i3zmfdrfibofpo58lm", user_id: 1, created_at: nil, updated_at: nil>[0m
       [36m# /home/ec2-user/.rvm/gems/ruby-3.1.2/gems/factory_bot-6.4.6/lib/factory_bot/evaluation.rb:15:in `create'[0m
       [36m# /home/ec2-user/.rvm/gems/ruby-3.1.2/gems/factory_bot-6.4.6/lib/factory_bot/strategy/create.rb:12:in `block in result'[0m
       [36m# /home/ec2-user/.rvm/gems/ruby-3.1.2/gems/factory_bot-6.4.6/lib/factory_bot/strategy/create.rb:9:in `result'[0m
       [36m# /home/ec2-user/.rvm/gems/ruby-3.1.2/gems/factory_bot-6.4.6/lib/factory_bot/factory.rb:43:in `run'[0m
       [36m# /home/ec2-user/.rvm/gems/ruby-3.1.2/gems/factory_bot-6.4.6/lib/factory_bot/factory_runner.rb:29:in `block in run'[0m
       [36m# /home/ec2-user/.rvm/gems/ruby-3.1.2/gems/factory_bot-6.4.6/lib/factory_bot/factory_runner.rb:28:in `run'[0m
       [36m# /home/ec2-user/.rvm/gems/ruby-3.1.2/gems/factory_bot-6.4.6/lib/factory_bot/strategy_syntax_method_registrar.rb:28:in `block in define_singular_strategy_method'[0m
       [36m# ./spec/system/03_finishing_touches_spec.rb:6:in `block (2 levels) in <main>'[0m

  120) [STEP3] 仕上げのテスト 他人の画面のテスト 他人の投稿詳細画面のテスト 表示内容の確認 投稿のopinionが表示される
       [31mFailure/Error: let!(:book) { create(:book, user: user) }[0m
       [31m[0m
       [31mNoMethodError:[0m
       [31m  undefined method `name' for #<Book id: nil, title: "2a2e9", body: "2nva47u9r79ernlscf2j", user_id: 1, created_at: nil, updated_at: nil>[0m
       [36m# /home/ec2-user/.rvm/gems/ruby-3.1.2/gems/factory_bot-6.4.6/lib/factory_bot/evaluation.rb:15:in `create'[0m
       [36m# /home/ec2-user/.rvm/gems/ruby-3.1.2/gems/factory_bot-6.4.6/lib/factory_bot/strategy/create.rb:12:in `block in result'[0m
       [36m# /home/ec2-user/.rvm/gems/ruby-3.1.2/gems/factory_bot-6.4.6/lib/factory_bot/strategy/create.rb:9:in `result'[0m
       [36m# /home/ec2-user/.rvm/gems/ruby-3.1.2/gems/factory_bot-6.4.6/lib/factory_bot/factory.rb:43:in `run'[0m
       [36m# /home/ec2-user/.rvm/gems/ruby-3.1.2/gems/factory_bot-6.4.6/lib/factory_bot/factory_runner.rb:29:in `block in run'[0m
       [36m# /home/ec2-user/.rvm/gems/ruby-3.1.2/gems/factory_bot-6.4.6/lib/factory_bot/factory_runner.rb:28:in `run'[0m
       [36m# /home/ec2-user/.rvm/gems/ruby-3.1.2/gems/factory_bot-6.4.6/lib/factory_bot/strategy_syntax_method_registrar.rb:28:in `block in define_singular_strategy_method'[0m
       [36m# ./spec/system/03_finishing_touches_spec.rb:6:in `block (2 levels) in <main>'[0m

  121) [STEP3] 仕上げのテスト 他人の画面のテスト 他人の投稿詳細画面のテスト 表示内容の確認 投稿の編集リンクが表示されない
       [31mFailure/Error: let!(:book) { create(:book, user: user) }[0m
       [31m[0m
       [31mNoMethodError:[0m
       [31m  undefined method `name' for #<Book id: nil, title: "8hyc3", body: "saauldu651qdwn0lyg9l", user_id: 1, created_at: nil, updated_at: nil>[0m
       [36m# /home/ec2-user/.rvm/gems/ruby-3.1.2/gems/factory_bot-6.4.6/lib/factory_bot/evaluation.rb:15:in `create'[0m
       [36m# /home/ec2-user/.rvm/gems/ruby-3.1.2/gems/factory_bot-6.4.6/lib/factory_bot/strategy/create.rb:12:in `block in result'[0m
       [36m# /home/ec2-user/.rvm/gems/ruby-3.1.2/gems/factory_bot-6.4.6/lib/factory_bot/strategy/create.rb:9:in `result'[0m
       [36m# /home/ec2-user/.rvm/gems/ruby-3.1.2/gems/factory_bot-6.4.6/lib/factory_bot/factory.rb:43:in `run'[0m
       [36m# /home/ec2-user/.rvm/gems/ruby-3.1.2/gems/factory_bot-6.4.6/lib/factory_bot/factory_runner.rb:29:in `block in run'[0m
       [36m# /home/ec2-user/.rvm/gems/ruby-3.1.2/gems/factory_bot-6.4.6/lib/factory_bot/factory_runner.rb:28:in `run'[0m
       [36m# /home/ec2-user/.rvm/gems/ruby-3.1.2/gems/factory_bot-6.4.6/lib/factory_bot/strategy_syntax_method_registrar.rb:28:in `block in define_singular_strategy_method'[0m
       [36m# ./spec/system/03_finishing_touches_spec.rb:6:in `block (2 levels) in <main>'[0m

  122) [STEP3] 仕上げのテスト 他人の画面のテスト 他人の投稿詳細画面のテスト 表示内容の確認 投稿の削除リンクが表示されない
       [31mFailure/Error: let!(:book) { create(:book, user: user) }[0m
       [31m[0m
       [31mNoMethodError:[0m
       [31m  undefined method `name' for #<Book id: nil, title: "dqfez", body: "4sqrl8btklo2v271jb3s", user_id: 1, created_at: nil, updated_at: nil>[0m
       [36m# /home/ec2-user/.rvm/gems/ruby-3.1.2/gems/factory_bot-6.4.6/lib/factory_bot/evaluation.rb:15:in `create'[0m
       [36m# /home/ec2-user/.rvm/gems/ruby-3.1.2/gems/factory_bot-6.4.6/lib/factory_bot/strategy/create.rb:12:in `block in result'[0m
       [36m# /home/ec2-user/.rvm/gems/ruby-3.1.2/gems/factory_bot-6.4.6/lib/factory_bot/strategy/create.rb:9:in `result'[0m
       [36m# /home/ec2-user/.rvm/gems/ruby-3.1.2/gems/factory_bot-6.4.6/lib/factory_bot/factory.rb:43:in `run'[0m
       [36m# /home/ec2-user/.rvm/gems/ruby-3.1.2/gems/factory_bot-6.4.6/lib/factory_bot/factory_runner.rb:29:in `block in run'[0m
       [36m# /home/ec2-user/.rvm/gems/ruby-3.1.2/gems/factory_bot-6.4.6/lib/factory_bot/factory_runner.rb:28:in `run'[0m
       [36m# /home/ec2-user/.rvm/gems/ruby-3.1.2/gems/factory_bot-6.4.6/lib/factory_bot/strategy_syntax_method_registrar.rb:28:in `block in define_singular_strategy_method'[0m
       [36m# ./spec/system/03_finishing_touches_spec.rb:6:in `block (2 levels) in <main>'[0m

  123) [STEP3] 仕上げのテスト 他人の画面のテスト 他人の投稿詳細画面のテスト サイドバーの確認 他人の名前と紹介文が表示される
       [31mFailure/Error: let!(:book) { create(:book, user: user) }[0m
       [31m[0m
       [31mNoMethodError:[0m
       [31m  undefined method `name' for #<Book id: nil, title: "3x7zh", body: "bbzrn264tu2ah4atmiud", user_id: 1, created_at: nil, updated_at: nil>[0m
       [36m# /home/ec2-user/.rvm/gems/ruby-3.1.2/gems/factory_bot-6.4.6/lib/factory_bot/evaluation.rb:15:in `create'[0m
       [36m# /home/ec2-user/.rvm/gems/ruby-3.1.2/gems/factory_bot-6.4.6/lib/factory_bot/strategy/create.rb:12:in `block in result'[0m
       [36m# /home/ec2-user/.rvm/gems/ruby-3.1.2/gems/factory_bot-6.4.6/lib/factory_bot/strategy/create.rb:9:in `result'[0m
       [36m# /home/ec2-user/.rvm/gems/ruby-3.1.2/gems/factory_bot-6.4.6/lib/factory_bot/factory.rb:43:in `run'[0m
       [36m# /home/ec2-user/.rvm/gems/ruby-3.1.2/gems/factory_bot-6.4.6/lib/factory_bot/factory_runner.rb:29:in `block in run'[0m
       [36m# /home/ec2-user/.rvm/gems/ruby-3.1.2/gems/factory_bot-6.4.6/lib/factory_bot/factory_runner.rb:28:in `run'[0m
       [36m# /home/ec2-user/.rvm/gems/ruby-3.1.2/gems/factory_bot-6.4.6/lib/factory_bot/strategy_syntax_method_registrar.rb:28:in `block in define_singular_strategy_method'[0m
       [36m# ./spec/system/03_finishing_touches_spec.rb:6:in `block (2 levels) in <main>'[0m

  124) [STEP3] 仕上げのテスト 他人の画面のテスト 他人の投稿詳細画面のテスト サイドバーの確認 他人のユーザ編集画面へのリンクが存在する
       [31mFailure/Error: let!(:book) { create(:book, user: user) }[0m
       [31m[0m
       [31mNoMethodError:[0m
       [31m  undefined method `name' for #<Book id: nil, title: "8i013", body: "39pcrw90md649ncyda2a", user_id: 1, created_at: nil, updated_at: nil>[0m
       [36m# /home/ec2-user/.rvm/gems/ruby-3.1.2/gems/factory_bot-6.4.6/lib/factory_bot/evaluation.rb:15:in `create'[0m
       [36m# /home/ec2-user/.rvm/gems/ruby-3.1.2/gems/factory_bot-6.4.6/lib/factory_bot/strategy/create.rb:12:in `block in result'[0m
       [36m# /home/ec2-user/.rvm/gems/ruby-3.1.2/gems/factory_bot-6.4.6/lib/factory_bot/strategy/create.rb:9:in `result'[0m
       [36m# /home/ec2-user/.rvm/gems/ruby-3.1.2/gems/factory_bot-6.4.6/lib/factory_bot/factory.rb:43:in `run'[0m
       [36m# /home/ec2-user/.rvm/gems/ruby-3.1.2/gems/factory_bot-6.4.6/lib/factory_bot/factory_runner.rb:29:in `block in run'[0m
       [36m# /home/ec2-user/.rvm/gems/ruby-3.1.2/gems/factory_bot-6.4.6/lib/factory_bot/factory_runner.rb:28:in `run'[0m
       [36m# /home/ec2-user/.rvm/gems/ruby-3.1.2/gems/factory_bot-6.4.6/lib/factory_bot/strategy_syntax_method_registrar.rb:28:in `block in define_singular_strategy_method'[0m
       [36m# ./spec/system/03_finishing_touches_spec.rb:6:in `block (2 levels) in <main>'[0m

  125) [STEP3] 仕上げのテスト 他人の画面のテスト 他人の投稿詳細画面のテスト サイドバーの確認 自分の名前と紹介文は表示されない
       [31mFailure/Error: let!(:book) { create(:book, user: user) }[0m
       [31m[0m
       [31mNoMethodError:[0m
       [31m  undefined method `name' for #<Book id: nil, title: "u7w83", body: "13kr1t4pvrc1agvf9tvg", user_id: 1, created_at: nil, updated_at: nil>[0m
       [36m# /home/ec2-user/.rvm/gems/ruby-3.1.2/gems/factory_bot-6.4.6/lib/factory_bot/evaluation.rb:15:in `create'[0m
       [36m# /home/ec2-user/.rvm/gems/ruby-3.1.2/gems/factory_bot-6.4.6/lib/factory_bot/strategy/create.rb:12:in `block in result'[0m
       [36m# /home/ec2-user/.rvm/gems/ruby-3.1.2/gems/factory_bot-6.4.6/lib/factory_bot/strategy/create.rb:9:in `result'[0m
       [36m# /home/ec2-user/.rvm/gems/ruby-3.1.2/gems/factory_bot-6.4.6/lib/factory_bot/factory.rb:43:in `run'[0m
       [36m# /home/ec2-user/.rvm/gems/ruby-3.1.2/gems/factory_bot-6.4.6/lib/factory_bot/factory_runner.rb:29:in `block in run'[0m
       [36m# /home/ec2-user/.rvm/gems/ruby-3.1.2/gems/factory_bot-6.4.6/lib/factory_bot/factory_runner.rb:28:in `run'[0m
       [36m# /home/ec2-user/.rvm/gems/ruby-3.1.2/gems/factory_bot-6.4.6/lib/factory_bot/strategy_syntax_method_registrar.rb:28:in `block in define_singular_strategy_method'[0m
       [36m# ./spec/system/03_finishing_touches_spec.rb:6:in `block (2 levels) in <main>'[0m

  126) [STEP3] 仕上げのテスト 他人の画面のテスト 他人の投稿詳細画面のテスト サイドバーの確認 自分のユーザ編集画面へのリンクは存在しない
       [31mFailure/Error: let!(:book) { create(:book, user: user) }[0m
       [31m[0m
       [31mNoMethodError:[0m
       [31m  undefined method `name' for #<Book id: nil, title: "nhoe8", body: "tt65tbbsdgg5qjdel8hm", user_id: 1, created_at: nil, updated_at: nil>[0m
       [36m# /home/ec2-user/.rvm/gems/ruby-3.1.2/gems/factory_bot-6.4.6/lib/factory_bot/evaluation.rb:15:in `create'[0m
       [36m# /home/ec2-user/.rvm/gems/ruby-3.1.2/gems/factory_bot-6.4.6/lib/factory_bot/strategy/create.rb:12:in `block in result'[0m
       [36m# /home/ec2-user/.rvm/gems/ruby-3.1.2/gems/factory_bot-6.4.6/lib/factory_bot/strategy/create.rb:9:in `result'[0m
       [36m# /home/ec2-user/.rvm/gems/ruby-3.1.2/gems/factory_bot-6.4.6/lib/factory_bot/factory.rb:43:in `run'[0m
       [36m# /home/ec2-user/.rvm/gems/ruby-3.1.2/gems/factory_bot-6.4.6/lib/factory_bot/factory_runner.rb:29:in `block in run'[0m
       [36m# /home/ec2-user/.rvm/gems/ruby-3.1.2/gems/factory_bot-6.4.6/lib/factory_bot/factory_runner.rb:28:in `run'[0m
       [36m# /home/ec2-user/.rvm/gems/ruby-3.1.2/gems/factory_bot-6.4.6/lib/factory_bot/strategy_syntax_method_registrar.rb:28:in `block in define_singular_strategy_method'[0m
       [36m# ./spec/system/03_finishing_touches_spec.rb:6:in `block (2 levels) in <main>'[0m

  127) [STEP3] 仕上げのテスト 他人の画面のテスト 他人の投稿編集画面 遷移できず、投稿一覧画面にリダイレクトされる
       [31mFailure/Error: let!(:book) { create(:book, user: user) }[0m
       [31m[0m
       [31mNoMethodError:[0m
       [31m  undefined method `name' for #<Book id: nil, title: "m3fxb", body: "g00w4pygzw1qvxnovb3k", user_id: 1, created_at: nil, updated_at: nil>[0m
       [36m# /home/ec2-user/.rvm/gems/ruby-3.1.2/gems/factory_bot-6.4.6/lib/factory_bot/evaluation.rb:15:in `create'[0m
       [36m# /home/ec2-user/.rvm/gems/ruby-3.1.2/gems/factory_bot-6.4.6/lib/factory_bot/strategy/create.rb:12:in `block in result'[0m
       [36m# /home/ec2-user/.rvm/gems/ruby-3.1.2/gems/factory_bot-6.4.6/lib/factory_bot/strategy/create.rb:9:in `result'[0m
       [36m# /home/ec2-user/.rvm/gems/ruby-3.1.2/gems/factory_bot-6.4.6/lib/factory_bot/factory.rb:43:in `run'[0m
       [36m# /home/ec2-user/.rvm/gems/ruby-3.1.2/gems/factory_bot-6.4.6/lib/factory_bot/factory_runner.rb:29:in `block in run'[0m
       [36m# /home/ec2-user/.rvm/gems/ruby-3.1.2/gems/factory_bot-6.4.6/lib/factory_bot/factory_runner.rb:28:in `run'[0m
       [36m# /home/ec2-user/.rvm/gems/ruby-3.1.2/gems/factory_bot-6.4.6/lib/factory_bot/strategy_syntax_method_registrar.rb:28:in `block in define_singular_strategy_method'[0m
       [36m# ./spec/system/03_finishing_touches_spec.rb:6:in `block (2 levels) in <main>'[0m

  128) [STEP3] 仕上げのテスト 他人の画面のテスト 他人のユーザ詳細画面のテスト 表示の確認 URLが正しい
       [31mFailure/Error: let!(:book) { create(:book, user: user) }[0m
       [31m[0m
       [31mNoMethodError:[0m
       [31m  undefined method `name' for #<Book id: nil, title: "6tifh", body: "2rvqov7p83xiyqt0tfpc", user_id: 1, created_at: nil, updated_at: nil>[0m
       [36m# /home/ec2-user/.rvm/gems/ruby-3.1.2/gems/factory_bot-6.4.6/lib/factory_bot/evaluation.rb:15:in `create'[0m
       [36m# /home/ec2-user/.rvm/gems/ruby-3.1.2/gems/factory_bot-6.4.6/lib/factory_bot/strategy/create.rb:12:in `block in result'[0m
       [36m# /home/ec2-user/.rvm/gems/ruby-3.1.2/gems/factory_bot-6.4.6/lib/factory_bot/strategy/create.rb:9:in `result'[0m
       [36m# /home/ec2-user/.rvm/gems/ruby-3.1.2/gems/factory_bot-6.4.6/lib/factory_bot/factory.rb:43:in `run'[0m
       [36m# /home/ec2-user/.rvm/gems/ruby-3.1.2/gems/factory_bot-6.4.6/lib/factory_bot/factory_runner.rb:29:in `block in run'[0m
       [36m# /home/ec2-user/.rvm/gems/ruby-3.1.2/gems/factory_bot-6.4.6/lib/factory_bot/factory_runner.rb:28:in `run'[0m
       [36m# /home/ec2-user/.rvm/gems/ruby-3.1.2/gems/factory_bot-6.4.6/lib/factory_bot/strategy_syntax_method_registrar.rb:28:in `block in define_singular_strategy_method'[0m
       [36m# ./spec/system/03_finishing_touches_spec.rb:6:in `block (2 levels) in <main>'[0m

  129) [STEP3] 仕上げのテスト 他人の画面のテスト 他人のユーザ詳細画面のテスト 表示の確認 投稿一覧のユーザ画像のリンク先が正しい
       [31mFailure/Error: let!(:book) { create(:book, user: user) }[0m
       [31m[0m
       [31mNoMethodError:[0m
       [31m  undefined method `name' for #<Book id: nil, title: "eaa02", body: "gi0oxl8iu6hwm3wz4p6z", user_id: 1, created_at: nil, updated_at: nil>[0m
       [36m# /home/ec2-user/.rvm/gems/ruby-3.1.2/gems/factory_bot-6.4.6/lib/factory_bot/evaluation.rb:15:in `create'[0m
       [36m# /home/ec2-user/.rvm/gems/ruby-3.1.2/gems/factory_bot-6.4.6/lib/factory_bot/strategy/create.rb:12:in `block in result'[0m
       [36m# /home/ec2-user/.rvm/gems/ruby-3.1.2/gems/factory_bot-6.4.6/lib/factory_bot/strategy/create.rb:9:in `result'[0m
       [36m# /home/ec2-user/.rvm/gems/ruby-3.1.2/gems/factory_bot-6.4.6/lib/factory_bot/factory.rb:43:in `run'[0m
       [36m# /home/ec2-user/.rvm/gems/ruby-3.1.2/gems/factory_bot-6.4.6/lib/factory_bot/factory_runner.rb:29:in `block in run'[0m
       [36m# /home/ec2-user/.rvm/gems/ruby-3.1.2/gems/factory_bot-6.4.6/lib/factory_bot/factory_runner.rb:28:in `run'[0m
       [36m# /home/ec2-user/.rvm/gems/ruby-3.1.2/gems/factory_bot-6.4.6/lib/factory_bot/strategy_syntax_method_registrar.rb:28:in `block in define_singular_strategy_method'[0m
       [36m# ./spec/system/03_finishing_touches_spec.rb:6:in `block (2 levels) in <main>'[0m

  130) [STEP3] 仕上げのテスト 他人の画面のテスト 他人のユーザ詳細画面のテスト 表示の確認 投稿一覧に他人の投稿のtitleが表示され、リンクが正しい
       [31mFailure/Error: let!(:book) { create(:book, user: user) }[0m
       [31m[0m
       [31mNoMethodError:[0m
       [31m  undefined method `name' for #<Book id: nil, title: "yt35d", body: "w1xi5ibuckx2ew39zupt", user_id: 1, created_at: nil, updated_at: nil>[0m
       [36m# /home/ec2-user/.rvm/gems/ruby-3.1.2/gems/factory_bot-6.4.6/lib/factory_bot/evaluation.rb:15:in `create'[0m
       [36m# /home/ec2-user/.rvm/gems/ruby-3.1.2/gems/factory_bot-6.4.6/lib/factory_bot/strategy/create.rb:12:in `block in result'[0m
       [36m# /home/ec2-user/.rvm/gems/ruby-3.1.2/gems/factory_bot-6.4.6/lib/factory_bot/strategy/create.rb:9:in `result'[0m
       [36m# /home/ec2-user/.rvm/gems/ruby-3.1.2/gems/factory_bot-6.4.6/lib/factory_bot/factory.rb:43:in `run'[0m
       [36m# /home/ec2-user/.rvm/gems/ruby-3.1.2/gems/factory_bot-6.4.6/lib/factory_bot/factory_runner.rb:29:in `block in run'[0m
       [36m# /home/ec2-user/.rvm/gems/ruby-3.1.2/gems/factory_bot-6.4.6/lib/factory_bot/factory_runner.rb:28:in `run'[0m
       [36m# /home/ec2-user/.rvm/gems/ruby-3.1.2/gems/factory_bot-6.4.6/lib/factory_bot/strategy_syntax_method_registrar.rb:28:in `block in define_singular_strategy_method'[0m
       [36m# ./spec/system/03_finishing_touches_spec.rb:6:in `block (2 levels) in <main>'[0m

  131) [STEP3] 仕上げのテスト 他人の画面のテスト 他人のユーザ詳細画面のテスト 表示の確認 投稿一覧に他人の投稿のopinionが表示される
       [31mFailure/Error: let!(:book) { create(:book, user: user) }[0m
       [31m[0m
       [31mNoMethodError:[0m
       [31m  undefined method `name' for #<Book id: nil, title: "tli97", body: "amoeysasms5zsp7ixf9d", user_id: 1, created_at: nil, updated_at: nil>[0m
       [36m# /home/ec2-user/.rvm/gems/ruby-3.1.2/gems/factory_bot-6.4.6/lib/factory_bot/evaluation.rb:15:in `create'[0m
       [36m# /home/ec2-user/.rvm/gems/ruby-3.1.2/gems/factory_bot-6.4.6/lib/factory_bot/strategy/create.rb:12:in `block in result'[0m
       [36m# /home/ec2-user/.rvm/gems/ruby-3.1.2/gems/factory_bot-6.4.6/lib/factory_bot/strategy/create.rb:9:in `result'[0m
       [36m# /home/ec2-user/.rvm/gems/ruby-3.1.2/gems/factory_bot-6.4.6/lib/factory_bot/factory.rb:43:in `run'[0m
       [36m# /home/ec2-user/.rvm/gems/ruby-3.1.2/gems/factory_bot-6.4.6/lib/factory_bot/factory_runner.rb:29:in `block in run'[0m
       [36m# /home/ec2-user/.rvm/gems/ruby-3.1.2/gems/factory_bot-6.4.6/lib/factory_bot/factory_runner.rb:28:in `run'[0m
       [36m# /home/ec2-user/.rvm/gems/ruby-3.1.2/gems/factory_bot-6.4.6/lib/factory_bot/strategy_syntax_method_registrar.rb:28:in `block in define_singular_strategy_method'[0m
       [36m# ./spec/system/03_finishing_touches_spec.rb:6:in `block (2 levels) in <main>'[0m

  132) [STEP3] 仕上げのテスト 他人の画面のテスト 他人のユーザ詳細画面のテスト 表示の確認 自分の投稿は表示されない
       [31mFailure/Error: let!(:book) { create(:book, user: user) }[0m
       [31m[0m
       [31mNoMethodError:[0m
       [31m  undefined method `name' for #<Book id: nil, title: "kyf6i", body: "vc53ktedesy9jk21zlz0", user_id: 1, created_at: nil, updated_at: nil>[0m
       [36m# /home/ec2-user/.rvm/gems/ruby-3.1.2/gems/factory_bot-6.4.6/lib/factory_bot/evaluation.rb:15:in `create'[0m
       [36m# /home/ec2-user/.rvm/gems/ruby-3.1.2/gems/factory_bot-6.4.6/lib/factory_bot/strategy/create.rb:12:in `block in result'[0m
       [36m# /home/ec2-user/.rvm/gems/ruby-3.1.2/gems/factory_bot-6.4.6/lib/factory_bot/strategy/create.rb:9:in `result'[0m
       [36m# /home/ec2-user/.rvm/gems/ruby-3.1.2/gems/factory_bot-6.4.6/lib/factory_bot/factory.rb:43:in `run'[0m
       [36m# /home/ec2-user/.rvm/gems/ruby-3.1.2/gems/factory_bot-6.4.6/lib/factory_bot/factory_runner.rb:29:in `block in run'[0m
       [36m# /home/ec2-user/.rvm/gems/ruby-3.1.2/gems/factory_bot-6.4.6/lib/factory_bot/factory_runner.rb:28:in `run'[0m
       [36m# /home/ec2-user/.rvm/gems/ruby-3.1.2/gems/factory_bot-6.4.6/lib/factory_bot/strategy_syntax_method_registrar.rb:28:in `block in define_singular_strategy_method'[0m
       [36m# ./spec/system/03_finishing_touches_spec.rb:6:in `block (2 levels) in <main>'[0m

  133) [STEP3] 仕上げのテスト 他人の画面のテスト 他人のユーザ詳細画面のテスト サイドバーの確認 他人の名前と紹介文が表示される
       [31mFailure/Error: let!(:book) { create(:book, user: user) }[0m
       [31m[0m
       [31mNoMethodError:[0m
       [31m  undefined method `name' for #<Book id: nil, title: "gye2r", body: "tv4bcf826295qn61ub7b", user_id: 1, created_at: nil, updated_at: nil>[0m
       [36m# /home/ec2-user/.rvm/gems/ruby-3.1.2/gems/factory_bot-6.4.6/lib/factory_bot/evaluation.rb:15:in `create'[0m
       [36m# /home/ec2-user/.rvm/gems/ruby-3.1.2/gems/factory_bot-6.4.6/lib/factory_bot/strategy/create.rb:12:in `block in result'[0m
       [36m# /home/ec2-user/.rvm/gems/ruby-3.1.2/gems/factory_bot-6.4.6/lib/factory_bot/strategy/create.rb:9:in `result'[0m
       [36m# /home/ec2-user/.rvm/gems/ruby-3.1.2/gems/factory_bot-6.4.6/lib/factory_bot/factory.rb:43:in `run'[0m
       [36m# /home/ec2-user/.rvm/gems/ruby-3.1.2/gems/factory_bot-6.4.6/lib/factory_bot/factory_runner.rb:29:in `block in run'[0m
       [36m# /home/ec2-user/.rvm/gems/ruby-3.1.2/gems/factory_bot-6.4.6/lib/factory_bot/factory_runner.rb:28:in `run'[0m
       [36m# /home/ec2-user/.rvm/gems/ruby-3.1.2/gems/factory_bot-6.4.6/lib/factory_bot/strategy_syntax_method_registrar.rb:28:in `block in define_singular_strategy_method'[0m
       [36m# ./spec/system/03_finishing_touches_spec.rb:6:in `block (2 levels) in <main>'[0m

  134) [STEP3] 仕上げのテスト 他人の画面のテスト 他人のユーザ詳細画面のテスト サイドバーの確認 他人のユーザ編集画面へのリンクが存在する
       [31mFailure/Error: let!(:book) { create(:book, user: user) }[0m
       [31m[0m
       [31mNoMethodError:[0m
       [31m  undefined method `name' for #<Book id: nil, title: "9rdkb", body: "3sz4e6fqsk05iouigywx", user_id: 1, created_at: nil, updated_at: nil>[0m
       [36m# /home/ec2-user/.rvm/gems/ruby-3.1.2/gems/factory_bot-6.4.6/lib/factory_bot/evaluation.rb:15:in `create'[0m
       [36m# /home/ec2-user/.rvm/gems/ruby-3.1.2/gems/factory_bot-6.4.6/lib/factory_bot/strategy/create.rb:12:in `block in result'[0m
       [36m# /home/ec2-user/.rvm/gems/ruby-3.1.2/gems/factory_bot-6.4.6/lib/factory_bot/strategy/create.rb:9:in `result'[0m
       [36m# /home/ec2-user/.rvm/gems/ruby-3.1.2/gems/factory_bot-6.4.6/lib/factory_bot/factory.rb:43:in `run'[0m
       [36m# /home/ec2-user/.rvm/gems/ruby-3.1.2/gems/factory_bot-6.4.6/lib/factory_bot/factory_runner.rb:29:in `block in run'[0m
       [36m# /home/ec2-user/.rvm/gems/ruby-3.1.2/gems/factory_bot-6.4.6/lib/factory_bot/factory_runner.rb:28:in `run'[0m
       [36m# /home/ec2-user/.rvm/gems/ruby-3.1.2/gems/factory_bot-6.4.6/lib/factory_bot/strategy_syntax_method_registrar.rb:28:in `block in define_singular_strategy_method'[0m
       [36m# ./spec/system/03_finishing_touches_spec.rb:6:in `block (2 levels) in <main>'[0m

  135) [STEP3] 仕上げのテスト 他人の画面のテスト 他人のユーザ詳細画面のテスト サイドバーの確認 自分の名前と紹介文は表示されない
       [31mFailure/Error: let!(:book) { create(:book, user: user) }[0m
       [31m[0m
       [31mNoMethodError:[0m
       [31m  undefined method `name' for #<Book id: nil, title: "y4e0s", body: "ff3ggsp4ub7hn0nwvzsg", user_id: 1, created_at: nil, updated_at: nil>[0m
       [36m# /home/ec2-user/.rvm/gems/ruby-3.1.2/gems/factory_bot-6.4.6/lib/factory_bot/evaluation.rb:15:in `create'[0m
       [36m# /home/ec2-user/.rvm/gems/ruby-3.1.2/gems/factory_bot-6.4.6/lib/factory_bot/strategy/create.rb:12:in `block in result'[0m
       [36m# /home/ec2-user/.rvm/gems/ruby-3.1.2/gems/factory_bot-6.4.6/lib/factory_bot/strategy/create.rb:9:in `result'[0m
       [36m# /home/ec2-user/.rvm/gems/ruby-3.1.2/gems/factory_bot-6.4.6/lib/factory_bot/factory.rb:43:in `run'[0m
       [36m# /home/ec2-user/.rvm/gems/ruby-3.1.2/gems/factory_bot-6.4.6/lib/factory_bot/factory_runner.rb:29:in `block in run'[0m
       [36m# /home/ec2-user/.rvm/gems/ruby-3.1.2/gems/factory_bot-6.4.6/lib/factory_bot/factory_runner.rb:28:in `run'[0m
       [36m# /home/ec2-user/.rvm/gems/ruby-3.1.2/gems/factory_bot-6.4.6/lib/factory_bot/strategy_syntax_method_registrar.rb:28:in `block in define_singular_strategy_method'[0m
       [36m# ./spec/system/03_finishing_touches_spec.rb:6:in `block (2 levels) in <main>'[0m

  136) [STEP3] 仕上げのテスト 他人の画面のテスト 他人のユーザ詳細画面のテスト サイドバーの確認 自分のユーザ編集画面へのリンクは存在しない
       [31mFailure/Error: let!(:book) { create(:book, user: user) }[0m
       [31m[0m
       [31mNoMethodError:[0m
       [31m  undefined method `name' for #<Book id: nil, title: "pvreq", body: "sqkey2pj9powr3jq9a97", user_id: 1, created_at: nil, updated_at: nil>[0m
       [36m# /home/ec2-user/.rvm/gems/ruby-3.1.2/gems/factory_bot-6.4.6/lib/factory_bot/evaluation.rb:15:in `create'[0m
       [36m# /home/ec2-user/.rvm/gems/ruby-3.1.2/gems/factory_bot-6.4.6/lib/factory_bot/strategy/create.rb:12:in `block in result'[0m
       [36m# /home/ec2-user/.rvm/gems/ruby-3.1.2/gems/factory_bot-6.4.6/lib/factory_bot/strategy/create.rb:9:in `result'[0m
       [36m# /home/ec2-user/.rvm/gems/ruby-3.1.2/gems/factory_bot-6.4.6/lib/factory_bot/factory.rb:43:in `run'[0m
       [36m# /home/ec2-user/.rvm/gems/ruby-3.1.2/gems/factory_bot-6.4.6/lib/factory_bot/factory_runner.rb:29:in `block in run'[0m
       [36m# /home/ec2-user/.rvm/gems/ruby-3.1.2/gems/factory_bot-6.4.6/lib/factory_bot/factory_runner.rb:28:in `run'[0m
       [36m# /home/ec2-user/.rvm/gems/ruby-3.1.2/gems/factory_bot-6.4.6/lib/factory_bot/strategy_syntax_method_registrar.rb:28:in `block in define_singular_strategy_method'[0m
       [36m# ./spec/system/03_finishing_touches_spec.rb:6:in `block (2 levels) in <main>'[0m

  137) [STEP3] 仕上げのテスト 他人の画面のテスト 他人のユーザ情報編集画面 遷移できず、自分のユーザ詳細画面にリダイレクトされる
       [31mFailure/Error: let!(:book) { create(:book, user: user) }[0m
       [31m[0m
       [31mNoMethodError:[0m
       [31m  undefined method `name' for #<Book id: nil, title: "7xjf5", body: "4fu7g8yfwpm3a7fqor9a", user_id: 1, created_at: nil, updated_at: nil>[0m
       [36m# /home/ec2-user/.rvm/gems/ruby-3.1.2/gems/factory_bot-6.4.6/lib/factory_bot/evaluation.rb:15:in `create'[0m
       [36m# /home/ec2-user/.rvm/gems/ruby-3.1.2/gems/factory_bot-6.4.6/lib/factory_bot/strategy/create.rb:12:in `block in result'[0m
       [36m# /home/ec2-user/.rvm/gems/ruby-3.1.2/gems/factory_bot-6.4.6/lib/factory_bot/strategy/create.rb:9:in `result'[0m
       [36m# /home/ec2-user/.rvm/gems/ruby-3.1.2/gems/factory_bot-6.4.6/lib/factory_bot/factory.rb:43:in `run'[0m
       [36m# /home/ec2-user/.rvm/gems/ruby-3.1.2/gems/factory_bot-6.4.6/lib/factory_bot/factory_runner.rb:29:in `block in run'[0m
       [36m# /home/ec2-user/.rvm/gems/ruby-3.1.2/gems/factory_bot-6.4.6/lib/factory_bot/factory_runner.rb:28:in `run'[0m
       [36m# /home/ec2-user/.rvm/gems/ruby-3.1.2/gems/factory_bot-6.4.6/lib/factory_bot/strategy_syntax_method_registrar.rb:28:in `block in define_singular_strategy_method'[0m
       [36m# ./spec/system/03_finishing_touches_spec.rb:6:in `block (2 levels) in <main>'[0m

  138) [STEP3] 仕上げのテスト グリッドシステムのテスト: container, row, col-md-〇を正しく使えている ユーザ一覧画面
       [31mFailure/Error: let!(:book) { create(:book, user: user) }[0m
       [31m[0m
       [31mNoMethodError:[0m
       [31m  undefined method `name' for #<Book id: nil, title: "ufkoq", body: "hjray8g9prrtrud77uou", user_id: 1, created_at: nil, updated_at: nil>[0m
       [36m# /home/ec2-user/.rvm/gems/ruby-3.1.2/gems/factory_bot-6.4.6/lib/factory_bot/evaluation.rb:15:in `create'[0m
       [36m# /home/ec2-user/.rvm/gems/ruby-3.1.2/gems/factory_bot-6.4.6/lib/factory_bot/strategy/create.rb:12:in `block in result'[0m
       [36m# /home/ec2-user/.rvm/gems/ruby-3.1.2/gems/factory_bot-6.4.6/lib/factory_bot/strategy/create.rb:9:in `result'[0m
       [36m# /home/ec2-user/.rvm/gems/ruby-3.1.2/gems/factory_bot-6.4.6/lib/factory_bot/factory.rb:43:in `run'[0m
       [36m# /home/ec2-user/.rvm/gems/ruby-3.1.2/gems/factory_bot-6.4.6/lib/factory_bot/factory_runner.rb:29:in `block in run'[0m
       [36m# /home/ec2-user/.rvm/gems/ruby-3.1.2/gems/factory_bot-6.4.6/lib/factory_bot/factory_runner.rb:28:in `run'[0m
       [36m# /home/ec2-user/.rvm/gems/ruby-3.1.2/gems/factory_bot-6.4.6/lib/factory_bot/strategy_syntax_method_registrar.rb:28:in `block in define_singular_strategy_method'[0m
       [36m# ./spec/system/03_finishing_touches_spec.rb:6:in `block (2 levels) in <main>'[0m

  139) [STEP3] 仕上げのテスト グリッドシステムのテスト: container, row, col-md-〇を正しく使えている ユーザ詳細画面
       [31mFailure/Error: let!(:book) { create(:book, user: user) }[0m
       [31m[0m
       [31mNoMethodError:[0m
       [31m  undefined method `name' for #<Book id: nil, title: "24ljv", body: "96o227p7uflqntezh4l9", user_id: 1, created_at: nil, updated_at: nil>[0m
       [36m# /home/ec2-user/.rvm/gems/ruby-3.1.2/gems/factory_bot-6.4.6/lib/factory_bot/evaluation.rb:15:in `create'[0m
       [36m# /home/ec2-user/.rvm/gems/ruby-3.1.2/gems/factory_bot-6.4.6/lib/factory_bot/strategy/create.rb:12:in `block in result'[0m
       [36m# /home/ec2-user/.rvm/gems/ruby-3.1.2/gems/factory_bot-6.4.6/lib/factory_bot/strategy/create.rb:9:in `result'[0m
       [36m# /home/ec2-user/.rvm/gems/ruby-3.1.2/gems/factory_bot-6.4.6/lib/factory_bot/factory.rb:43:in `run'[0m
       [36m# /home/ec2-user/.rvm/gems/ruby-3.1.2/gems/factory_bot-6.4.6/lib/factory_bot/factory_runner.rb:29:in `block in run'[0m
       [36m# /home/ec2-user/.rvm/gems/ruby-3.1.2/gems/factory_bot-6.4.6/lib/factory_bot/factory_runner.rb:28:in `run'[0m
       [36m# /home/ec2-user/.rvm/gems/ruby-3.1.2/gems/factory_bot-6.4.6/lib/factory_bot/strategy_syntax_method_registrar.rb:28:in `block in define_singular_strategy_method'[0m
       [36m# ./spec/system/03_finishing_touches_spec.rb:6:in `block (2 levels) in <main>'[0m

  140) [STEP3] 仕上げのテスト グリッドシステムのテスト: container, row, col-md-〇を正しく使えている 投稿一覧画面
       [31mFailure/Error: let!(:book) { create(:book, user: user) }[0m
       [31m[0m
       [31mNoMethodError:[0m
       [31m  undefined method `name' for #<Book id: nil, title: "nkyy3", body: "waw89ajx0c1fvkj4e5vf", user_id: 1, created_at: nil, updated_at: nil>[0m
       [36m# /home/ec2-user/.rvm/gems/ruby-3.1.2/gems/factory_bot-6.4.6/lib/factory_bot/evaluation.rb:15:in `create'[0m
       [36m# /home/ec2-user/.rvm/gems/ruby-3.1.2/gems/factory_bot-6.4.6/lib/factory_bot/strategy/create.rb:12:in `block in result'[0m
       [36m# /home/ec2-user/.rvm/gems/ruby-3.1.2/gems/factory_bot-6.4.6/lib/factory_bot/strategy/create.rb:9:in `result'[0m
       [36m# /home/ec2-user/.rvm/gems/ruby-3.1.2/gems/factory_bot-6.4.6/lib/factory_bot/factory.rb:43:in `run'[0m
       [36m# /home/ec2-user/.rvm/gems/ruby-3.1.2/gems/factory_bot-6.4.6/lib/factory_bot/factory_runner.rb:29:in `block in run'[0m
       [36m# /home/ec2-user/.rvm/gems/ruby-3.1.2/gems/factory_bot-6.4.6/lib/factory_bot/factory_runner.rb:28:in `run'[0m
       [36m# /home/ec2-user/.rvm/gems/ruby-3.1.2/gems/factory_bot-6.4.6/lib/factory_bot/strategy_syntax_method_registrar.rb:28:in `block in define_singular_strategy_method'[0m
       [36m# ./spec/system/03_finishing_touches_spec.rb:6:in `block (2 levels) in <main>'[0m

  141) [STEP3] 仕上げのテスト グリッドシステムのテスト: container, row, col-md-〇を正しく使えている 投稿詳細画面
       [31mFailure/Error: let!(:book) { create(:book, user: user) }[0m
       [31m[0m
       [31mNoMethodError:[0m
       [31m  undefined method `name' for #<Book id: nil, title: "n2j55", body: "19rngz5ytyaecglngocq", user_id: 1, created_at: nil, updated_at: nil>[0m
       [36m# /home/ec2-user/.rvm/gems/ruby-3.1.2/gems/factory_bot-6.4.6/lib/factory_bot/evaluation.rb:15:in `create'[0m
       [36m# /home/ec2-user/.rvm/gems/ruby-3.1.2/gems/factory_bot-6.4.6/lib/factory_bot/strategy/create.rb:12:in `block in result'[0m
       [36m# /home/ec2-user/.rvm/gems/ruby-3.1.2/gems/factory_bot-6.4.6/lib/factory_bot/strategy/create.rb:9:in `result'[0m
       [36m# /home/ec2-user/.rvm/gems/ruby-3.1.2/gems/factory_bot-6.4.6/lib/factory_bot/factory.rb:43:in `run'[0m
       [36m# /home/ec2-user/.rvm/gems/ruby-3.1.2/gems/factory_bot-6.4.6/lib/factory_bot/factory_runner.rb:29:in `block in run'[0m
       [36m# /home/ec2-user/.rvm/gems/ruby-3.1.2/gems/factory_bot-6.4.6/lib/factory_bot/factory_runner.rb:28:in `run'[0m
       [36m# /home/ec2-user/.rvm/gems/ruby-3.1.2/gems/factory_bot-6.4.6/lib/factory_bot/strategy_syntax_method_registrar.rb:28:in `block in define_singular_strategy_method'[0m
       [36m# ./spec/system/03_finishing_touches_spec.rb:6:in `block (2 levels) in <main>'[0m

  142) [STEP3] 仕上げのテスト アイコンのテスト トップ画面 本のアイコンが表示される
       [31mFailure/Error: let!(:book) { create(:book, user: user) }[0m
       [31m[0m
       [31mNoMethodError:[0m
       [31m  undefined method `name' for #<Book id: nil, title: "76j33", body: "ngnswcqawworfi0m3qfe", user_id: 1, created_at: nil, updated_at: nil>[0m
       [36m# /home/ec2-user/.rvm/gems/ruby-3.1.2/gems/factory_bot-6.4.6/lib/factory_bot/evaluation.rb:15:in `create'[0m
       [36m# /home/ec2-user/.rvm/gems/ruby-3.1.2/gems/factory_bot-6.4.6/lib/factory_bot/strategy/create.rb:12:in `block in result'[0m
       [36m# /home/ec2-user/.rvm/gems/ruby-3.1.2/gems/factory_bot-6.4.6/lib/factory_bot/strategy/create.rb:9:in `result'[0m
       [36m# /home/ec2-user/.rvm/gems/ruby-3.1.2/gems/factory_bot-6.4.6/lib/factory_bot/factory.rb:43:in `run'[0m
       [36m# /home/ec2-user/.rvm/gems/ruby-3.1.2/gems/factory_bot-6.4.6/lib/factory_bot/factory_runner.rb:29:in `block in run'[0m
       [36m# /home/ec2-user/.rvm/gems/ruby-3.1.2/gems/factory_bot-6.4.6/lib/factory_bot/factory_runner.rb:28:in `run'[0m
       [36m# /home/ec2-user/.rvm/gems/ruby-3.1.2/gems/factory_bot-6.4.6/lib/factory_bot/strategy_syntax_method_registrar.rb:28:in `block in define_singular_strategy_method'[0m
       [36m# ./spec/system/03_finishing_touches_spec.rb:6:in `block (2 levels) in <main>'[0m

  143) [STEP3] 仕上げのテスト アイコンのテスト アバウト画面 本のアイコンが表示される
       [31mFailure/Error: let!(:book) { create(:book, user: user) }[0m
       [31m[0m
       [31mNoMethodError:[0m
       [31m  undefined method `name' for #<Book id: nil, title: "rqypg", body: "9wwtjb48qo6yol7exa1d", user_id: 1, created_at: nil, updated_at: nil>[0m
       [36m# /home/ec2-user/.rvm/gems/ruby-3.1.2/gems/factory_bot-6.4.6/lib/factory_bot/evaluation.rb:15:in `create'[0m
       [36m# /home/ec2-user/.rvm/gems/ruby-3.1.2/gems/factory_bot-6.4.6/lib/factory_bot/strategy/create.rb:12:in `block in result'[0m
       [36m# /home/ec2-user/.rvm/gems/ruby-3.1.2/gems/factory_bot-6.4.6/lib/factory_bot/strategy/create.rb:9:in `result'[0m
       [36m# /home/ec2-user/.rvm/gems/ruby-3.1.2/gems/factory_bot-6.4.6/lib/factory_bot/factory.rb:43:in `run'[0m
       [36m# /home/ec2-user/.rvm/gems/ruby-3.1.2/gems/factory_bot-6.4.6/lib/factory_bot/factory_runner.rb:29:in `block in run'[0m
       [36m# /home/ec2-user/.rvm/gems/ruby-3.1.2/gems/factory_bot-6.4.6/lib/factory_bot/factory_runner.rb:28:in `run'[0m
       [36m# /home/ec2-user/.rvm/gems/ruby-3.1.2/gems/factory_bot-6.4.6/lib/factory_bot/strategy_syntax_method_registrar.rb:28:in `block in define_singular_strategy_method'[0m
       [36m# ./spec/system/03_finishing_touches_spec.rb:6:in `block (2 levels) in <main>'[0m

  144) [STEP3] 仕上げのテスト アイコンのテスト ヘッダー: ログインしていない場合 Homeリンクのアイコンが表示される
       [31mFailure/Error: let!(:book) { create(:book, user: user) }[0m
       [31m[0m
       [31mNoMethodError:[0m
       [31m  undefined method `name' for #<Book id: nil, title: "6s4ws", body: "vtc72rnula9exgkx1nnk", user_id: 1, created_at: nil, updated_at: nil>[0m
       [36m# /home/ec2-user/.rvm/gems/ruby-3.1.2/gems/factory_bot-6.4.6/lib/factory_bot/evaluation.rb:15:in `create'[0m
       [36m# /home/ec2-user/.rvm/gems/ruby-3.1.2/gems/factory_bot-6.4.6/lib/factory_bot/strategy/create.rb:12:in `block in result'[0m
       [36m# /home/ec2-user/.rvm/gems/ruby-3.1.2/gems/factory_bot-6.4.6/lib/factory_bot/strategy/create.rb:9:in `result'[0m
       [36m# /home/ec2-user/.rvm/gems/ruby-3.1.2/gems/factory_bot-6.4.6/lib/factory_bot/factory.rb:43:in `run'[0m
       [36m# /home/ec2-user/.rvm/gems/ruby-3.1.2/gems/factory_bot-6.4.6/lib/factory_bot/factory_runner.rb:29:in `block in run'[0m
       [36m# /home/ec2-user/.rvm/gems/ruby-3.1.2/gems/factory_bot-6.4.6/lib/factory_bot/factory_runner.rb:28:in `run'[0m
       [36m# /home/ec2-user/.rvm/gems/ruby-3.1.2/gems/factory_bot-6.4.6/lib/factory_bot/strategy_syntax_method_registrar.rb:28:in `block in define_singular_strategy_method'[0m
       [36m# ./spec/system/03_finishing_touches_spec.rb:6:in `block (2 levels) in <main>'[0m

  145) [STEP3] 仕上げのテスト アイコンのテスト ヘッダー: ログインしていない場合 Aboutリンクのアイコンが表示される
       [31mFailure/Error: let!(:book) { create(:book, user: user) }[0m
       [31m[0m
       [31mNoMethodError:[0m
       [31m  undefined method `name' for #<Book id: nil, title: "h9ihn", body: "46narohodddinzbjmwf5", user_id: 1, created_at: nil, updated_at: nil>[0m
       [36m# /home/ec2-user/.rvm/gems/ruby-3.1.2/gems/factory_bot-6.4.6/lib/factory_bot/evaluation.rb:15:in `create'[0m
       [36m# /home/ec2-user/.rvm/gems/ruby-3.1.2/gems/factory_bot-6.4.6/lib/factory_bot/strategy/create.rb:12:in `block in result'[0m
       [36m# /home/ec2-user/.rvm/gems/ruby-3.1.2/gems/factory_bot-6.4.6/lib/factory_bot/strategy/create.rb:9:in `result'[0m
       [36m# /home/ec2-user/.rvm/gems/ruby-3.1.2/gems/factory_bot-6.4.6/lib/factory_bot/factory.rb:43:in `run'[0m
       [36m# /home/ec2-user/.rvm/gems/ruby-3.1.2/gems/factory_bot-6.4.6/lib/factory_bot/factory_runner.rb:29:in `block in run'[0m
       [36m# /home/ec2-user/.rvm/gems/ruby-3.1.2/gems/factory_bot-6.4.6/lib/factory_bot/factory_runner.rb:28:in `run'[0m
       [36m# /home/ec2-user/.rvm/gems/ruby-3.1.2/gems/factory_bot-6.4.6/lib/factory_bot/strategy_syntax_method_registrar.rb:28:in `block in define_singular_strategy_method'[0m
       [36m# ./spec/system/03_finishing_touches_spec.rb:6:in `block (2 levels) in <main>'[0m

  146) [STEP3] 仕上げのテスト アイコンのテスト ヘッダー: ログインしていない場合 Sign upリンクのアイコンが表示される
       [31mFailure/Error: let!(:book) { create(:book, user: user) }[0m
       [31m[0m
       [31mNoMethodError:[0m
       [31m  undefined method `name' for #<Book id: nil, title: "ewycu", body: "gevhzgbkjpy2gcc5c1w2", user_id: 1, created_at: nil, updated_at: nil>[0m
       [36m# /home/ec2-user/.rvm/gems/ruby-3.1.2/gems/factory_bot-6.4.6/lib/factory_bot/evaluation.rb:15:in `create'[0m
       [36m# /home/ec2-user/.rvm/gems/ruby-3.1.2/gems/factory_bot-6.4.6/lib/factory_bot/strategy/create.rb:12:in `block in result'[0m
       [36m# /home/ec2-user/.rvm/gems/ruby-3.1.2/gems/factory_bot-6.4.6/lib/factory_bot/strategy/create.rb:9:in `result'[0m
       [36m# /home/ec2-user/.rvm/gems/ruby-3.1.2/gems/factory_bot-6.4.6/lib/factory_bot/factory.rb:43:in `run'[0m
       [36m# /home/ec2-user/.rvm/gems/ruby-3.1.2/gems/factory_bot-6.4.6/lib/factory_bot/factory_runner.rb:29:in `block in run'[0m
       [36m# /home/ec2-user/.rvm/gems/ruby-3.1.2/gems/factory_bot-6.4.6/lib/factory_bot/factory_runner.rb:28:in `run'[0m
       [36m# /home/ec2-user/.rvm/gems/ruby-3.1.2/gems/factory_bot-6.4.6/lib/factory_bot/strategy_syntax_method_registrar.rb:28:in `block in define_singular_strategy_method'[0m
       [36m# ./spec/system/03_finishing_touches_spec.rb:6:in `block (2 levels) in <main>'[0m

  147) [STEP3] 仕上げのテスト アイコンのテスト ヘッダー: ログインしていない場合 Log inリンクのアイコンが表示される
       [31mFailure/Error: let!(:book) { create(:book, user: user) }[0m
       [31m[0m
       [31mNoMethodError:[0m
       [31m  undefined method `name' for #<Book id: nil, title: "64yu0", body: "1h3rpkrh12m1lg3falva", user_id: 1, created_at: nil, updated_at: nil>[0m
       [36m# /home/ec2-user/.rvm/gems/ruby-3.1.2/gems/factory_bot-6.4.6/lib/factory_bot/evaluation.rb:15:in `create'[0m
       [36m# /home/ec2-user/.rvm/gems/ruby-3.1.2/gems/factory_bot-6.4.6/lib/factory_bot/strategy/create.rb:12:in `block in result'[0m
       [36m# /home/ec2-user/.rvm/gems/ruby-3.1.2/gems/factory_bot-6.4.6/lib/factory_bot/strategy/create.rb:9:in `result'[0m
       [36m# /home/ec2-user/.rvm/gems/ruby-3.1.2/gems/factory_bot-6.4.6/lib/factory_bot/factory.rb:43:in `run'[0m
       [36m# /home/ec2-user/.rvm/gems/ruby-3.1.2/gems/factory_bot-6.4.6/lib/factory_bot/factory_runner.rb:29:in `block in run'[0m
       [36m# /home/ec2-user/.rvm/gems/ruby-3.1.2/gems/factory_bot-6.4.6/lib/factory_bot/factory_runner.rb:28:in `run'[0m
       [36m# /home/ec2-user/.rvm/gems/ruby-3.1.2/gems/factory_bot-6.4.6/lib/factory_bot/strategy_syntax_method_registrar.rb:28:in `block in define_singular_strategy_method'[0m
       [36m# ./spec/system/03_finishing_touches_spec.rb:6:in `block (2 levels) in <main>'[0m

  148) [STEP3] 仕上げのテスト アイコンのテスト ヘッダー: ログインしている場合 Homeリンクのアイコンが表示される
       [31mFailure/Error: let!(:book) { create(:book, user: user) }[0m
       [31m[0m
       [31mNoMethodError:[0m
       [31m  undefined method `name' for #<Book id: nil, title: "2vo0p", body: "jelw8lm1te50zyzc8pc7", user_id: 1, created_at: nil, updated_at: nil>[0m
       [36m# /home/ec2-user/.rvm/gems/ruby-3.1.2/gems/factory_bot-6.4.6/lib/factory_bot/evaluation.rb:15:in `create'[0m
       [36m# /home/ec2-user/.rvm/gems/ruby-3.1.2/gems/factory_bot-6.4.6/lib/factory_bot/strategy/create.rb:12:in `block in result'[0m
       [36m# /home/ec2-user/.rvm/gems/ruby-3.1.2/gems/factory_bot-6.4.6/lib/factory_bot/strategy/create.rb:9:in `result'[0m
       [36m# /home/ec2-user/.rvm/gems/ruby-3.1.2/gems/factory_bot-6.4.6/lib/factory_bot/factory.rb:43:in `run'[0m
       [36m# /home/ec2-user/.rvm/gems/ruby-3.1.2/gems/factory_bot-6.4.6/lib/factory_bot/factory_runner.rb:29:in `block in run'[0m
       [36m# /home/ec2-user/.rvm/gems/ruby-3.1.2/gems/factory_bot-6.4.6/lib/factory_bot/factory_runner.rb:28:in `run'[0m
       [36m# /home/ec2-user/.rvm/gems/ruby-3.1.2/gems/factory_bot-6.4.6/lib/factory_bot/strategy_syntax_method_registrar.rb:28:in `block in define_singular_strategy_method'[0m
       [36m# ./spec/system/03_finishing_touches_spec.rb:6:in `block (2 levels) in <main>'[0m

  149) [STEP3] 仕上げのテスト アイコンのテスト ヘッダー: ログインしている場合 Usersリンクのアイコンが表示される
       [31mFailure/Error: let!(:book) { create(:book, user: user) }[0m
       [31m[0m
       [31mNoMethodError:[0m
       [31m  undefined method `name' for #<Book id: nil, title: "52v20", body: "0yzk9ucbjtf02vjmyijh", user_id: 1, created_at: nil, updated_at: nil>[0m
       [36m# /home/ec2-user/.rvm/gems/ruby-3.1.2/gems/factory_bot-6.4.6/lib/factory_bot/evaluation.rb:15:in `create'[0m
       [36m# /home/ec2-user/.rvm/gems/ruby-3.1.2/gems/factory_bot-6.4.6/lib/factory_bot/strategy/create.rb:12:in `block in result'[0m
       [36m# /home/ec2-user/.rvm/gems/ruby-3.1.2/gems/factory_bot-6.4.6/lib/factory_bot/strategy/create.rb:9:in `result'[0m
       [36m# /home/ec2-user/.rvm/gems/ruby-3.1.2/gems/factory_bot-6.4.6/lib/factory_bot/factory.rb:43:in `run'[0m
       [36m# /home/ec2-user/.rvm/gems/ruby-3.1.2/gems/factory_bot-6.4.6/lib/factory_bot/factory_runner.rb:29:in `block in run'[0m
       [36m# /home/ec2-user/.rvm/gems/ruby-3.1.2/gems/factory_bot-6.4.6/lib/factory_bot/factory_runner.rb:28:in `run'[0m
       [36m# /home/ec2-user/.rvm/gems/ruby-3.1.2/gems/factory_bot-6.4.6/lib/factory_bot/strategy_syntax_method_registrar.rb:28:in `block in define_singular_strategy_method'[0m
       [36m# ./spec/system/03_finishing_touches_spec.rb:6:in `block (2 levels) in <main>'[0m

  150) [STEP3] 仕上げのテスト アイコンのテスト ヘッダー: ログインしている場合 Booksリンクのアイコンが表示される
       [31mFailure/Error: let!(:book) { create(:book, user: user) }[0m
       [31m[0m
       [31mNoMethodError:[0m
       [31m  undefined method `name' for #<Book id: nil, title: "7iuz6", body: "2k3sq3fmskpscn178wez", user_id: 1, created_at: nil, updated_at: nil>[0m
       [36m# /home/ec2-user/.rvm/gems/ruby-3.1.2/gems/factory_bot-6.4.6/lib/factory_bot/evaluation.rb:15:in `create'[0m
       [36m# /home/ec2-user/.rvm/gems/ruby-3.1.2/gems/factory_bot-6.4.6/lib/factory_bot/strategy/create.rb:12:in `block in result'[0m
       [36m# /home/ec2-user/.rvm/gems/ruby-3.1.2/gems/factory_bot-6.4.6/lib/factory_bot/strategy/create.rb:9:in `result'[0m
       [36m# /home/ec2-user/.rvm/gems/ruby-3.1.2/gems/factory_bot-6.4.6/lib/factory_bot/factory.rb:43:in `run'[0m
       [36m# /home/ec2-user/.rvm/gems/ruby-3.1.2/gems/factory_bot-6.4.6/lib/factory_bot/factory_runner.rb:29:in `block in run'[0m
       [36m# /home/ec2-user/.rvm/gems/ruby-3.1.2/gems/factory_bot-6.4.6/lib/factory_bot/factory_runner.rb:28:in `run'[0m
       [36m# /home/ec2-user/.rvm/gems/ruby-3.1.2/gems/factory_bot-6.4.6/lib/factory_bot/strategy_syntax_method_registrar.rb:28:in `block in define_singular_strategy_method'[0m
       [36m# ./spec/system/03_finishing_touches_spec.rb:6:in `block (2 levels) in <main>'[0m

  151) [STEP3] 仕上げのテスト アイコンのテスト ヘッダー: ログインしている場合 Log outリンクのアイコンが表示される
       [31mFailure/Error: let!(:book) { create(:book, user: user) }[0m
       [31m[0m
       [31mNoMethodError:[0m
       [31m  undefined method `name' for #<Book id: nil, title: "x16xn", body: "zzguo2jjvxdo7sa9u2gg", user_id: 1, created_at: nil, updated_at: nil>[0m
       [36m# /home/ec2-user/.rvm/gems/ruby-3.1.2/gems/factory_bot-6.4.6/lib/factory_bot/evaluation.rb:15:in `create'[0m
       [36m# /home/ec2-user/.rvm/gems/ruby-3.1.2/gems/factory_bot-6.4.6/lib/factory_bot/strategy/create.rb:12:in `block in result'[0m
       [36m# /home/ec2-user/.rvm/gems/ruby-3.1.2/gems/factory_bot-6.4.6/lib/factory_bot/strategy/create.rb:9:in `result'[0m
       [36m# /home/ec2-user/.rvm/gems/ruby-3.1.2/gems/factory_bot-6.4.6/lib/factory_bot/factory.rb:43:in `run'[0m
       [36m# /home/ec2-user/.rvm/gems/ruby-3.1.2/gems/factory_bot-6.4.6/lib/factory_bot/factory_runner.rb:29:in `block in run'[0m
       [36m# /home/ec2-user/.rvm/gems/ruby-3.1.2/gems/factory_bot-6.4.6/lib/factory_bot/factory_runner.rb:28:in `run'[0m
       [36m# /home/ec2-user/.rvm/gems/ruby-3.1.2/gems/factory_bot-6.4.6/lib/factory_bot/strategy_syntax_method_registrar.rb:28:in `block in define_singular_strategy_method'[0m
       [36m# ./spec/system/03_finishing_touches_spec.rb:6:in `block (2 levels) in <main>'[0m

  152) [STEP3] 仕上げのテスト アイコンのテスト サイドバー ユーザ一覧画面でレンチアイコンが表示される
       [31mFailure/Error: let!(:book) { create(:book, user: user) }[0m
       [31m[0m
       [31mNoMethodError:[0m
       [31m  undefined method `name' for #<Book id: nil, title: "ol5z3", body: "wtnmx8swi1rs0okrcp2t", user_id: 1, created_at: nil, updated_at: nil>[0m
       [36m# /home/ec2-user/.rvm/gems/ruby-3.1.2/gems/factory_bot-6.4.6/lib/factory_bot/evaluation.rb:15:in `create'[0m
       [36m# /home/ec2-user/.rvm/gems/ruby-3.1.2/gems/factory_bot-6.4.6/lib/factory_bot/strategy/create.rb:12:in `block in result'[0m
       [36m# /home/ec2-user/.rvm/gems/ruby-3.1.2/gems/factory_bot-6.4.6/lib/factory_bot/strategy/create.rb:9:in `result'[0m
       [36m# /home/ec2-user/.rvm/gems/ruby-3.1.2/gems/factory_bot-6.4.6/lib/factory_bot/factory.rb:43:in `run'[0m
       [36m# /home/ec2-user/.rvm/gems/ruby-3.1.2/gems/factory_bot-6.4.6/lib/factory_bot/factory_runner.rb:29:in `block in run'[0m
       [36m# /home/ec2-user/.rvm/gems/ruby-3.1.2/gems/factory_bot-6.4.6/lib/factory_bot/factory_runner.rb:28:in `run'[0m
       [36m# /home/ec2-user/.rvm/gems/ruby-3.1.2/gems/factory_bot-6.4.6/lib/factory_bot/strategy_syntax_method_registrar.rb:28:in `block in define_singular_strategy_method'[0m
       [36m# ./spec/system/03_finishing_touches_spec.rb:6:in `block (2 levels) in <main>'[0m

  153) [STEP3] 仕上げのテスト アイコンのテスト サイドバー ユーザ詳細画面でレンチアイコンが表示される
       [31mFailure/Error: let!(:book) { create(:book, user: user) }[0m
       [31m[0m
       [31mNoMethodError:[0m
       [31m  undefined method `name' for #<Book id: nil, title: "9wiqx", body: "brqg37yc3zf0wekkgwht", user_id: 1, created_at: nil, updated_at: nil>[0m
       [36m# /home/ec2-user/.rvm/gems/ruby-3.1.2/gems/factory_bot-6.4.6/lib/factory_bot/evaluation.rb:15:in `create'[0m
       [36m# /home/ec2-user/.rvm/gems/ruby-3.1.2/gems/factory_bot-6.4.6/lib/factory_bot/strategy/create.rb:12:in `block in result'[0m
       [36m# /home/ec2-user/.rvm/gems/ruby-3.1.2/gems/factory_bot-6.4.6/lib/factory_bot/strategy/create.rb:9:in `result'[0m
       [36m# /home/ec2-user/.rvm/gems/ruby-3.1.2/gems/factory_bot-6.4.6/lib/factory_bot/factory.rb:43:in `run'[0m
       [36m# /home/ec2-user/.rvm/gems/ruby-3.1.2/gems/factory_bot-6.4.6/lib/factory_bot/factory_runner.rb:29:in `block in run'[0m
       [36m# /home/ec2-user/.rvm/gems/ruby-3.1.2/gems/factory_bot-6.4.6/lib/factory_bot/factory_runner.rb:28:in `run'[0m
       [36m# /home/ec2-user/.rvm/gems/ruby-3.1.2/gems/factory_bot-6.4.6/lib/factory_bot/strategy_syntax_method_registrar.rb:28:in `block in define_singular_strategy_method'[0m
       [36m# ./spec/system/03_finishing_touches_spec.rb:6:in `block (2 levels) in <main>'[0m

  154) [STEP3] 仕上げのテスト アイコンのテスト サイドバー 投稿一覧画面でレンチアイコンが表示される
       [31mFailure/Error: let!(:book) { create(:book, user: user) }[0m
       [31m[0m
       [31mNoMethodError:[0m
       [31m  undefined method `name' for #<Book id: nil, title: "7wok4", body: "b4z8i1xdr30yfl2wv1kg", user_id: 1, created_at: nil, updated_at: nil>[0m
       [36m# /home/ec2-user/.rvm/gems/ruby-3.1.2/gems/factory_bot-6.4.6/lib/factory_bot/evaluation.rb:15:in `create'[0m
       [36m# /home/ec2-user/.rvm/gems/ruby-3.1.2/gems/factory_bot-6.4.6/lib/factory_bot/strategy/create.rb:12:in `block in result'[0m
       [36m# /home/ec2-user/.rvm/gems/ruby-3.1.2/gems/factory_bot-6.4.6/lib/factory_bot/strategy/create.rb:9:in `result'[0m
       [36m# /home/ec2-user/.rvm/gems/ruby-3.1.2/gems/factory_bot-6.4.6/lib/factory_bot/factory.rb:43:in `run'[0m
       [36m# /home/ec2-user/.rvm/gems/ruby-3.1.2/gems/factory_bot-6.4.6/lib/factory_bot/factory_runner.rb:29:in `block in run'[0m
       [36m# /home/ec2-user/.rvm/gems/ruby-3.1.2/gems/factory_bot-6.4.6/lib/factory_bot/factory_runner.rb:28:in `run'[0m
       [36m# /home/ec2-user/.rvm/gems/ruby-3.1.2/gems/factory_bot-6.4.6/lib/factory_bot/strategy_syntax_method_registrar.rb:28:in `block in define_singular_strategy_method'[0m
       [36m# ./spec/system/03_finishing_touches_spec.rb:6:in `block (2 levels) in <main>'[0m

  155) [STEP3] 仕上げのテスト アイコンのテスト サイドバー 投稿詳細画面でレンチアイコンが表示される
       [31mFailure/Error: let!(:book) { create(:book, user: user) }[0m
       [31m[0m
       [31mNoMethodError:[0m
       [31m  undefined method `name' for #<Book id: nil, title: "ts8z3", body: "gz7zhhs9oyl94y99an5j", user_id: 1, created_at: nil, updated_at: nil>[0m
       [36m# /home/ec2-user/.rvm/gems/ruby-3.1.2/gems/factory_bot-6.4.6/lib/factory_bot/evaluation.rb:15:in `create'[0m
       [36m# /home/ec2-user/.rvm/gems/ruby-3.1.2/gems/factory_bot-6.4.6/lib/factory_bot/strategy/create.rb:12:in `block in result'[0m
       [36m# /home/ec2-user/.rvm/gems/ruby-3.1.2/gems/factory_bot-6.4.6/lib/factory_bot/strategy/create.rb:9:in `result'[0m
       [36m# /home/ec2-user/.rvm/gems/ruby-3.1.2/gems/factory_bot-6.4.6/lib/factory_bot/factory.rb:43:in `run'[0m
       [36m# /home/ec2-user/.rvm/gems/ruby-3.1.2/gems/factory_bot-6.4.6/lib/factory_bot/factory_runner.rb:29:in `block in run'[0m
       [36m# /home/ec2-user/.rvm/gems/ruby-3.1.2/gems/factory_bot-6.4.6/lib/factory_bot/factory_runner.rb:28:in `run'[0m
       [36m# /home/ec2-user/.rvm/gems/ruby-3.1.2/gems/factory_bot-6.4.6/lib/factory_bot/strategy_syntax_method_registrar.rb:28:in `block in define_singular_strategy_method'[0m
       [36m# ./spec/system/03_finishing_touches_spec.rb:6:in `block (2 levels) in <main>'[0m

Finished in 8.59 seconds (files took 3.7 seconds to load)
[31m201 examples, 155 failures[0m

Failed examples:

[31mrspec ./spec/models/book_spec.rb:11[0m [36m# Bookモデルのテスト バリデーションのテスト titleカラム 空欄でないこと[0m
[31mrspec ./spec/models/book_spec.rb:18[0m [36m# Bookモデルのテスト バリデーションのテスト bodyカラム 空欄でないこと[0m
[31mrspec ./spec/models/book_spec.rb:22[0m [36m# Bookモデルのテスト バリデーションのテスト bodyカラム 200文字以下であること: 200文字は〇[0m
[31mrspec ./spec/models/book_spec.rb:26[0m [36m# Bookモデルのテスト バリデーションのテスト bodyカラム 200文字以下であること: 201文字は×[0m
[31mrspec ./spec/models/user_spec.rb:15[0m [36m# Userモデルのテスト バリデーションのテスト nameカラム 2文字以上であること: 1文字は×[0m
[31mrspec ./spec/models/user_spec.rb:27[0m [36m# Userモデルのテスト バリデーションのテスト nameカラム 20文字以下であること: 21文字は×[0m
[31mrspec ./spec/models/user_spec.rb:31[0m [36m# Userモデルのテスト バリデーションのテスト nameカラム 一意性があること[0m
[31mrspec ./spec/models/user_spec.rb:42[0m [36m# Userモデルのテスト バリデーションのテスト introductionカラム 50文字以下であること: 51文字は×[0m
[31mrspec ./spec/system/01_before_login_spec.rb:147[0m [36m# [STEP1] ユーザログイン前のテスト ユーザ新規登録のテスト 新規登録成功のテスト 正しく新規登録される[0m
[31mrspec ./spec/system/01_before_login_spec.rb:150[0m [36m# [STEP1] ユーザログイン前のテスト ユーザ新規登録のテスト 新規登録成功のテスト 新規登録後のリダイレクト先が、新規登録できたユーザの詳細画面になっている[0m
[31mrspec ./spec/system/02_after_login_spec.rb:20[0m [36m# [STEP2] ユーザログイン後のテスト ヘッダーのテスト: ログインしている場合 リンクの内容を確認: ※logoutは『ユーザログアウトのテスト』でテスト済みになります。 Homeを押すと、自分のユーザ詳細画面に遷移する[0m
[31mrspec ./spec/system/02_after_login_spec.rb:26[0m [36m# [STEP2] ユーザログイン後のテスト ヘッダーのテスト: ログインしている場合 リンクの内容を確認: ※logoutは『ユーザログアウトのテスト』でテスト済みになります。 Usersを押すと、ユーザ一覧画面に遷移する[0m
[31mrspec ./spec/system/02_after_login_spec.rb:32[0m [36m# [STEP2] ユーザログイン後のテスト ヘッダーのテスト: ログインしている場合 リンクの内容を確認: ※logoutは『ユーザログアウトのテスト』でテスト済みになります。 Booksを押すと、投稿一覧画面に遷移する[0m
[31mrspec ./spec/system/02_after_login_spec.rb:47[0m [36m# [STEP2] ユーザログイン後のテスト 投稿一覧画面のテスト 表示内容の確認 URLが正しい[0m
[31mrspec ./spec/system/02_after_login_spec.rb:50[0m [36m# [STEP2] ユーザログイン後のテスト 投稿一覧画面のテスト 表示内容の確認 自分と他人の画像のリンク先が正しい[0m
[31mrspec ./spec/system/02_after_login_spec.rb:54[0m [36m# [STEP2] ユーザログイン後のテスト 投稿一覧画面のテスト 表示内容の確認 自分の投稿と他人の投稿のタイトルのリンク先がそれぞれ正しい[0m
[31mrspec ./spec/system/02_after_login_spec.rb:58[0m [36m# [STEP2] ユーザログイン後のテスト 投稿一覧画面のテスト 表示内容の確認 自分の投稿と他人の投稿のオピニオンが表示される[0m
[31mrspec ./spec/system/02_after_login_spec.rb:65[0m [36m# [STEP2] ユーザログイン後のテスト 投稿一覧画面のテスト サイドバーの確認 自分の名前と紹介文が表示される[0m
[31mrspec ./spec/system/02_after_login_spec.rb:69[0m [36m# [STEP2] ユーザログイン後のテスト 投稿一覧画面のテスト サイドバーの確認 自分のユーザ編集画面へのリンクが存在する[0m
[31mrspec ./spec/system/02_after_login_spec.rb:72[0m [36m# [STEP2] ユーザログイン後のテスト 投稿一覧画面のテスト サイドバーの確認 「New book」と表示される[0m
[31mrspec ./spec/system/02_after_login_spec.rb:75[0m [36m# [STEP2] ユーザログイン後のテスト 投稿一覧画面のテスト サイドバーの確認 titleフォームが表示される[0m
[31mrspec ./spec/system/02_after_login_spec.rb:78[0m [36m# [STEP2] ユーザログイン後のテスト 投稿一覧画面のテスト サイドバーの確認 titleフォームに値が入っていない[0m
[31mrspec ./spec/system/02_after_login_spec.rb:81[0m [36m# [STEP2] ユーザログイン後のテスト 投稿一覧画面のテスト サイドバーの確認 bodyフォームが表示される[0m
[31mrspec ./spec/system/02_after_login_spec.rb:84[0m [36m# [STEP2] ユーザログイン後のテスト 投稿一覧画面のテスト サイドバーの確認 bodyフォームに値が入っていない[0m
[31mrspec ./spec/system/02_after_login_spec.rb:87[0m [36m# [STEP2] ユーザログイン後のテスト 投稿一覧画面のテスト サイドバーの確認 Create Bookボタンが表示される[0m
[31mrspec ./spec/system/02_after_login_spec.rb:98[0m [36m# [STEP2] ユーザログイン後のテスト 投稿一覧画面のテスト 投稿成功のテスト 自分の新しい投稿が正しく保存される[0m
[31mrspec ./spec/system/02_after_login_spec.rb:101[0m [36m# [STEP2] ユーザログイン後のテスト 投稿一覧画面のテスト 投稿成功のテスト リダイレクト先が、保存できた投稿の詳細画面になっている[0m
[31mrspec ./spec/system/02_after_login_spec.rb:114[0m [36m# [STEP2] ユーザログイン後のテスト 自分の投稿詳細画面のテスト 表示内容の確認 URLが正しい[0m
[31mrspec ./spec/system/02_after_login_spec.rb:117[0m [36m# [STEP2] ユーザログイン後のテスト 自分の投稿詳細画面のテスト 表示内容の確認 「Book detail」と表示される[0m
[31mrspec ./spec/system/02_after_login_spec.rb:120[0m [36m# [STEP2] ユーザログイン後のテスト 自分の投稿詳細画面のテスト 表示内容の確認 ユーザ画像・名前のリンク先が正しい[0m
[31mrspec ./spec/system/02_after_login_spec.rb:123[0m [36m# [STEP2] ユーザログイン後のテスト 自分の投稿詳細画面のテスト 表示内容の確認 投稿のtitleが表示される[0m
[31mrspec ./spec/system/02_after_login_spec.rb:126[0m [36m# [STEP2] ユーザログイン後のテスト 自分の投稿詳細画面のテスト 表示内容の確認 投稿のbodyが表示される[0m
[31mrspec ./spec/system/02_after_login_spec.rb:129[0m [36m# [STEP2] ユーザログイン後のテスト 自分の投稿詳細画面のテスト 表示内容の確認 投稿の編集リンクが表示される[0m
[31mrspec ./spec/system/02_after_login_spec.rb:132[0m [36m# [STEP2] ユーザログイン後のテスト 自分の投稿詳細画面のテスト 表示内容の確認 投稿の削除リンクが表示される[0m
[31mrspec ./spec/system/02_after_login_spec.rb:138[0m [36m# [STEP2] ユーザログイン後のテスト 自分の投稿詳細画面のテスト サイドバーの確認 自分の名前と紹介文が表示される[0m
[31mrspec ./spec/system/02_after_login_spec.rb:142[0m [36m# [STEP2] ユーザログイン後のテスト 自分の投稿詳細画面のテスト サイドバーの確認 自分のユーザ編集画面へのリンクが存在する[0m
[31mrspec ./spec/system/02_after_login_spec.rb:145[0m [36m# [STEP2] ユーザログイン後のテスト 自分の投稿詳細画面のテスト サイドバーの確認 「New book」と表示される[0m
[31mrspec ./spec/system/02_after_login_spec.rb:148[0m [36m# [STEP2] ユーザログイン後のテスト 自分の投稿詳細画面のテスト サイドバーの確認 titleフォームが表示される[0m
[31mrspec ./spec/system/02_after_login_spec.rb:151[0m [36m# [STEP2] ユーザログイン後のテスト 自分の投稿詳細画面のテスト サイドバーの確認 titleフォームに値が入っていない[0m
[31mrspec ./spec/system/02_after_login_spec.rb:154[0m [36m# [STEP2] ユーザログイン後のテスト 自分の投稿詳細画面のテスト サイドバーの確認 bodyフォームが表示される[0m
[31mrspec ./spec/system/02_after_login_spec.rb:157[0m [36m# [STEP2] ユーザログイン後のテスト 自分の投稿詳細画面のテスト サイドバーの確認 bodyフォームに値が入っていない[0m
[31mrspec ./spec/system/02_after_login_spec.rb:160[0m [36m# [STEP2] ユーザログイン後のテスト 自分の投稿詳細画面のテスト サイドバーの確認 Create Bookボタンが表示される[0m
[31mrspec ./spec/system/02_after_login_spec.rb:171[0m [36m# [STEP2] ユーザログイン後のテスト 自分の投稿詳細画面のテスト 投稿成功のテスト 自分の新しい投稿が正しく保存される[0m
[31mrspec ./spec/system/02_after_login_spec.rb:180[0m [36m# [STEP2] ユーザログイン後のテスト 自分の投稿詳細画面のテスト 編集リンクのテスト 編集画面に遷移する[0m
[31mrspec ./spec/system/02_after_login_spec.rb:189[0m [36m# [STEP2] ユーザログイン後のテスト 自分の投稿詳細画面のテスト 削除リンクのテスト application.html.erbにjavascript_pack_tagを含んでいる[0m
[31mrspec ./spec/system/02_after_login_spec.rb:203[0m [36m# [STEP2] ユーザログイン後のテスト 自分の投稿詳細画面のテスト 削除リンクのテスト 正しく削除される[0m
[31mrspec ./spec/system/02_after_login_spec.rb:206[0m [36m# [STEP2] ユーザログイン後のテスト 自分の投稿詳細画面のテスト 削除リンクのテスト リダイレクト先が、投稿一覧画面になっている[0m
[31mrspec ./spec/system/02_after_login_spec.rb:218[0m [36m# [STEP2] ユーザログイン後のテスト 自分の投稿編集画面のテスト 表示の確認 URLが正しい[0m
[31mrspec ./spec/system/02_after_login_spec.rb:221[0m [36m# [STEP2] ユーザログイン後のテスト 自分の投稿編集画面のテスト 表示の確認 「Editing Book」と表示される[0m
[31mrspec ./spec/system/02_after_login_spec.rb:224[0m [36m# [STEP2] ユーザログイン後のテスト 自分の投稿編集画面のテスト 表示の確認 title編集フォームが表示される[0m
[31mrspec ./spec/system/02_after_login_spec.rb:227[0m [36m# [STEP2] ユーザログイン後のテスト 自分の投稿編集画面のテスト 表示の確認 body編集フォームが表示される[0m
[31mrspec ./spec/system/02_after_login_spec.rb:230[0m [36m# [STEP2] ユーザログイン後のテスト 自分の投稿編集画面のテスト 表示の確認 Update Bookボタンが表示される[0m
[31mrspec ./spec/system/02_after_login_spec.rb:233[0m [36m# [STEP2] ユーザログイン後のテスト 自分の投稿編集画面のテスト 表示の確認 Showリンクが表示される[0m
[31mrspec ./spec/system/02_after_login_spec.rb:236[0m [36m# [STEP2] ユーザログイン後のテスト 自分の投稿編集画面のテスト 表示の確認 Backリンクが表示される[0m
[31mrspec ./spec/system/02_after_login_spec.rb:250[0m [36m# [STEP2] ユーザログイン後のテスト 自分の投稿編集画面のテスト 編集成功のテスト titleが正しく更新される[0m
[31mrspec ./spec/system/02_after_login_spec.rb:253[0m [36m# [STEP2] ユーザログイン後のテスト 自分の投稿編集画面のテスト 編集成功のテスト bodyが正しく更新される[0m
[31mrspec ./spec/system/02_after_login_spec.rb:256[0m [36m# [STEP2] ユーザログイン後のテスト 自分の投稿編集画面のテスト 編集成功のテスト リダイレクト先が、更新した投稿の詳細画面になっている[0m
[31mrspec ./spec/system/02_after_login_spec.rb:269[0m [36m# [STEP2] ユーザログイン後のテスト ユーザ一覧画面のテスト 表示内容の確認 URLが正しい[0m
[31mrspec ./spec/system/02_after_login_spec.rb:272[0m [36m# [STEP2] ユーザログイン後のテスト ユーザ一覧画面のテスト 表示内容の確認 自分と他人の画像が表示される: fallbackの画像がサイドバーの1つ＋一覧(2人)の2つの計3つ存在する[0m
[31mrspec ./spec/system/02_after_login_spec.rb:275[0m [36m# [STEP2] ユーザログイン後のテスト ユーザ一覧画面のテスト 表示内容の確認 自分と他人の名前がそれぞれ表示される[0m
[31mrspec ./spec/system/02_after_login_spec.rb:279[0m [36m# [STEP2] ユーザログイン後のテスト ユーザ一覧画面のテスト 表示内容の確認 自分と他人のshowリンクがそれぞれ表示される[0m
[31mrspec ./spec/system/02_after_login_spec.rb:286[0m [36m# [STEP2] ユーザログイン後のテスト ユーザ一覧画面のテスト サイドバーの確認 自分の名前と紹介文が表示される[0m
[31mrspec ./spec/system/02_after_login_spec.rb:290[0m [36m# [STEP2] ユーザログイン後のテスト ユーザ一覧画面のテスト サイドバーの確認 自分のユーザ編集画面へのリンクが存在する[0m
[31mrspec ./spec/system/02_after_login_spec.rb:293[0m [36m# [STEP2] ユーザログイン後のテスト ユーザ一覧画面のテスト サイドバーの確認 「New book」と表示される[0m
[31mrspec ./spec/system/02_after_login_spec.rb:296[0m [36m# [STEP2] ユーザログイン後のテスト ユーザ一覧画面のテスト サイドバーの確認 titleフォームが表示される[0m
[31mrspec ./spec/system/02_after_login_spec.rb:299[0m [36m# [STEP2] ユーザログイン後のテスト ユーザ一覧画面のテスト サイドバーの確認 titleフォームに値が入っていない[0m
[31mrspec ./spec/system/02_after_login_spec.rb:302[0m [36m# [STEP2] ユーザログイン後のテスト ユーザ一覧画面のテスト サイドバーの確認 bodyフォームが表示される[0m
[31mrspec ./spec/system/02_after_login_spec.rb:305[0m [36m# [STEP2] ユーザログイン後のテスト ユーザ一覧画面のテスト サイドバーの確認 bodyフォームに値が入っていない[0m
[31mrspec ./spec/system/02_after_login_spec.rb:308[0m [36m# [STEP2] ユーザログイン後のテスト ユーザ一覧画面のテスト サイドバーの確認 Create Bookボタンが表示される[0m
[31mrspec ./spec/system/02_after_login_spec.rb:320[0m [36m# [STEP2] ユーザログイン後のテスト 自分のユーザ詳細画面のテスト 表示の確認 URLが正しい[0m
[31mrspec ./spec/system/02_after_login_spec.rb:323[0m [36m# [STEP2] ユーザログイン後のテスト 自分のユーザ詳細画面のテスト 表示の確認 投稿一覧のユーザ画像のリンク先が正しい[0m
[31mrspec ./spec/system/02_after_login_spec.rb:326[0m [36m# [STEP2] ユーザログイン後のテスト 自分のユーザ詳細画面のテスト 表示の確認 投稿一覧に自分の投稿のtitleが表示され、リンクが正しい[0m
[31mrspec ./spec/system/02_after_login_spec.rb:329[0m [36m# [STEP2] ユーザログイン後のテスト 自分のユーザ詳細画面のテスト 表示の確認 投稿一覧に自分の投稿のbodyが表示される[0m
[31mrspec ./spec/system/02_after_login_spec.rb:332[0m [36m# [STEP2] ユーザログイン後のテスト 自分のユーザ詳細画面のテスト 表示の確認 他人の投稿は表示されない[0m
[31mrspec ./spec/system/02_after_login_spec.rb:340[0m [36m# [STEP2] ユーザログイン後のテスト 自分のユーザ詳細画面のテスト サイドバーの確認 自分の名前と紹介文が表示される[0m
[31mrspec ./spec/system/02_after_login_spec.rb:344[0m [36m# [STEP2] ユーザログイン後のテスト 自分のユーザ詳細画面のテスト サイドバーの確認 自分のユーザ編集画面へのリンクが存在する[0m
[31mrspec ./spec/system/02_after_login_spec.rb:347[0m [36m# [STEP2] ユーザログイン後のテスト 自分のユーザ詳細画面のテスト サイドバーの確認 「New book」と表示される[0m
[31mrspec ./spec/system/02_after_login_spec.rb:350[0m [36m# [STEP2] ユーザログイン後のテスト 自分のユーザ詳細画面のテスト サイドバーの確認 titleフォームが表示される[0m
[31mrspec ./spec/system/02_after_login_spec.rb:353[0m [36m# [STEP2] ユーザログイン後のテスト 自分のユーザ詳細画面のテスト サイドバーの確認 titleフォームに値が入っていない[0m
[31mrspec ./spec/system/02_after_login_spec.rb:356[0m [36m# [STEP2] ユーザログイン後のテスト 自分のユーザ詳細画面のテスト サイドバーの確認 bodyフォームが表示される[0m
[31mrspec ./spec/system/02_after_login_spec.rb:359[0m [36m# [STEP2] ユーザログイン後のテスト 自分のユーザ詳細画面のテスト サイドバーの確認 bodyフォームに値が入っていない[0m
[31mrspec ./spec/system/02_after_login_spec.rb:362[0m [36m# [STEP2] ユーザログイン後のテスト 自分のユーザ詳細画面のテスト サイドバーの確認 Create Bookボタンが表示される[0m
[31mrspec ./spec/system/02_after_login_spec.rb:374[0m [36m# [STEP2] ユーザログイン後のテスト 自分のユーザ情報編集画面のテスト 表示の確認 URLが正しい[0m
[31mrspec ./spec/system/02_after_login_spec.rb:377[0m [36m# [STEP2] ユーザログイン後のテスト 自分のユーザ情報編集画面のテスト 表示の確認 名前編集フォームに自分の名前が表示される[0m
[31mrspec ./spec/system/02_after_login_spec.rb:380[0m [36m# [STEP2] ユーザログイン後のテスト 自分のユーザ情報編集画面のテスト 表示の確認 画像編集フォームが表示される[0m
[31mrspec ./spec/system/02_after_login_spec.rb:383[0m [36m# [STEP2] ユーザログイン後のテスト 自分のユーザ情報編集画面のテスト 表示の確認 自己紹介編集フォームに自分の自己紹介文が表示される[0m
[31mrspec ./spec/system/02_after_login_spec.rb:386[0m [36m# [STEP2] ユーザログイン後のテスト 自分のユーザ情報編集画面のテスト 表示の確認 Update Userボタンが表示される[0m
[31mrspec ./spec/system/02_after_login_spec.rb:402[0m [36m# [STEP2] ユーザログイン後のテスト 自分のユーザ情報編集画面のテスト 更新成功のテスト nameが正しく更新される[0m
[31mrspec ./spec/system/02_after_login_spec.rb:405[0m [36m# [STEP2] ユーザログイン後のテスト 自分のユーザ情報編集画面のテスト 更新成功のテスト introductionが正しく更新される[0m
[31mrspec ./spec/system/02_after_login_spec.rb:408[0m [36m# [STEP2] ユーザログイン後のテスト 自分のユーザ情報編集画面のテスト 更新成功のテスト リダイレクト先が、自分のユーザ詳細画面になっている[0m
[31mrspec ./spec/system/03_finishing_touches_spec.rb:12[0m [36m# [STEP3] 仕上げのテスト サクセスメッセージのテスト ユーザ新規登録成功時[0m
[31mrspec ./spec/system/03_finishing_touches_spec.rb:21[0m [36m# [STEP3] 仕上げのテスト サクセスメッセージのテスト ユーザログイン成功時[0m
[31mrspec ./spec/system/03_finishing_touches_spec.rb:28[0m [36m# [STEP3] 仕上げのテスト サクセスメッセージのテスト ユーザログアウト成功時[0m
[31mrspec ./spec/system/03_finishing_touches_spec.rb:38[0m [36m# [STEP3] 仕上げのテスト サクセスメッセージのテスト ユーザのプロフィール情報更新成功時[0m
[31mrspec ./spec/system/03_finishing_touches_spec.rb:47[0m [36m# [STEP3] 仕上げのテスト サクセスメッセージのテスト 投稿データの新規投稿成功時: 投稿一覧画面から行います。[0m
[31mrspec ./spec/system/03_finishing_touches_spec.rb:58[0m [36m# [STEP3] 仕上げのテスト サクセスメッセージのテスト 投稿データの更新成功時[0m
[31mrspec ./spec/system/03_finishing_touches_spec.rb:81[0m [36m# [STEP3] 仕上げのテスト 処理失敗時のテスト ユーザ新規登録失敗: nameを1文字にする 新規登録されない[0m
[31mrspec ./spec/system/03_finishing_touches_spec.rb:84[0m [36m# [STEP3] 仕上げのテスト 処理失敗時のテスト ユーザ新規登録失敗: nameを1文字にする 新規登録画面を表示しており、フォームの内容が正しい[0m
[31mrspec ./spec/system/03_finishing_touches_spec.rb:90[0m [36m# [STEP3] 仕上げのテスト 処理失敗時のテスト ユーザ新規登録失敗: nameを1文字にする バリデーションエラーが表示される[0m
[31mrspec ./spec/system/03_finishing_touches_spec.rb:109[0m [36m# [STEP3] 仕上げのテスト 処理失敗時のテスト ユーザのプロフィール情報編集失敗: nameを1文字にする 更新されない[0m
[31mrspec ./spec/system/03_finishing_touches_spec.rb:112[0m [36m# [STEP3] 仕上げのテスト 処理失敗時のテスト ユーザのプロフィール情報編集失敗: nameを1文字にする ユーザ編集画面を表示しており、フォームの内容が正しい[0m
[31mrspec ./spec/system/03_finishing_touches_spec.rb:115[0m [36m# [STEP3] 仕上げのテスト 処理失敗時のテスト ユーザのプロフィール情報編集失敗: nameを1文字にする バリデーションエラーが表示される[0m
[31mrspec ./spec/system/03_finishing_touches_spec.rb:131[0m [36m# [STEP3] 仕上げのテスト 処理失敗時のテスト 投稿データの新規投稿失敗: 投稿一覧画面から行い、titleを空にする 投稿が保存されない[0m
[31mrspec ./spec/system/03_finishing_touches_spec.rb:134[0m [36m# [STEP3] 仕上げのテスト 処理失敗時のテスト 投稿データの新規投稿失敗: 投稿一覧画面から行い、titleを空にする 投稿一覧画面を表示している[0m
[31mrspec ./spec/system/03_finishing_touches_spec.rb:140[0m [36m# [STEP3] 仕上げのテスト 処理失敗時のテスト 投稿データの新規投稿失敗: 投稿一覧画面から行い、titleを空にする 新規投稿フォームの内容が正しい[0m
[31mrspec ./spec/system/03_finishing_touches_spec.rb:144[0m [36m# [STEP3] 仕上げのテスト 処理失敗時のテスト 投稿データの新規投稿失敗: 投稿一覧画面から行い、titleを空にする バリデーションエラーが表示される[0m
[31mrspec ./spec/system/03_finishing_touches_spec.rb:162[0m [36m# [STEP3] 仕上げのテスト 処理失敗時のテスト 投稿データの更新失敗: titleを空にする 投稿が更新されない[0m
[31mrspec ./spec/system/03_finishing_touches_spec.rb:165[0m [36m# [STEP3] 仕上げのテスト 処理失敗時のテスト 投稿データの更新失敗: titleを空にする 投稿編集画面を表示しており、フォームの内容が正しい[0m
[31mrspec ./spec/system/03_finishing_touches_spec.rb:170[0m [36m# [STEP3] 仕上げのテスト 処理失敗時のテスト 投稿データの更新失敗: titleを空にする エラーメッセージが表示される[0m
[31mrspec ./spec/system/03_finishing_touches_spec.rb:179[0m [36m# [STEP3] 仕上げのテスト ログインしていない場合のアクセス制限のテスト: アクセスできず、ログイン画面に遷移する ユーザ一覧画面[0m
[31mrspec ./spec/system/03_finishing_touches_spec.rb:183[0m [36m# [STEP3] 仕上げのテスト ログインしていない場合のアクセス制限のテスト: アクセスできず、ログイン画面に遷移する ユーザ詳細画面[0m
[31mrspec ./spec/system/03_finishing_touches_spec.rb:187[0m [36m# [STEP3] 仕上げのテスト ログインしていない場合のアクセス制限のテスト: アクセスできず、ログイン画面に遷移する ユーザ情報編集画面[0m
[31mrspec ./spec/system/03_finishing_touches_spec.rb:191[0m [36m# [STEP3] 仕上げのテスト ログインしていない場合のアクセス制限のテスト: アクセスできず、ログイン画面に遷移する 投稿一覧画面[0m
[31mrspec ./spec/system/03_finishing_touches_spec.rb:195[0m [36m# [STEP3] 仕上げのテスト ログインしていない場合のアクセス制限のテスト: アクセスできず、ログイン画面に遷移する 投稿詳細画面[0m
[31mrspec ./spec/system/03_finishing_touches_spec.rb:199[0m [36m# [STEP3] 仕上げのテスト ログインしていない場合のアクセス制限のテスト: アクセスできず、ログイン画面に遷移する 投稿編集画面[0m
[31mrspec ./spec/system/03_finishing_touches_spec.rb:219[0m [36m# [STEP3] 仕上げのテスト 他人の画面のテスト 他人の投稿詳細画面のテスト 表示内容の確認 URLが正しい[0m
[31mrspec ./spec/system/03_finishing_touches_spec.rb:222[0m [36m# [STEP3] 仕上げのテスト 他人の画面のテスト 他人の投稿詳細画面のテスト 表示内容の確認 「Book detail」と表示される[0m
[31mrspec ./spec/system/03_finishing_touches_spec.rb:225[0m [36m# [STEP3] 仕上げのテスト 他人の画面のテスト 他人の投稿詳細画面のテスト 表示内容の確認 ユーザ画像・名前のリンク先が正しい[0m
[31mrspec ./spec/system/03_finishing_touches_spec.rb:228[0m [36m# [STEP3] 仕上げのテスト 他人の画面のテスト 他人の投稿詳細画面のテスト 表示内容の確認 投稿のtitleが表示される[0m
[31mrspec ./spec/system/03_finishing_touches_spec.rb:231[0m [36m# [STEP3] 仕上げのテスト 他人の画面のテスト 他人の投稿詳細画面のテスト 表示内容の確認 投稿のopinionが表示される[0m
[31mrspec ./spec/system/03_finishing_touches_spec.rb:234[0m [36m# [STEP3] 仕上げのテスト 他人の画面のテスト 他人の投稿詳細画面のテスト 表示内容の確認 投稿の編集リンクが表示されない[0m
[31mrspec ./spec/system/03_finishing_touches_spec.rb:237[0m [36m# [STEP3] 仕上げのテスト 他人の画面のテスト 他人の投稿詳細画面のテスト 表示内容の確認 投稿の削除リンクが表示されない[0m
[31mrspec ./spec/system/03_finishing_touches_spec.rb:243[0m [36m# [STEP3] 仕上げのテスト 他人の画面のテスト 他人の投稿詳細画面のテスト サイドバーの確認 他人の名前と紹介文が表示される[0m
[31mrspec ./spec/system/03_finishing_touches_spec.rb:247[0m [36m# [STEP3] 仕上げのテスト 他人の画面のテスト 他人の投稿詳細画面のテスト サイドバーの確認 他人のユーザ編集画面へのリンクが存在する[0m
[31mrspec ./spec/system/03_finishing_touches_spec.rb:250[0m [36m# [STEP3] 仕上げのテスト 他人の画面のテスト 他人の投稿詳細画面のテスト サイドバーの確認 自分の名前と紹介文は表示されない[0m
[31mrspec ./spec/system/03_finishing_touches_spec.rb:254[0m [36m# [STEP3] 仕上げのテスト 他人の画面のテスト 他人の投稿詳細画面のテスト サイドバーの確認 自分のユーザ編集画面へのリンクは存在しない[0m
[31mrspec ./spec/system/03_finishing_touches_spec.rb:265[0m [36m# [STEP3] 仕上げのテスト 他人の画面のテスト 他人の投稿編集画面 遷移できず、投稿一覧画面にリダイレクトされる[0m
[31mrspec ./spec/system/03_finishing_touches_spec.rb:279[0m [36m# [STEP3] 仕上げのテスト 他人の画面のテスト 他人のユーザ詳細画面のテスト 表示の確認 URLが正しい[0m
[31mrspec ./spec/system/03_finishing_touches_spec.rb:282[0m [36m# [STEP3] 仕上げのテスト 他人の画面のテスト 他人のユーザ詳細画面のテスト 表示の確認 投稿一覧のユーザ画像のリンク先が正しい[0m
[31mrspec ./spec/system/03_finishing_touches_spec.rb:285[0m [36m# [STEP3] 仕上げのテスト 他人の画面のテスト 他人のユーザ詳細画面のテスト 表示の確認 投稿一覧に他人の投稿のtitleが表示され、リンクが正しい[0m
[31mrspec ./spec/system/03_finishing_touches_spec.rb:288[0m [36m# [STEP3] 仕上げのテスト 他人の画面のテスト 他人のユーザ詳細画面のテスト 表示の確認 投稿一覧に他人の投稿のopinionが表示される[0m
[31mrspec ./spec/system/03_finishing_touches_spec.rb:291[0m [36m# [STEP3] 仕上げのテスト 他人の画面のテスト 他人のユーザ詳細画面のテスト 表示の確認 自分の投稿は表示されない[0m
[31mrspec ./spec/system/03_finishing_touches_spec.rb:298[0m [36m# [STEP3] 仕上げのテスト 他人の画面のテスト 他人のユーザ詳細画面のテスト サイドバーの確認 他人の名前と紹介文が表示される[0m
[31mrspec ./spec/system/03_finishing_touches_spec.rb:302[0m [36m# [STEP3] 仕上げのテスト 他人の画面のテスト 他人のユーザ詳細画面のテスト サイドバーの確認 他人のユーザ編集画面へのリンクが存在する[0m
[31mrspec ./spec/system/03_finishing_touches_spec.rb:305[0m [36m# [STEP3] 仕上げのテスト 他人の画面のテスト 他人のユーザ詳細画面のテスト サイドバーの確認 自分の名前と紹介文は表示されない[0m
[31mrspec ./spec/system/03_finishing_touches_spec.rb:309[0m [36m# [STEP3] 仕上げのテスト 他人の画面のテスト 他人のユーザ詳細画面のテスト サイドバーの確認 自分のユーザ編集画面へのリンクは存在しない[0m
[31mrspec ./spec/system/03_finishing_touches_spec.rb:316[0m [36m# [STEP3] 仕上げのテスト 他人の画面のテスト 他人のユーザ情報編集画面 遷移できず、自分のユーザ詳細画面にリダイレクトされる[0m
[31mrspec ./spec/system/03_finishing_touches_spec.rb:333[0m [36m# [STEP3] 仕上げのテスト グリッドシステムのテスト: container, row, col-md-〇を正しく使えている ユーザ一覧画面[0m
[31mrspec ./spec/system/03_finishing_touches_spec.rb:338[0m [36m# [STEP3] 仕上げのテスト グリッドシステムのテスト: container, row, col-md-〇を正しく使えている ユーザ詳細画面[0m
[31mrspec ./spec/system/03_finishing_touches_spec.rb:343[0m [36m# [STEP3] 仕上げのテスト グリッドシステムのテスト: container, row, col-md-〇を正しく使えている 投稿一覧画面[0m
[31mrspec ./spec/system/03_finishing_touches_spec.rb:348[0m [36m# [STEP3] 仕上げのテスト グリッドシステムのテスト: container, row, col-md-〇を正しく使えている 投稿詳細画面[0m
[31mrspec ./spec/system/03_finishing_touches_spec.rb:363[0m [36m# [STEP3] 仕上げのテスト アイコンのテスト トップ画面 本のアイコンが表示される[0m
[31mrspec ./spec/system/03_finishing_touches_spec.rb:375[0m [36m# [STEP3] 仕上げのテスト アイコンのテスト アバウト画面 本のアイコンが表示される[0m
[31mrspec ./spec/system/03_finishing_touches_spec.rb:387[0m [36m# [STEP3] 仕上げのテスト アイコンのテスト ヘッダー: ログインしていない場合 Homeリンクのアイコンが表示される[0m
[31mrspec ./spec/system/03_finishing_touches_spec.rb:390[0m [36m# [STEP3] 仕上げのテスト アイコンのテスト ヘッダー: ログインしていない場合 Aboutリンクのアイコンが表示される[0m
[31mrspec ./spec/system/03_finishing_touches_spec.rb:393[0m [36m# [STEP3] 仕上げのテスト アイコンのテスト ヘッダー: ログインしていない場合 Sign upリンクのアイコンが表示される[0m
[31mrspec ./spec/system/03_finishing_touches_spec.rb:396[0m [36m# [STEP3] 仕上げのテスト アイコンのテスト ヘッダー: ログインしていない場合 Log inリンクのアイコンが表示される[0m
[31mrspec ./spec/system/03_finishing_touches_spec.rb:411[0m [36m# [STEP3] 仕上げのテスト アイコンのテスト ヘッダー: ログインしている場合 Homeリンクのアイコンが表示される[0m
[31mrspec ./spec/system/03_finishing_touches_spec.rb:414[0m [36m# [STEP3] 仕上げのテスト アイコンのテスト ヘッダー: ログインしている場合 Usersリンクのアイコンが表示される[0m
[31mrspec ./spec/system/03_finishing_touches_spec.rb:417[0m [36m# [STEP3] 仕上げのテスト アイコンのテスト ヘッダー: ログインしている場合 Booksリンクのアイコンが表示される[0m
[31mrspec ./spec/system/03_finishing_touches_spec.rb:420[0m [36m# [STEP3] 仕上げのテスト アイコンのテスト ヘッダー: ログインしている場合 Log outリンクのアイコンが表示される[0m
[31mrspec ./spec/system/03_finishing_touches_spec.rb:435[0m [36m# [STEP3] 仕上げのテスト アイコンのテスト サイドバー ユーザ一覧画面でレンチアイコンが表示される[0m
[31mrspec ./spec/system/03_finishing_touches_spec.rb:439[0m [36m# [STEP3] 仕上げのテスト アイコンのテスト サイドバー ユーザ詳細画面でレンチアイコンが表示される[0m
[31mrspec ./spec/system/03_finishing_touches_spec.rb:443[0m [36m# [STEP3] 仕上げのテスト アイコンのテスト サイドバー 投稿一覧画面でレンチアイコンが表示される[0m
[31mrspec ./spec/system/03_finishing_touches_spec.rb:447[0m [36m# [STEP3] 仕上げのテスト アイコンのテスト サイドバー 投稿詳細画面でレンチアイコンが表示される[0m

